<?xml version="1.0" encoding="UTF-8"?>
<robot generator="Robot 5.0.1 (Python 3.10.0 on win32)" generated="20221012 20:10:59.325" rpa="false" schemaversion="3">
<suite id="s1" name="TC03 Edit Leaving Form" source="D:\pycharm\test\TestCase\TC03_Edit_Leaving_Form.robot">
<test id="s1-t1" name="TC02_Add_Leaving_Form.robot" line="8">
<kw name="Begin Webpage">
<kw name="Open Browser" library="SeleniumLibrary">
<arg>${Login_URL}</arg>
<arg>${Browser}</arg>
<doc>Opens a new browser instance to the optional ``url``.</doc>
<msg timestamp="20221012 20:11:01.993" level="INFO">Opening browser 'chrome' to base url 'http://localhost:13385/MJUDormLeaveForm/'.</msg>
<status status="PASS" starttime="20221012 20:11:01.992" endtime="20221012 20:11:04.368"/>
</kw>
<kw name="Maximize Browser Window" library="SeleniumLibrary">
<doc>Maximizes current browser window.</doc>
<status status="PASS" starttime="20221012 20:11:04.368" endtime="20221012 20:11:04.515"/>
</kw>
<kw name="Set Selenium Speed" library="SeleniumLibrary">
<arg>0.5s</arg>
<doc>Sets the delay that is waited after each Selenium command.</doc>
<status status="PASS" starttime="20221012 20:11:04.515" endtime="20221012 20:11:04.516"/>
</kw>
<status status="PASS" starttime="20221012 20:11:01.991" endtime="20221012 20:11:04.517"/>
</kw>
<kw name="Login Page">
<kw name="Click Element" library="SeleniumLibrary">
<arg>${Cilck_Login}</arg>
<doc>Click the element identified by ``locator``.</doc>
<msg timestamp="20221012 20:11:04.523" level="INFO">Clicking element '//a[contains(text(),'เข้าสู่ระบบ')]'.</msg>
<status status="PASS" starttime="20221012 20:11:04.521" endtime="20221012 20:11:06.409"/>
</kw>
<kw name="Click Element" library="SeleniumLibrary">
<arg>${student}</arg>
<doc>Click the element identified by ``locator``.</doc>
<msg timestamp="20221012 20:11:06.412" level="INFO">Clicking element '//label[contains(text(),'นักศึกษา')]'.</msg>
<status status="PASS" starttime="20221012 20:11:06.410" endtime="20221012 20:11:07.534"/>
</kw>
<kw name="Input Text" library="SeleniumLibrary">
<arg>${student_Username}</arg>
<arg>mju6204106306</arg>
<doc>Types the given ``text`` into the text field identified by ``locator``.</doc>
<msg timestamp="20221012 20:11:07.535" level="INFO">Typing text 'mju6204106306' into text field '//input[@id='TextBoxLoginName']'.</msg>
<status status="PASS" starttime="20221012 20:11:07.534" endtime="20221012 20:11:09.295"/>
</kw>
<kw name="Input Text" library="SeleniumLibrary">
<arg>${student_Password}</arg>
<arg>MJU@11022001</arg>
<doc>Types the given ``text`` into the text field identified by ``locator``.</doc>
<msg timestamp="20221012 20:11:09.298" level="INFO">Typing text 'MJU@11022001' into text field '//input[@id='TextBoxPassword']'.</msg>
<status status="PASS" starttime="20221012 20:11:09.297" endtime="20221012 20:11:10.990"/>
</kw>
<kw name="Click Element" library="SeleniumLibrary">
<arg>${Cilck_Button}</arg>
<doc>Click the element identified by ``locator``.</doc>
<msg timestamp="20221012 20:11:10.991" level="INFO">Clicking element '//a[@id='LinkButtonLogin']'.</msg>
<status status="PASS" starttime="20221012 20:11:10.990" endtime="20221012 20:11:12.097"/>
</kw>
<status status="PASS" starttime="20221012 20:11:04.519" endtime="20221012 20:11:12.098"/>
</kw>
<kw name="Edit Leaving">
<kw name="Click Element" library="SeleniumLibrary">
<arg>${Cilck_Edit}</arg>
<doc>Click the element identified by ``locator``.</doc>
<msg timestamp="20221012 20:11:12.133" level="FAIL">Variable '${Cilck_Edit}' not found. Did you mean:
    ${Cilck_date}</msg>
<status status="FAIL" starttime="20221012 20:11:12.114" endtime="20221012 20:11:12.134"/>
</kw>
<kw name="Click Element" library="SeleniumLibrary">
<arg>${Cilck_date}</arg>
<doc>Click the element identified by ``locator``.</doc>
<status status="NOT RUN" starttime="20221012 20:11:12.136" endtime="20221012 20:11:12.137"/>
</kw>
<kw name="Click Element" library="SeleniumLibrary">
<arg>${Cilck_Adddate}</arg>
<arg>20221013</arg>
<doc>Click the element identified by ``locator``.</doc>
<status status="NOT RUN" starttime="20221012 20:11:12.138" endtime="20221012 20:11:12.139"/>
</kw>
<kw name="Input Text" library="SeleniumLibrary">
<arg>${text_detailleave}</arg>
<arg>3/10/2022</arg>
<doc>Types the given ``text`` into the text field identified by ``locator``.</doc>
<status status="NOT RUN" starttime="20221012 20:11:12.139" endtime="20221012 20:11:12.140"/>
</kw>
<kw name="Click Element" library="SeleniumLibrary">
<arg>${Cilck_Ok}</arg>
<doc>Click the element identified by ``locator``.</doc>
<status status="NOT RUN" starttime="20221012 20:11:12.140" endtime="20221012 20:11:12.140"/>
</kw>
<status status="FAIL" starttime="20221012 20:11:12.111" endtime="20221012 20:11:12.142"/>
</kw>
<kw name="Close Browser" library="SeleniumLibrary">
<doc>Closes the current browser.</doc>
<status status="NOT RUN" starttime="20221012 20:11:12.162" endtime="20221012 20:11:12.163"/>
</kw>
<status status="FAIL" starttime="20221012 20:11:01.988" endtime="20221012 20:11:12.166">Variable '${Cilck_Edit}' not found. Did you mean:
    ${Cilck_date}</status>
</test>
<status status="FAIL" starttime="20221012 20:10:59.331" endtime="20221012 20:11:12.177"/>
</suite>
<statistics>
<total>
<stat pass="0" fail="1" skip="0">All Tests</stat>
</total>
<tag>
</tag>
<suite>
<stat pass="0" fail="1" skip="0" id="s1" name="TC03 Edit Leaving Form">TC03 Edit Leaving Form</stat>
</suite>
</statistics>
<errors>
</errors>
</robot>
