<?xml version="1.0" encoding="UTF-8"?>
<robot generator="Robot 5.0.1 (Python 3.10.0 on win32)" generated="20220930 16:26:42.641" rpa="false" schemaversion="3">
<suite id="s1" name="TC04 Cancel Leaving" source="D:\pycharm\test\TestCase\TC04_Cancel_Leaving.robot">
<test id="s1-t1" name="TC04_Cancel_Leaving" line="9">
<kw name="Cancel Leaving">
<kw name="Open Browser" library="SeleniumLibrary">
<arg>${Login_URL}</arg>
<arg>${Browser}</arg>
<doc>Opens a new browser instance to the optional ``url``.</doc>
<msg timestamp="20220930 16:26:43.865" level="INFO">Opening browser 'chrome' to base url 'http://localhost:13385/MJUDormLeaveForm/'.</msg>
<status status="PASS" starttime="20220930 16:26:43.864" endtime="20220930 16:26:45.643"/>
</kw>
<kw name="Maximize Browser Window" library="SeleniumLibrary">
<doc>Maximizes current browser window.</doc>
<status status="PASS" starttime="20220930 16:26:45.643" endtime="20220930 16:26:45.766"/>
</kw>
<kw name="Set Selenium Speed" library="SeleniumLibrary">
<arg>0.5s</arg>
<doc>Sets the delay that is waited after each Selenium command.</doc>
<status status="PASS" starttime="20220930 16:26:45.767" endtime="20220930 16:26:45.767"/>
</kw>
<kw name="Click Element" library="SeleniumLibrary">
<arg>${Cilck_Login}</arg>
<doc>Click the element identified by ``locator``.</doc>
<msg timestamp="20220930 16:26:45.768" level="INFO">Clicking element '//a[contains(text(),'เข้าสู่ระบบ')]'.</msg>
<status status="PASS" starttime="20220930 16:26:45.767" endtime="20220930 16:26:47.451"/>
</kw>
<kw name="Click Element" library="SeleniumLibrary">
<arg>${student}</arg>
<doc>Click the element identified by ``locator``.</doc>
<msg timestamp="20220930 16:26:47.451" level="INFO">Clicking element '//label[contains(text(),'นักศึกษา')]'.</msg>
<status status="PASS" starttime="20220930 16:26:47.451" endtime="20220930 16:26:48.515"/>
</kw>
<kw name="Input Text" library="SeleniumLibrary">
<arg>${student_Username}</arg>
<arg>mju6204106306</arg>
<doc>Types the given ``text`` into the text field identified by ``locator``.</doc>
<msg timestamp="20220930 16:26:48.516" level="INFO">Typing text 'mju6204106306' into text field '//input[@id='TextBoxLoginName']'.</msg>
<status status="PASS" starttime="20220930 16:26:48.515" endtime="20220930 16:26:50.241"/>
</kw>
<kw name="Input Password" library="SeleniumLibrary">
<arg>${student_Password}</arg>
<arg>MJU@11022001</arg>
<doc>Types the given password into the text field identified by ``locator``.</doc>
<msg timestamp="20220930 16:26:50.241" level="INFO">Typing password into text field '//input[@id='TextBoxPassword']'.</msg>
<msg timestamp="20220930 16:26:51.296" level="INFO">Temporally setting log level to: NONE</msg>
<msg timestamp="20220930 16:26:51.849" level="INFO">Log level changed from NONE to INFO.</msg>
<status status="PASS" starttime="20220930 16:26:50.241" endtime="20220930 16:26:51.849"/>
</kw>
<kw name="Click Element" library="SeleniumLibrary">
<arg>${Cilck_Button}</arg>
<doc>Click the element identified by ``locator``.</doc>
<msg timestamp="20220930 16:26:51.850" level="INFO">Clicking element '//a[@id='LinkButtonLogin']'.</msg>
<status status="PASS" starttime="20220930 16:26:51.849" endtime="20220930 16:26:52.922"/>
</kw>
<kw name="Set Selenium Speed" library="SeleniumLibrary">
<arg>0.3s</arg>
<doc>Sets the delay that is waited after each Selenium command.</doc>
<status status="PASS" starttime="20220930 16:26:52.922" endtime="20220930 16:26:52.923"/>
</kw>
<kw name="Click Element" library="SeleniumLibrary">
<arg>${Cilck_cancelLeave}</arg>
<doc>Click the element identified by ``locator``.</doc>
<msg timestamp="20220930 16:26:52.923" level="INFO">Clicking element '//*[@id="content"]/div/div[4]/div[1]/div/div[1]/div[3]/div/a[2]'.</msg>
<status status="PASS" starttime="20220930 16:26:52.923" endtime="20220930 16:26:54.245"/>
</kw>
<kw name="Click Element" library="SeleniumLibrary">
<arg>${Cilck_No}</arg>
<doc>Click the element identified by ``locator``.</doc>
<msg timestamp="20220930 16:26:54.246" level="INFO">Clicking element '//body/div[2]/div[1]/div[6]/button[1]'.</msg>
<status status="PASS" starttime="20220930 16:26:54.245" endtime="20220930 16:26:55.040"/>
</kw>
<status status="PASS" starttime="20220930 16:26:43.864" endtime="20220930 16:26:55.040"/>
</kw>
<kw name="Start Video Recording" library="ScreenCapLibrary">
<arg>alias=None</arg>
<arg>name=TC04_Cancel_File</arg>
<arg>fps=None</arg>
<arg>size_percentage=1</arg>
<arg>embed=True</arg>
<arg>embed_width=100px</arg>
<arg>monitor=1</arg>
<doc>Starts the recording of a video in the background with the specified ``name``.
The recording can be stopped by calling the `Stop Video Recording` keyword.</doc>
<msg timestamp="20220930 16:26:57.219" level="INFO">Automatically setting a fps of 7.5</msg>
<status status="PASS" starttime="20220930 16:26:55.040" endtime="20220930 16:26:57.223"/>
</kw>
<kw name="Open Excel Document" library="ExcelLibrary">
<arg>TestData//TC04_Cancel_Leaving_Form.xlsx</arg>
<arg>doc_id=TestData</arg>
<doc>Opens xlsx document file.</doc>
<status status="PASS" starttime="20220930 16:26:57.224" endtime="20220930 16:26:57.244"/>
</kw>
<kw name="Get Sheet" library="ExcelLibrary">
<var>${eclin}</var>
<arg>TestData</arg>
<doc>Returns a page from the current document.</doc>
<msg timestamp="20220930 16:26:57.245" level="INFO">${eclin} = &lt;Worksheet "TestData"&gt;</msg>
<status status="PASS" starttime="20220930 16:26:57.244" endtime="20220930 16:26:57.245"/>
</kw>
<for flavor="IN RANGE">
<var>${i}</var>
<value>2</value>
<value>${eclin.max_row+1}</value>
<iter>
<var name="${i}">2</var>
<kw name="Set Variable If" library="BuiltIn">
<var>${tcid}</var>
<arg>'${eclin.cell(${i},1).value}'=='None'</arg>
<arg>${Empty}</arg>
<arg>${eclin.cell(${i},1).value}</arg>
<doc>Sets variable based on the given condition.</doc>
<msg timestamp="20220930 16:26:57.248" level="INFO">${tcid} = TD001</msg>
<status status="PASS" starttime="20220930 16:26:57.246" endtime="20220930 16:26:57.248"/>
</kw>
<kw name="Set Suite Variable" library="BuiltIn">
<arg>${testcaseData}</arg>
<arg>${tcid}</arg>
<doc>Makes a variable available everywhere within the scope of the current suite.</doc>
<msg timestamp="20220930 16:26:57.250" level="INFO">${testcaseData} = TD001</msg>
<status status="PASS" starttime="20220930 16:26:57.248" endtime="20220930 16:26:57.250"/>
</kw>
<kw name="Remove News Page">
<msg timestamp="20220930 16:26:57.254" level="FAIL">No keyword with name 'Remove News Page' found.</msg>
<status status="FAIL" starttime="20220930 16:26:57.254" endtime="20220930 16:26:57.254"/>
</kw>
<kw name="Run Keyword If" library="BuiltIn">
<var>${Status_1}</var>
<var>${message_1}</var>
<arg>${i}&lt;=${eclin.max_row}</arg>
<arg>Check Error page</arg>
<arg>${eclin.cell(${i},3).value}</arg>
<doc>Runs the given keyword with the given arguments, if ``condition`` is true.</doc>
<status status="NOT RUN" starttime="20220930 16:26:57.255" endtime="20220930 16:26:57.255"/>
</kw>
<kw name="Set Variable If" library="BuiltIn">
<var>${Status_Actual}</var>
<arg>${i}&lt;=${eclin.max_row}</arg>
<arg>${Status_1}</arg>
<doc>Sets variable based on the given condition.</doc>
<status status="NOT RUN" starttime="20220930 16:26:57.255" endtime="20220930 16:26:57.255"/>
</kw>
<kw name="Set Variable If" library="BuiltIn">
<var>${Status}</var>
<arg>'${Status_Actual}' == 'True'</arg>
<arg>PASS</arg>
<arg>FAIL</arg>
<doc>Sets variable based on the given condition.</doc>
<status status="NOT RUN" starttime="20220930 16:26:57.256" endtime="20220930 16:26:57.256"/>
</kw>
<kw name="Run Keyword If" library="BuiltIn">
<arg>'${Status}' == 'FAIL'</arg>
<arg>Capture Page Screenshot</arg>
<arg>${EXECDIR}/Result/TC04_Cancel_File/Screenshot/${testcaseData}.png</arg>
<doc>Runs the given keyword with the given arguments, if ``condition`` is true.</doc>
<status status="NOT RUN" starttime="20220930 16:26:57.256" endtime="20220930 16:26:57.256"/>
</kw>
<kw name="Set Variable If" library="BuiltIn">
<var>${get_message}</var>
<arg>${i}&lt;=${eclin.max_row}</arg>
<arg>${message_1}</arg>
<doc>Sets variable based on the given condition.</doc>
<status status="NOT RUN" starttime="20220930 16:26:57.256" endtime="20220930 16:26:57.256"/>
</kw>
<kw name="Set Variable If" library="BuiltIn">
<var>${message}</var>
<arg>'${message_1}' == '${text_not_alert}'</arg>
<arg>-</arg>
<arg>${message_1}</arg>
<doc>Sets variable based on the given condition.</doc>
<status status="NOT RUN" starttime="20220930 16:26:57.256" endtime="20220930 16:26:57.256"/>
</kw>
<kw name="Set Variable If" library="BuiltIn">
<var>${Error}</var>
<arg>'${get_message}' == '${text_not_alert}'</arg>
<arg>Not Found Alert</arg>
<arg>No Error</arg>
<doc>Sets variable based on the given condition.</doc>
<status status="NOT RUN" starttime="20220930 16:26:57.257" endtime="20220930 16:26:57.257"/>
</kw>
<kw name="Set Variable If" library="BuiltIn">
<var>${Suggestion}</var>
<arg>'${Error}' == 'Not Found Alert'</arg>
<arg>ควรมีการแจ้งเตือนให้ผู้ใช้งาน "${eclin.cell(${i},3).value}"</arg>
<arg>-</arg>
<doc>Sets variable based on the given condition.</doc>
<status status="NOT RUN" starttime="20220930 16:26:57.257" endtime="20220930 16:26:57.257"/>
</kw>
<kw name="Write Excel Cell" library="ExcelLibrary">
<arg>${i}</arg>
<arg>4</arg>
<arg>value=${message}</arg>
<arg>sheet_name=TestData</arg>
<doc>Writes value to the cell.</doc>
<status status="NOT RUN" starttime="20220930 16:26:57.257" endtime="20220930 16:26:57.257"/>
</kw>
<kw name="Write Excel Cell" library="ExcelLibrary">
<arg>${i}</arg>
<arg>5</arg>
<arg>value=${Status}</arg>
<arg>sheet_name=TestData</arg>
<doc>Writes value to the cell.</doc>
<status status="NOT RUN" starttime="20220930 16:26:57.258" endtime="20220930 16:26:57.258"/>
</kw>
<kw name="Write Excel Cell" library="ExcelLibrary">
<arg>${i}</arg>
<arg>6</arg>
<arg>value=${Error}</arg>
<arg>sheet_name=TestData</arg>
<doc>Writes value to the cell.</doc>
<status status="NOT RUN" starttime="20220930 16:26:57.258" endtime="20220930 16:26:57.258"/>
</kw>
<kw name="Write Excel Cell" library="ExcelLibrary">
<arg>${i}</arg>
<arg>7</arg>
<arg>value=${Suggestion}</arg>
<arg>sheet_name=TestData</arg>
<doc>Writes value to the cell.</doc>
<status status="NOT RUN" starttime="20220930 16:26:57.258" endtime="20220930 16:26:57.258"/>
</kw>
<status status="FAIL" starttime="20220930 16:26:57.246" endtime="20220930 16:26:57.258"/>
</iter>
<status status="FAIL" starttime="20220930 16:26:57.245" endtime="20220930 16:26:57.258"/>
</for>
<kw name="Save Excel Document" library="ExcelLibrary">
<arg>Result/WriteExcel/TC04_Cancel_File_result.xlsx</arg>
<doc>Saves the current document to disk.</doc>
<status status="NOT RUN" starttime="20220930 16:26:57.259" endtime="20220930 16:26:57.259"/>
</kw>
<kw name="Close All Excel Documents" library="ExcelLibrary">
<doc>Closes all opened documents.</doc>
<status status="NOT RUN" starttime="20220930 16:26:57.259" endtime="20220930 16:26:57.259"/>
</kw>
<kw name="CloseWebBrowser">
<status status="NOT RUN" starttime="20220930 16:26:57.264" endtime="20220930 16:26:57.264"/>
</kw>
<kw name="Stop Video Recording" library="ScreenCapLibrary">
<arg>alias=None</arg>
<doc>Stops the video recording corresponding to the given ``alias`` and generates the file in WebM format. If no
``alias`` is specified, the last opened recording will be closed. If there are more recordings with the same
alias all of them will be closed. If ``embed`` argument was set to
``True`` the video will be displayed in the log file.
Furthermore, if the ``save_to_disk`` parameter is set to ``False``, the video will be embedded and available in
the log file only.</doc>
<status status="NOT RUN" starttime="20220930 16:26:57.264" endtime="20220930 16:26:57.265"/>
</kw>
<status status="FAIL" starttime="20220930 16:26:43.863" endtime="20220930 16:26:57.265">No keyword with name 'Remove News Page' found.</status>
</test>
<status status="FAIL" starttime="20220930 16:26:42.654" endtime="20220930 16:26:57.268"/>
</suite>
<statistics>
<total>
<stat pass="0" fail="1" skip="0">All Tests</stat>
</total>
<tag>
</tag>
<suite>
<stat pass="0" fail="1" skip="0" id="s1" name="TC04 Cancel Leaving">TC04 Cancel Leaving</stat>
</suite>
</statistics>
<errors>
</errors>
</robot>
