<?xml version="1.0" encoding="UTF-8"?>
<robot generator="Robot 5.0.1 (Python 3.10.0 on win32)" generated="20220926 18:42:39.453" rpa="false" schemaversion="3">
<suite id="s1" name="TC01 Student Login" source="D:\pycharm\test\TestCase\TC01_Student_Login.robot">
<test id="s1-t1" name="TC01_Student_Login" line="8">
<kw name="Begin Webpage">
<kw name="Open Browser" library="SeleniumLibrary">
<arg>${Search_URL}</arg>
<arg>${Browser}</arg>
<doc>Opens a new browser instance to the optional ``url``.</doc>
<msg timestamp="20220926 18:42:40.430" level="INFO">Opening browser 'chrome' to base url 'http://localhost:13385/MJUDormLeaveForm/'.</msg>
<status status="PASS" starttime="20220926 18:42:40.430" endtime="20220926 18:42:43.016"/>
</kw>
<kw name="Maximize Browser Window" library="SeleniumLibrary">
<doc>Maximizes current browser window.</doc>
<status status="PASS" starttime="20220926 18:42:43.017" endtime="20220926 18:42:43.145"/>
</kw>
<kw name="Set Selenium Speed" library="SeleniumLibrary">
<arg>0.5s</arg>
<doc>Sets the delay that is waited after each Selenium command.</doc>
<status status="PASS" starttime="20220926 18:42:43.146" endtime="20220926 18:42:43.147"/>
</kw>
<status status="PASS" starttime="20220926 18:42:40.429" endtime="20220926 18:42:43.147"/>
</kw>
<kw name="Start Video Recording" library="ScreenCapLibrary">
<arg>alias=None</arg>
<arg>name=TC01 Student Login</arg>
<arg>fps=None</arg>
<arg>size_percentage=1</arg>
<arg>embed=True</arg>
<arg>embed_width=100px</arg>
<arg>monitor=1</arg>
<doc>Starts the recording of a video in the background with the specified ``name``.
The recording can be stopped by calling the `Stop Video Recording` keyword.</doc>
<msg timestamp="20220926 18:42:45.375" level="INFO">Automatically setting a fps of 6.5</msg>
<status status="PASS" starttime="20220926 18:42:43.149" endtime="20220926 18:42:45.377"/>
</kw>
<kw name="Open Excel Document" library="ExcelLibrary">
<arg>TestData//TC01-Student Login1.xlsx</arg>
<arg>doc_id=Sheet1</arg>
<doc>Opens xlsx document file.</doc>
<status status="PASS" starttime="20220926 18:42:45.379" endtime="20220926 18:42:45.404"/>
</kw>
<kw name="Get Sheet" library="ExcelLibrary">
<var>${excel}</var>
<arg>Sheet1</arg>
<doc>Returns a page from the current document.</doc>
<msg timestamp="20220926 18:42:45.405" level="INFO">${excel} = &lt;Worksheet "Sheet1"&gt;</msg>
<status status="PASS" starttime="20220926 18:42:45.405" endtime="20220926 18:42:45.406"/>
</kw>
<for flavor="IN RANGE">
<var>${i}</var>
<value>2</value>
<value>${excel.max_row+1}</value>
<iter>
<var name="${i}">2</var>
<kw name="Set Variable If" library="BuiltIn">
<var>${tcid}</var>
<arg>'${excel.cell(${i},1).value}'=='None'</arg>
<arg>${Empty}</arg>
<arg>${excel.cell(${i},1).value}</arg>
<doc>Sets variable based on the given condition.</doc>
<msg timestamp="20220926 18:42:45.410" level="INFO">${tcid} = TD001</msg>
<status status="PASS" starttime="20220926 18:42:45.408" endtime="20220926 18:42:45.410"/>
</kw>
<kw name="Set Suite Variable" library="BuiltIn">
<arg>${testcaseData}</arg>
<arg>${tcid}</arg>
<doc>Makes a variable available everywhere within the scope of the current suite.</doc>
<msg timestamp="20220926 18:42:45.412" level="INFO">${testcaseData} = TD001</msg>
<status status="PASS" starttime="20220926 18:42:45.410" endtime="20220926 18:42:45.412"/>
</kw>
<kw name="Set Variable If" library="BuiltIn">
<var>${user}</var>
<arg>'${excel.cell(${i},2).value}'=='None'</arg>
<arg>${Empty}</arg>
<arg>${excel.cell(${i},2).value}</arg>
<doc>Sets variable based on the given condition.</doc>
<msg timestamp="20220926 18:42:45.414" level="INFO">${user} = mju6204106306</msg>
<status status="PASS" starttime="20220926 18:42:45.412" endtime="20220926 18:42:45.414"/>
</kw>
<kw name="Set Variable If" library="BuiltIn">
<var>${pass}</var>
<arg>'${excel.cell(${i},3).value}'=='None'</arg>
<arg>${Empty}</arg>
<arg>${excel.cell(${i},3).value}</arg>
<doc>Sets variable based on the given condition.</doc>
<msg timestamp="20220926 18:42:45.418" level="INFO">${pass} = MJU@11022001</msg>
<status status="PASS" starttime="20220926 18:42:45.415" endtime="20220926 18:42:45.418"/>
</kw>
<if>
<branch type="IF" condition="${i} &gt;= 3">
<kw name="Go To" library="SeleniumLibrary">
<arg>${Search_URL}</arg>
<doc>Navigates the current browser window to the provided ``url``.</doc>
<status status="NOT RUN" starttime="20220926 18:42:45.419" endtime="20220926 18:42:45.419"/>
</kw>
<status status="NOT RUN" starttime="20220926 18:42:45.418" endtime="20220926 18:42:45.419"/>
</branch>
<status status="PASS" starttime="20220926 18:42:45.418" endtime="20220926 18:42:45.419"/>
</if>
<kw name="Loging Page">
<arg>${user}</arg>
<arg>${pass}</arg>
<kw name="Click Element" library="SeleniumLibrary">
<arg>${Cilck_Login}</arg>
<doc>Click the element identified by ``locator``.</doc>
<msg timestamp="20220926 18:42:45.421" level="INFO">Clicking element '//a[contains(text(),'เข้าสู่ระบบ')]'.</msg>
<status status="PASS" starttime="20220926 18:42:45.420" endtime="20220926 18:42:47.271"/>
</kw>
<kw name="Click Element" library="SeleniumLibrary">
<arg>${student}</arg>
<doc>Click the element identified by ``locator``.</doc>
<msg timestamp="20220926 18:42:47.272" level="INFO">Clicking element '//label[contains(text(),'นักศึกษา')]'.</msg>
<status status="PASS" starttime="20220926 18:42:47.271" endtime="20220926 18:42:48.326"/>
</kw>
<kw name="Input Text" library="SeleniumLibrary">
<arg>${student_Username}</arg>
<arg>${username}</arg>
<doc>Types the given ``text`` into the text field identified by ``locator``.</doc>
<msg timestamp="20220926 18:42:48.327" level="INFO">Typing text 'mju6204106306' into text field '//input[@id='TextBoxLoginName']'.</msg>
<status status="PASS" starttime="20220926 18:42:48.326" endtime="20220926 18:42:49.973"/>
</kw>
<kw name="Input Text" library="SeleniumLibrary">
<arg>${student_Password}</arg>
<arg>${password}</arg>
<doc>Types the given ``text`` into the text field identified by ``locator``.</doc>
<msg timestamp="20220926 18:42:49.974" level="INFO">Typing text 'MJU@11022001' into text field '//input[@id='TextBoxPassword']'.</msg>
<status status="PASS" starttime="20220926 18:42:49.973" endtime="20220926 18:42:51.589"/>
</kw>
<kw name="Click Element" library="SeleniumLibrary">
<arg>${Cilck_Button}</arg>
<doc>Click the element identified by ``locator``.</doc>
<msg timestamp="20220926 18:42:51.590" level="INFO">Clicking element '//a[@id='LinkButtonLogin']'.</msg>
<status status="PASS" starttime="20220926 18:42:51.589" endtime="20220926 18:42:52.660"/>
</kw>
<status status="PASS" starttime="20220926 18:42:45.419" endtime="20220926 18:42:52.660"/>
</kw>
<kw name="Run Keyword If" library="BuiltIn">
<var>${Status_1}</var>
<var>${message_1}</var>
<arg>${i}&lt;=${excel.max_row}</arg>
<arg>Check Error page</arg>
<arg>${excel.cell(${i},4).value}</arg>
<doc>Runs the given keyword with the given arguments, if ``condition`` is true.</doc>
<kw name="Check Error page">
<arg>${excel.cell(${i},4).value}</arg>
<kw name="Log To Console" library="BuiltIn">
<arg>${testcaseData}</arg>
<doc>Logs the given message to the console.</doc>
<status status="PASS" starttime="20220926 18:42:52.664" endtime="20220926 18:42:52.665"/>
</kw>
<if>
<branch type="IF" condition="&quot;${testcaseData}&quot; == &quot;TD001&quot;">
<kw name="Check Page Login">
<var>${message1}</var>
<arg>${Home_page}</arg>
<kw name="Run Keyword And Return Status" library="BuiltIn">
<var>${Status}</var>
<arg>Wait Until Element Is Visible</arg>
<arg>${locator}</arg>
<arg>30s</arg>
<doc>Runs the given keyword with given arguments and returns the status as a Boolean value.</doc>
<kw name="Wait Until Element Is Visible" library="SeleniumLibrary">
<arg>${locator}</arg>
<arg>30s</arg>
<doc>Waits until the element ``locator`` is visible.</doc>
<status status="PASS" starttime="20220926 18:42:52.666" endtime="20220926 18:42:53.947"/>
</kw>
<msg timestamp="20220926 18:42:53.947" level="INFO">${Status} = True</msg>
<status status="PASS" starttime="20220926 18:42:52.666" endtime="20220926 18:42:53.947"/>
</kw>
<kw name="Set Variable If" library="BuiltIn">
<var>${Result}</var>
<arg>'${Status}'=='True'</arg>
<arg>เข้าสู่ระบบเรียบร้อยแล้ว</arg>
<arg>เข้าสู่ระบบไม่สำเร็จ</arg>
<doc>Sets variable based on the given condition.</doc>
<msg timestamp="20220926 18:42:53.957" level="INFO">${Result} = เข้าสู่ระบบเรียบร้อยแล้ว</msg>
<status status="PASS" starttime="20220926 18:42:53.956" endtime="20220926 18:42:53.957"/>
</kw>
<msg timestamp="20220926 18:42:53.958" level="INFO">${message1} = เข้าสู่ระบบเรียบร้อยแล้ว</msg>
<status status="PASS" starttime="20220926 18:42:52.666" endtime="20220926 18:42:53.958"/>
</kw>
<kw name="Convert To String" library="BuiltIn">
<var>${message}</var>
<arg>${message1}</arg>
<doc>Converts the given item to a Unicode string.</doc>
<msg timestamp="20220926 18:42:53.958" level="INFO">${message} = เข้าสู่ระบบเรียบร้อยแล้ว</msg>
<status status="PASS" starttime="20220926 18:42:53.958" endtime="20220926 18:42:53.958"/>
</kw>
<status status="PASS" starttime="20220926 18:42:52.665" endtime="20220926 18:42:53.958"/>
</branch>
<branch type="ELSE IF" condition="&quot; ${testcaseData}&quot; == &quot;TD014&quot;">
<kw name="Check Page Login">
<var>${message1}</var>
<arg>${Home_page}</arg>
<status status="NOT RUN" starttime="20220926 18:42:53.958" endtime="20220926 18:42:53.958"/>
</kw>
<kw name="Convert To String" library="BuiltIn">
<var>${message}</var>
<arg>${message1}</arg>
<doc>Converts the given item to a Unicode string.</doc>
<status status="NOT RUN" starttime="20220926 18:42:53.959" endtime="20220926 18:42:53.959"/>
</kw>
<status status="NOT RUN" starttime="20220926 18:42:53.958" endtime="20220926 18:42:53.959"/>
</branch>
<branch type="ELSE IF" condition="&quot; ${testcaseData}&quot; == &quot;TD015&quot;">
<kw name="Check Page Login">
<var>${message1}</var>
<arg>${Home_page}</arg>
<status status="NOT RUN" starttime="20220926 18:42:53.959" endtime="20220926 18:42:53.959"/>
</kw>
<kw name="Convert To String" library="BuiltIn">
<var>${message}</var>
<arg>${message1}</arg>
<doc>Converts the given item to a Unicode string.</doc>
<status status="NOT RUN" starttime="20220926 18:42:53.959" endtime="20220926 18:42:53.959"/>
</kw>
<status status="NOT RUN" starttime="20220926 18:42:53.959" endtime="20220926 18:42:53.959"/>
</branch>
<branch type="ELSE IF" condition="&quot; ${testcaseData}&quot; == &quot;TD016&quot;">
<kw name="Check Page Login">
<var>${message1}</var>
<arg>${Home_page}</arg>
<status status="NOT RUN" starttime="20220926 18:42:53.959" endtime="20220926 18:42:53.959"/>
</kw>
<kw name="Convert To String" library="BuiltIn">
<var>${message}</var>
<arg>${message1}</arg>
<doc>Converts the given item to a Unicode string.</doc>
<status status="NOT RUN" starttime="20220926 18:42:53.959" endtime="20220926 18:42:53.959"/>
</kw>
<status status="NOT RUN" starttime="20220926 18:42:53.959" endtime="20220926 18:42:53.960"/>
</branch>
<branch type="ELSE IF" condition="&quot; ${testcaseData}&quot; == &quot;TD017&quot;">
<kw name="Check Page Login">
<var>${message1}</var>
<arg>${Home_page}</arg>
<status status="NOT RUN" starttime="20220926 18:42:53.960" endtime="20220926 18:42:53.960"/>
</kw>
<kw name="Convert To String" library="BuiltIn">
<var>${message}</var>
<arg>${message1}</arg>
<doc>Converts the given item to a Unicode string.</doc>
<status status="NOT RUN" starttime="20220926 18:42:53.960" endtime="20220926 18:42:53.960"/>
</kw>
<status status="NOT RUN" starttime="20220926 18:42:53.960" endtime="20220926 18:42:53.960"/>
</branch>
<branch type="ELSE">
<kw name="Run Keyword And Return Status" library="BuiltIn">
<var>${checkVisible}</var>
<arg>Page Should Contain Element</arg>
<arg>${text_alert}</arg>
<doc>Runs the given keyword with given arguments and returns the status as a Boolean value.</doc>
<status status="NOT RUN" starttime="20220926 18:42:53.960" endtime="20220926 18:42:53.960"/>
</kw>
<if>
<branch type="IF" condition="'${checkVisible}' == 'True'">
<kw name="Get Text" library="SeleniumLibrary">
<var>${message}</var>
<arg>${text_alert}</arg>
<doc>Returns the text value of the element identified by ``locator``.</doc>
<status status="NOT RUN" starttime="20220926 18:42:53.960" endtime="20220926 18:42:53.960"/>
</kw>
<status status="NOT RUN" starttime="20220926 18:42:53.960" endtime="20220926 18:42:53.960"/>
</branch>
<status status="NOT RUN" starttime="20220926 18:42:53.960" endtime="20220926 18:42:53.961"/>
</if>
<status status="NOT RUN" starttime="20220926 18:42:53.960" endtime="20220926 18:42:53.961"/>
</branch>
<status status="PASS" starttime="20220926 18:42:52.665" endtime="20220926 18:42:53.961"/>
</if>
<if>
<branch type="IF" condition="'${Actual_Result.strip()}' == '${message.strip()}'">
<kw name="Set Suite Variable" library="BuiltIn">
<arg>${Status}</arg>
<arg>True</arg>
<doc>Makes a variable available everywhere within the scope of the current suite.</doc>
<status status="NOT RUN" starttime="20220926 18:42:53.962" endtime="20220926 18:42:53.962"/>
</kw>
<status status="NOT RUN" starttime="20220926 18:42:53.962" endtime="20220926 18:42:53.962"/>
</branch>
<branch type="ELSE">
<kw name="Set Suite Variable" library="BuiltIn">
<arg>${Status}</arg>
<arg>False</arg>
<doc>Makes a variable available everywhere within the scope of the current suite.</doc>
<msg timestamp="20220926 18:42:53.964" level="INFO">${Status} = False</msg>
<status status="PASS" starttime="20220926 18:42:53.963" endtime="20220926 18:42:53.964"/>
</kw>
<status status="PASS" starttime="20220926 18:42:53.962" endtime="20220926 18:42:53.964"/>
</branch>
<status status="PASS" starttime="20220926 18:42:53.961" endtime="20220926 18:42:53.964"/>
</if>
<kw name="Log To Console" library="BuiltIn">
<arg>${Status}</arg>
<doc>Logs the given message to the console.</doc>
<status status="PASS" starttime="20220926 18:42:53.965" endtime="20220926 18:42:53.965"/>
</kw>
<status status="PASS" starttime="20220926 18:42:52.663" endtime="20220926 18:42:53.966"/>
</kw>
<msg timestamp="20220926 18:42:53.966" level="INFO">${Status_1} = False</msg>
<msg timestamp="20220926 18:42:53.966" level="INFO">${message_1} = เข้าสู่ระบบเรียบร้อยแล้ว</msg>
<status status="PASS" starttime="20220926 18:42:52.661" endtime="20220926 18:42:53.966"/>
</kw>
<kw name="Set Variable If" library="BuiltIn">
<var>${Status_Actual}</var>
<arg>${i}&lt;=${excel.max_row}</arg>
<arg>${Status_1}</arg>
<doc>Sets variable based on the given condition.</doc>
<msg timestamp="20220926 18:42:53.968" level="INFO">${Status_Actual} = False</msg>
<status status="PASS" starttime="20220926 18:42:53.966" endtime="20220926 18:42:53.968"/>
</kw>
<kw name="Set Variable If" library="BuiltIn">
<var>${Status}</var>
<arg>'${Status_Actual}' == 'True'</arg>
<arg>PASS</arg>
<arg>FAIL</arg>
<doc>Sets variable based on the given condition.</doc>
<msg timestamp="20220926 18:42:53.969" level="INFO">${Status} = FAIL</msg>
<status status="PASS" starttime="20220926 18:42:53.968" endtime="20220926 18:42:53.969"/>
</kw>
<kw name="Run Keyword If" library="BuiltIn">
<arg>'${Status}' == 'FAIL'</arg>
<arg>Capture Page Screenshot</arg>
<arg>${EXECDIR}/Results/TC01_Student_Login/Screenshot/${testcaseData}.png</arg>
<doc>Runs the given keyword with the given arguments, if ``condition`` is true.</doc>
<kw name="Capture Page Screenshot" library="SeleniumLibrary">
<arg>${EXECDIR}/Results/TC01_Student_Login/Screenshot/${testcaseData}.png</arg>
<doc>Takes a screenshot of the current page and embeds it into a log file.</doc>
<msg timestamp="20220926 18:42:54.648" level="INFO" html="true">&lt;/td&gt;&lt;/tr&gt;&lt;tr&gt;&lt;td colspan="3"&gt;&lt;a href="../TC01_Student_Login/Screenshot/TD001.png"&gt;&lt;img src="../TC01_Student_Login/Screenshot/TD001.png" width="800px"&gt;&lt;/a&gt;</msg>
<status status="PASS" starttime="20220926 18:42:53.969" endtime="20220926 18:42:54.649"/>
</kw>
<status status="PASS" starttime="20220926 18:42:53.969" endtime="20220926 18:42:54.649"/>
</kw>
<kw name="Set Variable If" library="BuiltIn">
<var>${get_message}</var>
<arg>${i}&lt;=${excel.max_row}</arg>
<arg>${message_1}</arg>
<doc>Sets variable based on the given condition.</doc>
<msg timestamp="20220926 18:42:54.650" level="INFO">${get_message} = เข้าสู่ระบบเรียบร้อยแล้ว</msg>
<status status="PASS" starttime="20220926 18:42:54.649" endtime="20220926 18:42:54.651"/>
</kw>
<kw name="Set Variable If" library="BuiltIn">
<var>${Error}</var>
<arg>'${Status}' == 'FAIL'</arg>
<arg>Error</arg>
<arg>No Error</arg>
<doc>Sets variable based on the given condition.</doc>
<msg timestamp="20220926 18:42:54.651" level="INFO">${Error} = Error</msg>
<status status="PASS" starttime="20220926 18:42:54.651" endtime="20220926 18:42:54.651"/>
</kw>
<kw name="Set Variable If" library="BuiltIn">
<var>${Suggestion}</var>
<arg>'${Status}' == 'FAIL'</arg>
<arg>ควรมีการแจ้งเตือนให้ผู้ใช้งาน "${excel.cell(${i},4).value}"</arg>
<arg>-</arg>
<doc>Sets variable based on the given condition.</doc>
<msg timestamp="20220926 18:42:54.652" level="INFO">${Suggestion} = ควรมีการแจ้งเตือนให้ผู้ใช้งาน "ลงทะเบียนสำเร็จ"</msg>
<status status="PASS" starttime="20220926 18:42:54.651" endtime="20220926 18:42:54.652"/>
</kw>
<kw name="Write Excel Cell" library="ExcelLibrary">
<arg>${i}</arg>
<arg>5</arg>
<arg>value=${get_message}</arg>
<arg>sheet_name=Sheet1</arg>
<doc>Writes value to the cell.</doc>
<status status="PASS" starttime="20220926 18:42:54.652" endtime="20220926 18:42:54.653"/>
</kw>
<kw name="Write Excel Cell" library="ExcelLibrary">
<arg>${i}</arg>
<arg>6</arg>
<arg>value=${Status}</arg>
<arg>sheet_name=Sheet1</arg>
<doc>Writes value to the cell.</doc>
<status status="PASS" starttime="20220926 18:42:54.653" endtime="20220926 18:42:54.654"/>
</kw>
<kw name="Write Excel Cell" library="ExcelLibrary">
<arg>${i}</arg>
<arg>7</arg>
<arg>value=${Error}</arg>
<arg>sheet_name=Sheet1</arg>
<doc>Writes value to the cell.</doc>
<status status="PASS" starttime="20220926 18:42:54.654" endtime="20220926 18:42:54.654"/>
</kw>
<kw name="Write Excel Cell" library="ExcelLibrary">
<arg>${i}</arg>
<arg>8</arg>
<arg>value=${Suggestion}</arg>
<arg>sheet_name=Sheet1</arg>
<doc>Writes value to the cell.</doc>
<status status="PASS" starttime="20220926 18:42:54.655" endtime="20220926 18:42:54.655"/>
</kw>
<status status="PASS" starttime="20220926 18:42:45.407" endtime="20220926 18:42:54.655"/>
</iter>
<iter>
<var name="${i}">3</var>
<kw name="Set Variable If" library="BuiltIn">
<var>${tcid}</var>
<arg>'${excel.cell(${i},1).value}'=='None'</arg>
<arg>${Empty}</arg>
<arg>${excel.cell(${i},1).value}</arg>
<doc>Sets variable based on the given condition.</doc>
<msg timestamp="20220926 18:42:54.658" level="INFO">${tcid} = TD002</msg>
<status status="PASS" starttime="20220926 18:42:54.656" endtime="20220926 18:42:54.658"/>
</kw>
<kw name="Set Suite Variable" library="BuiltIn">
<arg>${testcaseData}</arg>
<arg>${tcid}</arg>
<doc>Makes a variable available everywhere within the scope of the current suite.</doc>
<msg timestamp="20220926 18:42:54.658" level="INFO">${testcaseData} = TD002</msg>
<status status="PASS" starttime="20220926 18:42:54.658" endtime="20220926 18:42:54.658"/>
</kw>
<kw name="Set Variable If" library="BuiltIn">
<var>${user}</var>
<arg>'${excel.cell(${i},2).value}'=='None'</arg>
<arg>${Empty}</arg>
<arg>${excel.cell(${i},2).value}</arg>
<doc>Sets variable based on the given condition.</doc>
<msg timestamp="20220926 18:42:54.665" level="INFO">${user} = หนึ่งสอง!@#$สามสี่</msg>
<status status="PASS" starttime="20220926 18:42:54.659" endtime="20220926 18:42:54.665"/>
</kw>
<kw name="Set Variable If" library="BuiltIn">
<var>${pass}</var>
<arg>'${excel.cell(${i},3).value}'=='None'</arg>
<arg>${Empty}</arg>
<arg>${excel.cell(${i},3).value}</arg>
<doc>Sets variable based on the given condition.</doc>
<msg timestamp="20220926 18:42:54.666" level="INFO">${pass} = MJU@11022001</msg>
<status status="PASS" starttime="20220926 18:42:54.665" endtime="20220926 18:42:54.666"/>
</kw>
<if>
<branch type="IF" condition="${i} &gt;= 3">
<kw name="Go To" library="SeleniumLibrary">
<arg>${Search_URL}</arg>
<doc>Navigates the current browser window to the provided ``url``.</doc>
<msg timestamp="20220926 18:42:54.667" level="INFO">Opening url 'http://localhost:13385/MJUDormLeaveForm/'</msg>
<status status="PASS" starttime="20220926 18:42:54.667" endtime="20220926 18:42:55.403"/>
</kw>
<status status="PASS" starttime="20220926 18:42:54.666" endtime="20220926 18:42:55.403"/>
</branch>
<status status="PASS" starttime="20220926 18:42:54.666" endtime="20220926 18:42:55.403"/>
</if>
<kw name="Loging Page">
<arg>${user}</arg>
<arg>${pass}</arg>
<kw name="Click Element" library="SeleniumLibrary">
<arg>${Cilck_Login}</arg>
<doc>Click the element identified by ``locator``.</doc>
<msg timestamp="20220926 18:42:55.404" level="INFO">Clicking element '//a[contains(text(),'เข้าสู่ระบบ')]'.</msg>
<status status="PASS" starttime="20220926 18:42:55.404" endtime="20220926 18:42:56.957"/>
</kw>
<kw name="Click Element" library="SeleniumLibrary">
<arg>${student}</arg>
<doc>Click the element identified by ``locator``.</doc>
<msg timestamp="20220926 18:42:56.957" level="INFO">Clicking element '//label[contains(text(),'นักศึกษา')]'.</msg>
<status status="PASS" starttime="20220926 18:42:56.957" endtime="20220926 18:42:58.010"/>
</kw>
<kw name="Input Text" library="SeleniumLibrary">
<arg>${student_Username}</arg>
<arg>${username}</arg>
<doc>Types the given ``text`` into the text field identified by ``locator``.</doc>
<msg timestamp="20220926 18:42:58.011" level="INFO">Typing text 'หนึ่งสอง!@#$สามสี่' into text field '//input[@id='TextBoxLoginName']'.</msg>
<status status="PASS" starttime="20220926 18:42:58.010" endtime="20220926 18:42:59.623"/>
</kw>
<kw name="Input Text" library="SeleniumLibrary">
<arg>${student_Password}</arg>
<arg>${password}</arg>
<doc>Types the given ``text`` into the text field identified by ``locator``.</doc>
<msg timestamp="20220926 18:42:59.624" level="INFO">Typing text 'MJU@11022001' into text field '//input[@id='TextBoxPassword']'.</msg>
<status status="PASS" starttime="20220926 18:42:59.623" endtime="20220926 18:43:01.236"/>
</kw>
<kw name="Click Element" library="SeleniumLibrary">
<arg>${Cilck_Button}</arg>
<doc>Click the element identified by ``locator``.</doc>
<msg timestamp="20220926 18:43:01.237" level="INFO">Clicking element '//a[@id='LinkButtonLogin']'.</msg>
<status status="PASS" starttime="20220926 18:43:01.236" endtime="20220926 18:43:02.302"/>
</kw>
<status status="PASS" starttime="20220926 18:42:55.403" endtime="20220926 18:43:02.302"/>
</kw>
<kw name="Run Keyword If" library="BuiltIn">
<var>${Status_1}</var>
<var>${message_1}</var>
<arg>${i}&lt;=${excel.max_row}</arg>
<arg>Check Error page</arg>
<arg>${excel.cell(${i},4).value}</arg>
<doc>Runs the given keyword with the given arguments, if ``condition`` is true.</doc>
<kw name="Check Error page">
<arg>${excel.cell(${i},4).value}</arg>
<kw name="Log To Console" library="BuiltIn">
<arg>${testcaseData}</arg>
<doc>Logs the given message to the console.</doc>
<status status="PASS" starttime="20220926 18:43:02.305" endtime="20220926 18:43:02.306"/>
</kw>
<if>
<branch type="IF" condition="&quot;${testcaseData}&quot; == &quot;TD001&quot;">
<kw name="Check Page Login">
<var>${message1}</var>
<arg>${Home_page}</arg>
<status status="NOT RUN" starttime="20220926 18:43:02.306" endtime="20220926 18:43:02.307"/>
</kw>
<kw name="Convert To String" library="BuiltIn">
<var>${message}</var>
<arg>${message1}</arg>
<doc>Converts the given item to a Unicode string.</doc>
<status status="NOT RUN" starttime="20220926 18:43:02.307" endtime="20220926 18:43:02.307"/>
</kw>
<status status="NOT RUN" starttime="20220926 18:43:02.306" endtime="20220926 18:43:02.307"/>
</branch>
<branch type="ELSE IF" condition="&quot; ${testcaseData}&quot; == &quot;TD014&quot;">
<kw name="Check Page Login">
<var>${message1}</var>
<arg>${Home_page}</arg>
<status status="NOT RUN" starttime="20220926 18:43:02.307" endtime="20220926 18:43:02.307"/>
</kw>
<kw name="Convert To String" library="BuiltIn">
<var>${message}</var>
<arg>${message1}</arg>
<doc>Converts the given item to a Unicode string.</doc>
<status status="NOT RUN" starttime="20220926 18:43:02.308" endtime="20220926 18:43:02.308"/>
</kw>
<status status="NOT RUN" starttime="20220926 18:43:02.307" endtime="20220926 18:43:02.308"/>
</branch>
<branch type="ELSE IF" condition="&quot; ${testcaseData}&quot; == &quot;TD015&quot;">
<kw name="Check Page Login">
<var>${message1}</var>
<arg>${Home_page}</arg>
<status status="NOT RUN" starttime="20220926 18:43:02.308" endtime="20220926 18:43:02.308"/>
</kw>
<kw name="Convert To String" library="BuiltIn">
<var>${message}</var>
<arg>${message1}</arg>
<doc>Converts the given item to a Unicode string.</doc>
<status status="NOT RUN" starttime="20220926 18:43:02.308" endtime="20220926 18:43:02.308"/>
</kw>
<status status="NOT RUN" starttime="20220926 18:43:02.308" endtime="20220926 18:43:02.308"/>
</branch>
<branch type="ELSE IF" condition="&quot; ${testcaseData}&quot; == &quot;TD016&quot;">
<kw name="Check Page Login">
<var>${message1}</var>
<arg>${Home_page}</arg>
<status status="NOT RUN" starttime="20220926 18:43:02.309" endtime="20220926 18:43:02.309"/>
</kw>
<kw name="Convert To String" library="BuiltIn">
<var>${message}</var>
<arg>${message1}</arg>
<doc>Converts the given item to a Unicode string.</doc>
<status status="NOT RUN" starttime="20220926 18:43:02.309" endtime="20220926 18:43:02.309"/>
</kw>
<status status="NOT RUN" starttime="20220926 18:43:02.308" endtime="20220926 18:43:02.309"/>
</branch>
<branch type="ELSE IF" condition="&quot; ${testcaseData}&quot; == &quot;TD017&quot;">
<kw name="Check Page Login">
<var>${message1}</var>
<arg>${Home_page}</arg>
<status status="NOT RUN" starttime="20220926 18:43:02.309" endtime="20220926 18:43:02.309"/>
</kw>
<kw name="Convert To String" library="BuiltIn">
<var>${message}</var>
<arg>${message1}</arg>
<doc>Converts the given item to a Unicode string.</doc>
<status status="NOT RUN" starttime="20220926 18:43:02.309" endtime="20220926 18:43:02.309"/>
</kw>
<status status="NOT RUN" starttime="20220926 18:43:02.309" endtime="20220926 18:43:02.309"/>
</branch>
<branch type="ELSE">
<kw name="Run Keyword And Return Status" library="BuiltIn">
<var>${checkVisible}</var>
<arg>Page Should Contain Element</arg>
<arg>${text_alert}</arg>
<doc>Runs the given keyword with given arguments and returns the status as a Boolean value.</doc>
<kw name="Page Should Contain Element" library="SeleniumLibrary">
<arg>${text_alert}</arg>
<doc>Verifies that element ``locator`` is found on the current page.</doc>
<msg timestamp="20220926 18:43:02.824" level="INFO">Current page contains element '//span[@id='LabelWarning']'.</msg>
<status status="PASS" starttime="20220926 18:43:02.310" endtime="20220926 18:43:02.824"/>
</kw>
<msg timestamp="20220926 18:43:02.824" level="INFO">${checkVisible} = True</msg>
<status status="PASS" starttime="20220926 18:43:02.310" endtime="20220926 18:43:02.824"/>
</kw>
<if>
<branch type="IF" condition="'${checkVisible}' == 'True'">
<kw name="Get Text" library="SeleniumLibrary">
<var>${message}</var>
<arg>${text_alert}</arg>
<doc>Returns the text value of the element identified by ``locator``.</doc>
<msg timestamp="20220926 18:43:03.849" level="INFO">${message} = ข้อมูลตรวจสอบสิทธิของท่านไม่ถูกต้องกรุณาป้อนใหม่อีกครั้ง</msg>
<status status="PASS" starttime="20220926 18:43:02.824" endtime="20220926 18:43:03.849"/>
</kw>
<status status="PASS" starttime="20220926 18:43:02.824" endtime="20220926 18:43:03.849"/>
</branch>
<status status="PASS" starttime="20220926 18:43:02.824" endtime="20220926 18:43:03.849"/>
</if>
<status status="PASS" starttime="20220926 18:43:02.310" endtime="20220926 18:43:03.850"/>
</branch>
<status status="PASS" starttime="20220926 18:43:02.306" endtime="20220926 18:43:03.850"/>
</if>
<if>
<branch type="IF" condition="'${Actual_Result.strip()}' == '${message.strip()}'">
<kw name="Set Suite Variable" library="BuiltIn">
<arg>${Status}</arg>
<arg>True</arg>
<doc>Makes a variable available everywhere within the scope of the current suite.</doc>
<status status="NOT RUN" starttime="20220926 18:43:03.852" endtime="20220926 18:43:03.852"/>
</kw>
<status status="NOT RUN" starttime="20220926 18:43:03.852" endtime="20220926 18:43:03.852"/>
</branch>
<branch type="ELSE">
<kw name="Set Suite Variable" library="BuiltIn">
<arg>${Status}</arg>
<arg>False</arg>
<doc>Makes a variable available everywhere within the scope of the current suite.</doc>
<msg timestamp="20220926 18:43:03.853" level="INFO">${Status} = False</msg>
<status status="PASS" starttime="20220926 18:43:03.852" endtime="20220926 18:43:03.853"/>
</kw>
<status status="PASS" starttime="20220926 18:43:03.852" endtime="20220926 18:43:03.853"/>
</branch>
<status status="PASS" starttime="20220926 18:43:03.850" endtime="20220926 18:43:03.853"/>
</if>
<kw name="Log To Console" library="BuiltIn">
<arg>${Status}</arg>
<doc>Logs the given message to the console.</doc>
<status status="PASS" starttime="20220926 18:43:03.853" endtime="20220926 18:43:03.857"/>
</kw>
<status status="PASS" starttime="20220926 18:43:02.304" endtime="20220926 18:43:03.857"/>
</kw>
<msg timestamp="20220926 18:43:03.857" level="INFO">${Status_1} = False</msg>
<msg timestamp="20220926 18:43:03.857" level="INFO">${message_1} = ข้อมูลตรวจสอบสิทธิของท่านไม่ถูกต้องกรุณาป้อนใหม่อีกครั้ง</msg>
<status status="PASS" starttime="20220926 18:43:02.302" endtime="20220926 18:43:03.857"/>
</kw>
<kw name="Set Variable If" library="BuiltIn">
<var>${Status_Actual}</var>
<arg>${i}&lt;=${excel.max_row}</arg>
<arg>${Status_1}</arg>
<doc>Sets variable based on the given condition.</doc>
<msg timestamp="20220926 18:43:03.859" level="INFO">${Status_Actual} = False</msg>
<status status="PASS" starttime="20220926 18:43:03.857" endtime="20220926 18:43:03.859"/>
</kw>
<kw name="Set Variable If" library="BuiltIn">
<var>${Status}</var>
<arg>'${Status_Actual}' == 'True'</arg>
<arg>PASS</arg>
<arg>FAIL</arg>
<doc>Sets variable based on the given condition.</doc>
<msg timestamp="20220926 18:43:03.860" level="INFO">${Status} = FAIL</msg>
<status status="PASS" starttime="20220926 18:43:03.859" endtime="20220926 18:43:03.860"/>
</kw>
<kw name="Run Keyword If" library="BuiltIn">
<arg>'${Status}' == 'FAIL'</arg>
<arg>Capture Page Screenshot</arg>
<arg>${EXECDIR}/Results/TC01_Student_Login/Screenshot/${testcaseData}.png</arg>
<doc>Runs the given keyword with the given arguments, if ``condition`` is true.</doc>
<kw name="Capture Page Screenshot" library="SeleniumLibrary">
<arg>${EXECDIR}/Results/TC01_Student_Login/Screenshot/${testcaseData}.png</arg>
<doc>Takes a screenshot of the current page and embeds it into a log file.</doc>
<msg timestamp="20220926 18:43:04.555" level="INFO" html="true">&lt;/td&gt;&lt;/tr&gt;&lt;tr&gt;&lt;td colspan="3"&gt;&lt;a href="../TC01_Student_Login/Screenshot/TD002.png"&gt;&lt;img src="../TC01_Student_Login/Screenshot/TD002.png" width="800px"&gt;&lt;/a&gt;</msg>
<status status="PASS" starttime="20220926 18:43:03.860" endtime="20220926 18:43:04.555"/>
</kw>
<status status="PASS" starttime="20220926 18:43:03.860" endtime="20220926 18:43:04.556"/>
</kw>
<kw name="Set Variable If" library="BuiltIn">
<var>${get_message}</var>
<arg>${i}&lt;=${excel.max_row}</arg>
<arg>${message_1}</arg>
<doc>Sets variable based on the given condition.</doc>
<msg timestamp="20220926 18:43:04.557" level="INFO">${get_message} = ข้อมูลตรวจสอบสิทธิของท่านไม่ถูกต้องกรุณาป้อนใหม่อีกครั้ง</msg>
<status status="PASS" starttime="20220926 18:43:04.556" endtime="20220926 18:43:04.557"/>
</kw>
<kw name="Set Variable If" library="BuiltIn">
<var>${Error}</var>
<arg>'${Status}' == 'FAIL'</arg>
<arg>Error</arg>
<arg>No Error</arg>
<doc>Sets variable based on the given condition.</doc>
<msg timestamp="20220926 18:43:04.558" level="INFO">${Error} = Error</msg>
<status status="PASS" starttime="20220926 18:43:04.557" endtime="20220926 18:43:04.558"/>
</kw>
<kw name="Set Variable If" library="BuiltIn">
<var>${Suggestion}</var>
<arg>'${Status}' == 'FAIL'</arg>
<arg>ควรมีการแจ้งเตือนให้ผู้ใช้งาน "${excel.cell(${i},4).value}"</arg>
<arg>-</arg>
<doc>Sets variable based on the given condition.</doc>
<msg timestamp="20220926 18:43:04.559" level="INFO">${Suggestion} = ควรมีการแจ้งเตือนให้ผู้ใช้งาน "“กรุณากรอกชื่อผู้ใช้เป็นตัวอักษรภาษาอังกฤษหรือตัวเลขเท่านั้น”"</msg>
<status status="PASS" starttime="20220926 18:43:04.558" endtime="20220926 18:43:04.559"/>
</kw>
<kw name="Write Excel Cell" library="ExcelLibrary">
<arg>${i}</arg>
<arg>5</arg>
<arg>value=${get_message}</arg>
<arg>sheet_name=Sheet1</arg>
<doc>Writes value to the cell.</doc>
<status status="PASS" starttime="20220926 18:43:04.559" endtime="20220926 18:43:04.560"/>
</kw>
<kw name="Write Excel Cell" library="ExcelLibrary">
<arg>${i}</arg>
<arg>6</arg>
<arg>value=${Status}</arg>
<arg>sheet_name=Sheet1</arg>
<doc>Writes value to the cell.</doc>
<status status="PASS" starttime="20220926 18:43:04.560" endtime="20220926 18:43:04.561"/>
</kw>
<kw name="Write Excel Cell" library="ExcelLibrary">
<arg>${i}</arg>
<arg>7</arg>
<arg>value=${Error}</arg>
<arg>sheet_name=Sheet1</arg>
<doc>Writes value to the cell.</doc>
<status status="PASS" starttime="20220926 18:43:04.561" endtime="20220926 18:43:04.561"/>
</kw>
<kw name="Write Excel Cell" library="ExcelLibrary">
<arg>${i}</arg>
<arg>8</arg>
<arg>value=${Suggestion}</arg>
<arg>sheet_name=Sheet1</arg>
<doc>Writes value to the cell.</doc>
<status status="PASS" starttime="20220926 18:43:04.561" endtime="20220926 18:43:04.562"/>
</kw>
<status status="PASS" starttime="20220926 18:42:54.655" endtime="20220926 18:43:04.562"/>
</iter>
<iter>
<var name="${i}">4</var>
<kw name="Set Variable If" library="BuiltIn">
<var>${tcid}</var>
<arg>'${excel.cell(${i},1).value}'=='None'</arg>
<arg>${Empty}</arg>
<arg>${excel.cell(${i},1).value}</arg>
<doc>Sets variable based on the given condition.</doc>
<msg timestamp="20220926 18:43:04.564" level="INFO">${tcid} = TD003</msg>
<status status="PASS" starttime="20220926 18:43:04.562" endtime="20220926 18:43:04.564"/>
</kw>
<kw name="Set Suite Variable" library="BuiltIn">
<arg>${testcaseData}</arg>
<arg>${tcid}</arg>
<doc>Makes a variable available everywhere within the scope of the current suite.</doc>
<msg timestamp="20220926 18:43:04.565" level="INFO">${testcaseData} = TD003</msg>
<status status="PASS" starttime="20220926 18:43:04.564" endtime="20220926 18:43:04.565"/>
</kw>
<kw name="Set Variable If" library="BuiltIn">
<var>${user}</var>
<arg>'${excel.cell(${i},2).value}'=='None'</arg>
<arg>${Empty}</arg>
<arg>${excel.cell(${i},2).value}</arg>
<doc>Sets variable based on the given condition.</doc>
<msg timestamp="20220926 18:43:04.566" level="INFO">${user} = mju620316549</msg>
<status status="PASS" starttime="20220926 18:43:04.565" endtime="20220926 18:43:04.566"/>
</kw>
<kw name="Set Variable If" library="BuiltIn">
<var>${pass}</var>
<arg>'${excel.cell(${i},3).value}'=='None'</arg>
<arg>${Empty}</arg>
<arg>${excel.cell(${i},3).value}</arg>
<doc>Sets variable based on the given condition.</doc>
<msg timestamp="20220926 18:43:04.568" level="INFO">${pass} = MJU@11022001</msg>
<status status="PASS" starttime="20220926 18:43:04.566" endtime="20220926 18:43:04.568"/>
</kw>
<if>
<branch type="IF" condition="${i} &gt;= 3">
<kw name="Go To" library="SeleniumLibrary">
<arg>${Search_URL}</arg>
<doc>Navigates the current browser window to the provided ``url``.</doc>
<msg timestamp="20220926 18:43:04.568" level="INFO">Opening url 'http://localhost:13385/MJUDormLeaveForm/'</msg>
<status status="PASS" starttime="20220926 18:43:04.568" endtime="20220926 18:43:05.340"/>
</kw>
<status status="PASS" starttime="20220926 18:43:04.568" endtime="20220926 18:43:05.340"/>
</branch>
<status status="PASS" starttime="20220926 18:43:04.568" endtime="20220926 18:43:05.340"/>
</if>
<kw name="Loging Page">
<arg>${user}</arg>
<arg>${pass}</arg>
<kw name="Click Element" library="SeleniumLibrary">
<arg>${Cilck_Login}</arg>
<doc>Click the element identified by ``locator``.</doc>
<msg timestamp="20220926 18:43:05.341" level="INFO">Clicking element '//a[contains(text(),'เข้าสู่ระบบ')]'.</msg>
<status status="PASS" starttime="20220926 18:43:05.341" endtime="20220926 18:43:06.873"/>
</kw>
<kw name="Click Element" library="SeleniumLibrary">
<arg>${student}</arg>
<doc>Click the element identified by ``locator``.</doc>
<msg timestamp="20220926 18:43:06.873" level="INFO">Clicking element '//label[contains(text(),'นักศึกษา')]'.</msg>
<status status="PASS" starttime="20220926 18:43:06.873" endtime="20220926 18:43:07.926"/>
</kw>
<kw name="Input Text" library="SeleniumLibrary">
<arg>${student_Username}</arg>
<arg>${username}</arg>
<doc>Types the given ``text`` into the text field identified by ``locator``.</doc>
<msg timestamp="20220926 18:43:07.927" level="INFO">Typing text 'mju620316549' into text field '//input[@id='TextBoxLoginName']'.</msg>
<status status="PASS" starttime="20220926 18:43:07.926" endtime="20220926 18:43:09.530"/>
</kw>
<kw name="Input Text" library="SeleniumLibrary">
<arg>${student_Password}</arg>
<arg>${password}</arg>
<doc>Types the given ``text`` into the text field identified by ``locator``.</doc>
<msg timestamp="20220926 18:43:09.531" level="INFO">Typing text 'MJU@11022001' into text field '//input[@id='TextBoxPassword']'.</msg>
<status status="PASS" starttime="20220926 18:43:09.530" endtime="20220926 18:43:11.136"/>
</kw>
<kw name="Click Element" library="SeleniumLibrary">
<arg>${Cilck_Button}</arg>
<doc>Click the element identified by ``locator``.</doc>
<msg timestamp="20220926 18:43:11.136" level="INFO">Clicking element '//a[@id='LinkButtonLogin']'.</msg>
<status status="PASS" starttime="20220926 18:43:11.136" endtime="20220926 18:43:12.201"/>
</kw>
<status status="PASS" starttime="20220926 18:43:05.340" endtime="20220926 18:43:12.201"/>
</kw>
<kw name="Run Keyword If" library="BuiltIn">
<var>${Status_1}</var>
<var>${message_1}</var>
<arg>${i}&lt;=${excel.max_row}</arg>
<arg>Check Error page</arg>
<arg>${excel.cell(${i},4).value}</arg>
<doc>Runs the given keyword with the given arguments, if ``condition`` is true.</doc>
<kw name="Check Error page">
<arg>${excel.cell(${i},4).value}</arg>
<kw name="Log To Console" library="BuiltIn">
<arg>${testcaseData}</arg>
<doc>Logs the given message to the console.</doc>
<status status="PASS" starttime="20220926 18:43:12.204" endtime="20220926 18:43:12.205"/>
</kw>
<if>
<branch type="IF" condition="&quot;${testcaseData}&quot; == &quot;TD001&quot;">
<kw name="Check Page Login">
<var>${message1}</var>
<arg>${Home_page}</arg>
<status status="NOT RUN" starttime="20220926 18:43:12.205" endtime="20220926 18:43:12.205"/>
</kw>
<kw name="Convert To String" library="BuiltIn">
<var>${message}</var>
<arg>${message1}</arg>
<doc>Converts the given item to a Unicode string.</doc>
<status status="NOT RUN" starttime="20220926 18:43:12.206" endtime="20220926 18:43:12.206"/>
</kw>
<status status="NOT RUN" starttime="20220926 18:43:12.205" endtime="20220926 18:43:12.206"/>
</branch>
<branch type="ELSE IF" condition="&quot; ${testcaseData}&quot; == &quot;TD014&quot;">
<kw name="Check Page Login">
<var>${message1}</var>
<arg>${Home_page}</arg>
<status status="NOT RUN" starttime="20220926 18:43:12.206" endtime="20220926 18:43:12.206"/>
</kw>
<kw name="Convert To String" library="BuiltIn">
<var>${message}</var>
<arg>${message1}</arg>
<doc>Converts the given item to a Unicode string.</doc>
<status status="NOT RUN" starttime="20220926 18:43:12.206" endtime="20220926 18:43:12.206"/>
</kw>
<status status="NOT RUN" starttime="20220926 18:43:12.206" endtime="20220926 18:43:12.206"/>
</branch>
<branch type="ELSE IF" condition="&quot; ${testcaseData}&quot; == &quot;TD015&quot;">
<kw name="Check Page Login">
<var>${message1}</var>
<arg>${Home_page}</arg>
<status status="NOT RUN" starttime="20220926 18:43:12.206" endtime="20220926 18:43:12.207"/>
</kw>
<kw name="Convert To String" library="BuiltIn">
<var>${message}</var>
<arg>${message1}</arg>
<doc>Converts the given item to a Unicode string.</doc>
<status status="NOT RUN" starttime="20220926 18:43:12.207" endtime="20220926 18:43:12.207"/>
</kw>
<status status="NOT RUN" starttime="20220926 18:43:12.206" endtime="20220926 18:43:12.207"/>
</branch>
<branch type="ELSE IF" condition="&quot; ${testcaseData}&quot; == &quot;TD016&quot;">
<kw name="Check Page Login">
<var>${message1}</var>
<arg>${Home_page}</arg>
<status status="NOT RUN" starttime="20220926 18:43:12.207" endtime="20220926 18:43:12.207"/>
</kw>
<kw name="Convert To String" library="BuiltIn">
<var>${message}</var>
<arg>${message1}</arg>
<doc>Converts the given item to a Unicode string.</doc>
<status status="NOT RUN" starttime="20220926 18:43:12.207" endtime="20220926 18:43:12.207"/>
</kw>
<status status="NOT RUN" starttime="20220926 18:43:12.207" endtime="20220926 18:43:12.207"/>
</branch>
<branch type="ELSE IF" condition="&quot; ${testcaseData}&quot; == &quot;TD017&quot;">
<kw name="Check Page Login">
<var>${message1}</var>
<arg>${Home_page}</arg>
<status status="NOT RUN" starttime="20220926 18:43:12.207" endtime="20220926 18:43:12.207"/>
</kw>
<kw name="Convert To String" library="BuiltIn">
<var>${message}</var>
<arg>${message1}</arg>
<doc>Converts the given item to a Unicode string.</doc>
<status status="NOT RUN" starttime="20220926 18:43:12.207" endtime="20220926 18:43:12.208"/>
</kw>
<status status="NOT RUN" starttime="20220926 18:43:12.207" endtime="20220926 18:43:12.208"/>
</branch>
<branch type="ELSE">
<kw name="Run Keyword And Return Status" library="BuiltIn">
<var>${checkVisible}</var>
<arg>Page Should Contain Element</arg>
<arg>${text_alert}</arg>
<doc>Runs the given keyword with given arguments and returns the status as a Boolean value.</doc>
<kw name="Page Should Contain Element" library="SeleniumLibrary">
<arg>${text_alert}</arg>
<doc>Verifies that element ``locator`` is found on the current page.</doc>
<msg timestamp="20220926 18:43:12.720" level="INFO">Current page contains element '//span[@id='LabelWarning']'.</msg>
<status status="PASS" starttime="20220926 18:43:12.208" endtime="20220926 18:43:12.720"/>
</kw>
<msg timestamp="20220926 18:43:12.720" level="INFO">${checkVisible} = True</msg>
<status status="PASS" starttime="20220926 18:43:12.208" endtime="20220926 18:43:12.720"/>
</kw>
<if>
<branch type="IF" condition="'${checkVisible}' == 'True'">
<kw name="Get Text" library="SeleniumLibrary">
<var>${message}</var>
<arg>${text_alert}</arg>
<doc>Returns the text value of the element identified by ``locator``.</doc>
<msg timestamp="20220926 18:43:13.748" level="INFO">${message} = ข้อมูลตรวจสอบสิทธิของท่านไม่ถูกต้องกรุณาป้อนใหม่อีกครั้ง</msg>
<status status="PASS" starttime="20220926 18:43:12.721" endtime="20220926 18:43:13.748"/>
</kw>
<status status="PASS" starttime="20220926 18:43:12.721" endtime="20220926 18:43:13.748"/>
</branch>
<status status="PASS" starttime="20220926 18:43:12.720" endtime="20220926 18:43:13.748"/>
</if>
<status status="PASS" starttime="20220926 18:43:12.208" endtime="20220926 18:43:13.748"/>
</branch>
<status status="PASS" starttime="20220926 18:43:12.205" endtime="20220926 18:43:13.748"/>
</if>
<if>
<branch type="IF" condition="'${Actual_Result.strip()}' == '${message.strip()}'">
<kw name="Set Suite Variable" library="BuiltIn">
<arg>${Status}</arg>
<arg>True</arg>
<doc>Makes a variable available everywhere within the scope of the current suite.</doc>
<status status="NOT RUN" starttime="20220926 18:43:13.751" endtime="20220926 18:43:13.751"/>
</kw>
<status status="NOT RUN" starttime="20220926 18:43:13.750" endtime="20220926 18:43:13.751"/>
</branch>
<branch type="ELSE">
<kw name="Set Suite Variable" library="BuiltIn">
<arg>${Status}</arg>
<arg>False</arg>
<doc>Makes a variable available everywhere within the scope of the current suite.</doc>
<msg timestamp="20220926 18:43:13.751" level="INFO">${Status} = False</msg>
<status status="PASS" starttime="20220926 18:43:13.751" endtime="20220926 18:43:13.752"/>
</kw>
<status status="PASS" starttime="20220926 18:43:13.751" endtime="20220926 18:43:13.752"/>
</branch>
<status status="PASS" starttime="20220926 18:43:13.748" endtime="20220926 18:43:13.752"/>
</if>
<kw name="Log To Console" library="BuiltIn">
<arg>${Status}</arg>
<doc>Logs the given message to the console.</doc>
<status status="PASS" starttime="20220926 18:43:13.752" endtime="20220926 18:43:13.756"/>
</kw>
<status status="PASS" starttime="20220926 18:43:12.203" endtime="20220926 18:43:13.756"/>
</kw>
<msg timestamp="20220926 18:43:13.757" level="INFO">${Status_1} = False</msg>
<msg timestamp="20220926 18:43:13.757" level="INFO">${message_1} = ข้อมูลตรวจสอบสิทธิของท่านไม่ถูกต้องกรุณาป้อนใหม่อีกครั้ง</msg>
<status status="PASS" starttime="20220926 18:43:12.201" endtime="20220926 18:43:13.757"/>
</kw>
<kw name="Set Variable If" library="BuiltIn">
<var>${Status_Actual}</var>
<arg>${i}&lt;=${excel.max_row}</arg>
<arg>${Status_1}</arg>
<doc>Sets variable based on the given condition.</doc>
<msg timestamp="20220926 18:43:13.759" level="INFO">${Status_Actual} = False</msg>
<status status="PASS" starttime="20220926 18:43:13.757" endtime="20220926 18:43:13.759"/>
</kw>
<kw name="Set Variable If" library="BuiltIn">
<var>${Status}</var>
<arg>'${Status_Actual}' == 'True'</arg>
<arg>PASS</arg>
<arg>FAIL</arg>
<doc>Sets variable based on the given condition.</doc>
<msg timestamp="20220926 18:43:13.760" level="INFO">${Status} = FAIL</msg>
<status status="PASS" starttime="20220926 18:43:13.759" endtime="20220926 18:43:13.760"/>
</kw>
<kw name="Run Keyword If" library="BuiltIn">
<arg>'${Status}' == 'FAIL'</arg>
<arg>Capture Page Screenshot</arg>
<arg>${EXECDIR}/Results/TC01_Student_Login/Screenshot/${testcaseData}.png</arg>
<doc>Runs the given keyword with the given arguments, if ``condition`` is true.</doc>
<kw name="Capture Page Screenshot" library="SeleniumLibrary">
<arg>${EXECDIR}/Results/TC01_Student_Login/Screenshot/${testcaseData}.png</arg>
<doc>Takes a screenshot of the current page and embeds it into a log file.</doc>
<msg timestamp="20220926 18:43:14.460" level="INFO" html="true">&lt;/td&gt;&lt;/tr&gt;&lt;tr&gt;&lt;td colspan="3"&gt;&lt;a href="../TC01_Student_Login/Screenshot/TD003.png"&gt;&lt;img src="../TC01_Student_Login/Screenshot/TD003.png" width="800px"&gt;&lt;/a&gt;</msg>
<status status="PASS" starttime="20220926 18:43:13.760" endtime="20220926 18:43:14.461"/>
</kw>
<status status="PASS" starttime="20220926 18:43:13.760" endtime="20220926 18:43:14.461"/>
</kw>
<kw name="Set Variable If" library="BuiltIn">
<var>${get_message}</var>
<arg>${i}&lt;=${excel.max_row}</arg>
<arg>${message_1}</arg>
<doc>Sets variable based on the given condition.</doc>
<msg timestamp="20220926 18:43:14.463" level="INFO">${get_message} = ข้อมูลตรวจสอบสิทธิของท่านไม่ถูกต้องกรุณาป้อนใหม่อีกครั้ง</msg>
<status status="PASS" starttime="20220926 18:43:14.461" endtime="20220926 18:43:14.463"/>
</kw>
<kw name="Set Variable If" library="BuiltIn">
<var>${Error}</var>
<arg>'${Status}' == 'FAIL'</arg>
<arg>Error</arg>
<arg>No Error</arg>
<doc>Sets variable based on the given condition.</doc>
<msg timestamp="20220926 18:43:14.463" level="INFO">${Error} = Error</msg>
<status status="PASS" starttime="20220926 18:43:14.463" endtime="20220926 18:43:14.463"/>
</kw>
<kw name="Set Variable If" library="BuiltIn">
<var>${Suggestion}</var>
<arg>'${Status}' == 'FAIL'</arg>
<arg>ควรมีการแจ้งเตือนให้ผู้ใช้งาน "${excel.cell(${i},4).value}"</arg>
<arg>-</arg>
<doc>Sets variable based on the given condition.</doc>
<msg timestamp="20220926 18:43:14.464" level="INFO">${Suggestion} = ควรมีการแจ้งเตือนให้ผู้ใช้งาน "“กรุณากรอกชื่อผู้ใช้ให้มีขนาดความยาว 13 ตัวอักษรตัวอักษรเท่านั้น”"</msg>
<status status="PASS" starttime="20220926 18:43:14.463" endtime="20220926 18:43:14.464"/>
</kw>
<kw name="Write Excel Cell" library="ExcelLibrary">
<arg>${i}</arg>
<arg>5</arg>
<arg>value=${get_message}</arg>
<arg>sheet_name=Sheet1</arg>
<doc>Writes value to the cell.</doc>
<status status="PASS" starttime="20220926 18:43:14.464" endtime="20220926 18:43:14.465"/>
</kw>
<kw name="Write Excel Cell" library="ExcelLibrary">
<arg>${i}</arg>
<arg>6</arg>
<arg>value=${Status}</arg>
<arg>sheet_name=Sheet1</arg>
<doc>Writes value to the cell.</doc>
<status status="PASS" starttime="20220926 18:43:14.465" endtime="20220926 18:43:14.466"/>
</kw>
<kw name="Write Excel Cell" library="ExcelLibrary">
<arg>${i}</arg>
<arg>7</arg>
<arg>value=${Error}</arg>
<arg>sheet_name=Sheet1</arg>
<doc>Writes value to the cell.</doc>
<status status="PASS" starttime="20220926 18:43:14.466" endtime="20220926 18:43:14.466"/>
</kw>
<kw name="Write Excel Cell" library="ExcelLibrary">
<arg>${i}</arg>
<arg>8</arg>
<arg>value=${Suggestion}</arg>
<arg>sheet_name=Sheet1</arg>
<doc>Writes value to the cell.</doc>
<status status="PASS" starttime="20220926 18:43:14.466" endtime="20220926 18:43:14.467"/>
</kw>
<status status="PASS" starttime="20220926 18:43:04.562" endtime="20220926 18:43:14.467"/>
</iter>
<iter>
<var name="${i}">5</var>
<kw name="Set Variable If" library="BuiltIn">
<var>${tcid}</var>
<arg>'${excel.cell(${i},1).value}'=='None'</arg>
<arg>${Empty}</arg>
<arg>${excel.cell(${i},1).value}</arg>
<doc>Sets variable based on the given condition.</doc>
<msg timestamp="20220926 18:43:14.468" level="INFO">${tcid} = TD004</msg>
<status status="PASS" starttime="20220926 18:43:14.467" endtime="20220926 18:43:14.468"/>
</kw>
<kw name="Set Suite Variable" library="BuiltIn">
<arg>${testcaseData}</arg>
<arg>${tcid}</arg>
<doc>Makes a variable available everywhere within the scope of the current suite.</doc>
<msg timestamp="20220926 18:43:14.469" level="INFO">${testcaseData} = TD004</msg>
<status status="PASS" starttime="20220926 18:43:14.468" endtime="20220926 18:43:14.469"/>
</kw>
<kw name="Set Variable If" library="BuiltIn">
<var>${user}</var>
<arg>'${excel.cell(${i},2).value}'=='None'</arg>
<arg>${Empty}</arg>
<arg>${excel.cell(${i},2).value}</arg>
<doc>Sets variable based on the given condition.</doc>
<msg timestamp="20220926 18:43:14.470" level="INFO">${user} = mju62041063066</msg>
<status status="PASS" starttime="20220926 18:43:14.469" endtime="20220926 18:43:14.470"/>
</kw>
<kw name="Set Variable If" library="BuiltIn">
<var>${pass}</var>
<arg>'${excel.cell(${i},3).value}'=='None'</arg>
<arg>${Empty}</arg>
<arg>${excel.cell(${i},3).value}</arg>
<doc>Sets variable based on the given condition.</doc>
<msg timestamp="20220926 18:43:14.472" level="INFO">${pass} = MJU@11022001</msg>
<status status="PASS" starttime="20220926 18:43:14.470" endtime="20220926 18:43:14.472"/>
</kw>
<if>
<branch type="IF" condition="${i} &gt;= 3">
<kw name="Go To" library="SeleniumLibrary">
<arg>${Search_URL}</arg>
<doc>Navigates the current browser window to the provided ``url``.</doc>
<msg timestamp="20220926 18:43:14.472" level="INFO">Opening url 'http://localhost:13385/MJUDormLeaveForm/'</msg>
<status status="PASS" starttime="20220926 18:43:14.472" endtime="20220926 18:43:15.224"/>
</kw>
<status status="PASS" starttime="20220926 18:43:14.472" endtime="20220926 18:43:15.224"/>
</branch>
<status status="PASS" starttime="20220926 18:43:14.472" endtime="20220926 18:43:15.224"/>
</if>
<kw name="Loging Page">
<arg>${user}</arg>
<arg>${pass}</arg>
<kw name="Click Element" library="SeleniumLibrary">
<arg>${Cilck_Login}</arg>
<doc>Click the element identified by ``locator``.</doc>
<msg timestamp="20220926 18:43:15.226" level="INFO">Clicking element '//a[contains(text(),'เข้าสู่ระบบ')]'.</msg>
<status status="PASS" starttime="20220926 18:43:15.225" endtime="20220926 18:43:16.811"/>
</kw>
<kw name="Click Element" library="SeleniumLibrary">
<arg>${student}</arg>
<doc>Click the element identified by ``locator``.</doc>
<msg timestamp="20220926 18:43:16.812" level="INFO">Clicking element '//label[contains(text(),'นักศึกษา')]'.</msg>
<status status="PASS" starttime="20220926 18:43:16.811" endtime="20220926 18:43:17.868"/>
</kw>
<kw name="Input Text" library="SeleniumLibrary">
<arg>${student_Username}</arg>
<arg>${username}</arg>
<doc>Types the given ``text`` into the text field identified by ``locator``.</doc>
<msg timestamp="20220926 18:43:17.869" level="INFO">Typing text 'mju62041063066' into text field '//input[@id='TextBoxLoginName']'.</msg>
<status status="PASS" starttime="20220926 18:43:17.868" endtime="20220926 18:43:19.474"/>
</kw>
<kw name="Input Text" library="SeleniumLibrary">
<arg>${student_Password}</arg>
<arg>${password}</arg>
<doc>Types the given ``text`` into the text field identified by ``locator``.</doc>
<msg timestamp="20220926 18:43:19.475" level="INFO">Typing text 'MJU@11022001' into text field '//input[@id='TextBoxPassword']'.</msg>
<status status="PASS" starttime="20220926 18:43:19.474" endtime="20220926 18:43:21.075"/>
</kw>
<kw name="Click Element" library="SeleniumLibrary">
<arg>${Cilck_Button}</arg>
<doc>Click the element identified by ``locator``.</doc>
<msg timestamp="20220926 18:43:21.076" level="INFO">Clicking element '//a[@id='LinkButtonLogin']'.</msg>
<status status="PASS" starttime="20220926 18:43:21.075" endtime="20220926 18:43:22.136"/>
</kw>
<status status="PASS" starttime="20220926 18:43:15.224" endtime="20220926 18:43:22.136"/>
</kw>
<kw name="Run Keyword If" library="BuiltIn">
<var>${Status_1}</var>
<var>${message_1}</var>
<arg>${i}&lt;=${excel.max_row}</arg>
<arg>Check Error page</arg>
<arg>${excel.cell(${i},4).value}</arg>
<doc>Runs the given keyword with the given arguments, if ``condition`` is true.</doc>
<kw name="Check Error page">
<arg>${excel.cell(${i},4).value}</arg>
<kw name="Log To Console" library="BuiltIn">
<arg>${testcaseData}</arg>
<doc>Logs the given message to the console.</doc>
<status status="PASS" starttime="20220926 18:43:22.140" endtime="20220926 18:43:22.142"/>
</kw>
<if>
<branch type="IF" condition="&quot;${testcaseData}&quot; == &quot;TD001&quot;">
<kw name="Check Page Login">
<var>${message1}</var>
<arg>${Home_page}</arg>
<status status="NOT RUN" starttime="20220926 18:43:22.142" endtime="20220926 18:43:22.142"/>
</kw>
<kw name="Convert To String" library="BuiltIn">
<var>${message}</var>
<arg>${message1}</arg>
<doc>Converts the given item to a Unicode string.</doc>
<status status="NOT RUN" starttime="20220926 18:43:22.142" endtime="20220926 18:43:22.143"/>
</kw>
<status status="NOT RUN" starttime="20220926 18:43:22.142" endtime="20220926 18:43:22.143"/>
</branch>
<branch type="ELSE IF" condition="&quot; ${testcaseData}&quot; == &quot;TD014&quot;">
<kw name="Check Page Login">
<var>${message1}</var>
<arg>${Home_page}</arg>
<status status="NOT RUN" starttime="20220926 18:43:22.143" endtime="20220926 18:43:22.143"/>
</kw>
<kw name="Convert To String" library="BuiltIn">
<var>${message}</var>
<arg>${message1}</arg>
<doc>Converts the given item to a Unicode string.</doc>
<status status="NOT RUN" starttime="20220926 18:43:22.143" endtime="20220926 18:43:22.143"/>
</kw>
<status status="NOT RUN" starttime="20220926 18:43:22.143" endtime="20220926 18:43:22.143"/>
</branch>
<branch type="ELSE IF" condition="&quot; ${testcaseData}&quot; == &quot;TD015&quot;">
<kw name="Check Page Login">
<var>${message1}</var>
<arg>${Home_page}</arg>
<status status="NOT RUN" starttime="20220926 18:43:22.143" endtime="20220926 18:43:22.143"/>
</kw>
<kw name="Convert To String" library="BuiltIn">
<var>${message}</var>
<arg>${message1}</arg>
<doc>Converts the given item to a Unicode string.</doc>
<status status="NOT RUN" starttime="20220926 18:43:22.143" endtime="20220926 18:43:22.143"/>
</kw>
<status status="NOT RUN" starttime="20220926 18:43:22.143" endtime="20220926 18:43:22.143"/>
</branch>
<branch type="ELSE IF" condition="&quot; ${testcaseData}&quot; == &quot;TD016&quot;">
<kw name="Check Page Login">
<var>${message1}</var>
<arg>${Home_page}</arg>
<status status="NOT RUN" starttime="20220926 18:43:22.144" endtime="20220926 18:43:22.144"/>
</kw>
<kw name="Convert To String" library="BuiltIn">
<var>${message}</var>
<arg>${message1}</arg>
<doc>Converts the given item to a Unicode string.</doc>
<status status="NOT RUN" starttime="20220926 18:43:22.144" endtime="20220926 18:43:22.144"/>
</kw>
<status status="NOT RUN" starttime="20220926 18:43:22.144" endtime="20220926 18:43:22.144"/>
</branch>
<branch type="ELSE IF" condition="&quot; ${testcaseData}&quot; == &quot;TD017&quot;">
<kw name="Check Page Login">
<var>${message1}</var>
<arg>${Home_page}</arg>
<status status="NOT RUN" starttime="20220926 18:43:22.144" endtime="20220926 18:43:22.144"/>
</kw>
<kw name="Convert To String" library="BuiltIn">
<var>${message}</var>
<arg>${message1}</arg>
<doc>Converts the given item to a Unicode string.</doc>
<status status="NOT RUN" starttime="20220926 18:43:22.144" endtime="20220926 18:43:22.144"/>
</kw>
<status status="NOT RUN" starttime="20220926 18:43:22.144" endtime="20220926 18:43:22.144"/>
</branch>
<branch type="ELSE">
<kw name="Run Keyword And Return Status" library="BuiltIn">
<var>${checkVisible}</var>
<arg>Page Should Contain Element</arg>
<arg>${text_alert}</arg>
<doc>Runs the given keyword with given arguments and returns the status as a Boolean value.</doc>
<kw name="Page Should Contain Element" library="SeleniumLibrary">
<arg>${text_alert}</arg>
<doc>Verifies that element ``locator`` is found on the current page.</doc>
<msg timestamp="20220926 18:43:22.660" level="INFO">Current page contains element '//span[@id='LabelWarning']'.</msg>
<status status="PASS" starttime="20220926 18:43:22.145" endtime="20220926 18:43:22.660"/>
</kw>
<msg timestamp="20220926 18:43:22.660" level="INFO">${checkVisible} = True</msg>
<status status="PASS" starttime="20220926 18:43:22.144" endtime="20220926 18:43:22.660"/>
</kw>
<if>
<branch type="IF" condition="'${checkVisible}' == 'True'">
<kw name="Get Text" library="SeleniumLibrary">
<var>${message}</var>
<arg>${text_alert}</arg>
<doc>Returns the text value of the element identified by ``locator``.</doc>
<msg timestamp="20220926 18:43:23.685" level="INFO">${message} = ข้อมูลตรวจสอบสิทธิของท่านไม่ถูกต้องกรุณาป้อนใหม่อีกครั้ง</msg>
<status status="PASS" starttime="20220926 18:43:22.660" endtime="20220926 18:43:23.685"/>
</kw>
<status status="PASS" starttime="20220926 18:43:22.660" endtime="20220926 18:43:23.685"/>
</branch>
<status status="PASS" starttime="20220926 18:43:22.660" endtime="20220926 18:43:23.685"/>
</if>
<status status="PASS" starttime="20220926 18:43:22.144" endtime="20220926 18:43:23.685"/>
</branch>
<status status="PASS" starttime="20220926 18:43:22.142" endtime="20220926 18:43:23.685"/>
</if>
<if>
<branch type="IF" condition="'${Actual_Result.strip()}' == '${message.strip()}'">
<kw name="Set Suite Variable" library="BuiltIn">
<arg>${Status}</arg>
<arg>True</arg>
<doc>Makes a variable available everywhere within the scope of the current suite.</doc>
<status status="NOT RUN" starttime="20220926 18:43:23.687" endtime="20220926 18:43:23.687"/>
</kw>
<status status="NOT RUN" starttime="20220926 18:43:23.687" endtime="20220926 18:43:23.687"/>
</branch>
<branch type="ELSE">
<kw name="Set Suite Variable" library="BuiltIn">
<arg>${Status}</arg>
<arg>False</arg>
<doc>Makes a variable available everywhere within the scope of the current suite.</doc>
<msg timestamp="20220926 18:43:23.688" level="INFO">${Status} = False</msg>
<status status="PASS" starttime="20220926 18:43:23.687" endtime="20220926 18:43:23.688"/>
</kw>
<status status="PASS" starttime="20220926 18:43:23.687" endtime="20220926 18:43:23.688"/>
</branch>
<status status="PASS" starttime="20220926 18:43:23.685" endtime="20220926 18:43:23.688"/>
</if>
<kw name="Log To Console" library="BuiltIn">
<arg>${Status}</arg>
<doc>Logs the given message to the console.</doc>
<status status="PASS" starttime="20220926 18:43:23.688" endtime="20220926 18:43:23.689"/>
</kw>
<status status="PASS" starttime="20220926 18:43:22.138" endtime="20220926 18:43:23.689"/>
</kw>
<msg timestamp="20220926 18:43:23.689" level="INFO">${Status_1} = False</msg>
<msg timestamp="20220926 18:43:23.689" level="INFO">${message_1} = ข้อมูลตรวจสอบสิทธิของท่านไม่ถูกต้องกรุณาป้อนใหม่อีกครั้ง</msg>
<status status="PASS" starttime="20220926 18:43:22.136" endtime="20220926 18:43:23.689"/>
</kw>
<kw name="Set Variable If" library="BuiltIn">
<var>${Status_Actual}</var>
<arg>${i}&lt;=${excel.max_row}</arg>
<arg>${Status_1}</arg>
<doc>Sets variable based on the given condition.</doc>
<msg timestamp="20220926 18:43:23.691" level="INFO">${Status_Actual} = False</msg>
<status status="PASS" starttime="20220926 18:43:23.689" endtime="20220926 18:43:23.691"/>
</kw>
<kw name="Set Variable If" library="BuiltIn">
<var>${Status}</var>
<arg>'${Status_Actual}' == 'True'</arg>
<arg>PASS</arg>
<arg>FAIL</arg>
<doc>Sets variable based on the given condition.</doc>
<msg timestamp="20220926 18:43:23.692" level="INFO">${Status} = FAIL</msg>
<status status="PASS" starttime="20220926 18:43:23.691" endtime="20220926 18:43:23.692"/>
</kw>
<kw name="Run Keyword If" library="BuiltIn">
<arg>'${Status}' == 'FAIL'</arg>
<arg>Capture Page Screenshot</arg>
<arg>${EXECDIR}/Results/TC01_Student_Login/Screenshot/${testcaseData}.png</arg>
<doc>Runs the given keyword with the given arguments, if ``condition`` is true.</doc>
<kw name="Capture Page Screenshot" library="SeleniumLibrary">
<arg>${EXECDIR}/Results/TC01_Student_Login/Screenshot/${testcaseData}.png</arg>
<doc>Takes a screenshot of the current page and embeds it into a log file.</doc>
<msg timestamp="20220926 18:43:24.364" level="INFO" html="true">&lt;/td&gt;&lt;/tr&gt;&lt;tr&gt;&lt;td colspan="3"&gt;&lt;a href="../TC01_Student_Login/Screenshot/TD004.png"&gt;&lt;img src="../TC01_Student_Login/Screenshot/TD004.png" width="800px"&gt;&lt;/a&gt;</msg>
<status status="PASS" starttime="20220926 18:43:23.692" endtime="20220926 18:43:24.364"/>
</kw>
<status status="PASS" starttime="20220926 18:43:23.692" endtime="20220926 18:43:24.364"/>
</kw>
<kw name="Set Variable If" library="BuiltIn">
<var>${get_message}</var>
<arg>${i}&lt;=${excel.max_row}</arg>
<arg>${message_1}</arg>
<doc>Sets variable based on the given condition.</doc>
<msg timestamp="20220926 18:43:24.366" level="INFO">${get_message} = ข้อมูลตรวจสอบสิทธิของท่านไม่ถูกต้องกรุณาป้อนใหม่อีกครั้ง</msg>
<status status="PASS" starttime="20220926 18:43:24.364" endtime="20220926 18:43:24.366"/>
</kw>
<kw name="Set Variable If" library="BuiltIn">
<var>${Error}</var>
<arg>'${Status}' == 'FAIL'</arg>
<arg>Error</arg>
<arg>No Error</arg>
<doc>Sets variable based on the given condition.</doc>
<msg timestamp="20220926 18:43:24.366" level="INFO">${Error} = Error</msg>
<status status="PASS" starttime="20220926 18:43:24.366" endtime="20220926 18:43:24.366"/>
</kw>
<kw name="Set Variable If" library="BuiltIn">
<var>${Suggestion}</var>
<arg>'${Status}' == 'FAIL'</arg>
<arg>ควรมีการแจ้งเตือนให้ผู้ใช้งาน "${excel.cell(${i},4).value}"</arg>
<arg>-</arg>
<doc>Sets variable based on the given condition.</doc>
<msg timestamp="20220926 18:43:24.368" level="INFO">${Suggestion} = ควรมีการแจ้งเตือนให้ผู้ใช้งาน "“กรุณากรอกชื่อผู้ใช้ให้มีขนาดความยาว 13 ตัวอักษรตัวอักษรเท่านั้น”"</msg>
<status status="PASS" starttime="20220926 18:43:24.367" endtime="20220926 18:43:24.368"/>
</kw>
<kw name="Write Excel Cell" library="ExcelLibrary">
<arg>${i}</arg>
<arg>5</arg>
<arg>value=${get_message}</arg>
<arg>sheet_name=Sheet1</arg>
<doc>Writes value to the cell.</doc>
<status status="PASS" starttime="20220926 18:43:24.368" endtime="20220926 18:43:24.368"/>
</kw>
<kw name="Write Excel Cell" library="ExcelLibrary">
<arg>${i}</arg>
<arg>6</arg>
<arg>value=${Status}</arg>
<arg>sheet_name=Sheet1</arg>
<doc>Writes value to the cell.</doc>
<status status="PASS" starttime="20220926 18:43:24.369" endtime="20220926 18:43:24.369"/>
</kw>
<kw name="Write Excel Cell" library="ExcelLibrary">
<arg>${i}</arg>
<arg>7</arg>
<arg>value=${Error}</arg>
<arg>sheet_name=Sheet1</arg>
<doc>Writes value to the cell.</doc>
<status status="PASS" starttime="20220926 18:43:24.369" endtime="20220926 18:43:24.370"/>
</kw>
<kw name="Write Excel Cell" library="ExcelLibrary">
<arg>${i}</arg>
<arg>8</arg>
<arg>value=${Suggestion}</arg>
<arg>sheet_name=Sheet1</arg>
<doc>Writes value to the cell.</doc>
<status status="PASS" starttime="20220926 18:43:24.370" endtime="20220926 18:43:24.370"/>
</kw>
<status status="PASS" starttime="20220926 18:43:14.467" endtime="20220926 18:43:24.370"/>
</iter>
<iter>
<var name="${i}">6</var>
<kw name="Set Variable If" library="BuiltIn">
<var>${tcid}</var>
<arg>'${excel.cell(${i},1).value}'=='None'</arg>
<arg>${Empty}</arg>
<arg>${excel.cell(${i},1).value}</arg>
<doc>Sets variable based on the given condition.</doc>
<msg timestamp="20220926 18:43:24.372" level="INFO">${tcid} = TD005</msg>
<status status="PASS" starttime="20220926 18:43:24.371" endtime="20220926 18:43:24.372"/>
</kw>
<kw name="Set Suite Variable" library="BuiltIn">
<arg>${testcaseData}</arg>
<arg>${tcid}</arg>
<doc>Makes a variable available everywhere within the scope of the current suite.</doc>
<msg timestamp="20220926 18:43:24.373" level="INFO">${testcaseData} = TD005</msg>
<status status="PASS" starttime="20220926 18:43:24.373" endtime="20220926 18:43:24.373"/>
</kw>
<kw name="Set Variable If" library="BuiltIn">
<var>${user}</var>
<arg>'${excel.cell(${i},2).value}'=='None'</arg>
<arg>${Empty}</arg>
<arg>${excel.cell(${i},2).value}</arg>
<doc>Sets variable based on the given condition.</doc>
<msg timestamp="20220926 18:43:24.375" level="INFO">${user} = MJU 6200000006</msg>
<status status="PASS" starttime="20220926 18:43:24.373" endtime="20220926 18:43:24.375"/>
</kw>
<kw name="Set Variable If" library="BuiltIn">
<var>${pass}</var>
<arg>'${excel.cell(${i},3).value}'=='None'</arg>
<arg>${Empty}</arg>
<arg>${excel.cell(${i},3).value}</arg>
<doc>Sets variable based on the given condition.</doc>
<msg timestamp="20220926 18:43:24.376" level="INFO">${pass} = MJU@11022001</msg>
<status status="PASS" starttime="20220926 18:43:24.375" endtime="20220926 18:43:24.377"/>
</kw>
<if>
<branch type="IF" condition="${i} &gt;= 3">
<kw name="Go To" library="SeleniumLibrary">
<arg>${Search_URL}</arg>
<doc>Navigates the current browser window to the provided ``url``.</doc>
<msg timestamp="20220926 18:43:24.377" level="INFO">Opening url 'http://localhost:13385/MJUDormLeaveForm/'</msg>
<status status="PASS" starttime="20220926 18:43:24.377" endtime="20220926 18:43:25.125"/>
</kw>
<status status="PASS" starttime="20220926 18:43:24.377" endtime="20220926 18:43:25.125"/>
</branch>
<status status="PASS" starttime="20220926 18:43:24.377" endtime="20220926 18:43:25.125"/>
</if>
<kw name="Loging Page">
<arg>${user}</arg>
<arg>${pass}</arg>
<kw name="Click Element" library="SeleniumLibrary">
<arg>${Cilck_Login}</arg>
<doc>Click the element identified by ``locator``.</doc>
<msg timestamp="20220926 18:43:25.127" level="INFO">Clicking element '//a[contains(text(),'เข้าสู่ระบบ')]'.</msg>
<status status="PASS" starttime="20220926 18:43:25.126" endtime="20220926 18:43:26.674"/>
</kw>
<kw name="Click Element" library="SeleniumLibrary">
<arg>${student}</arg>
<doc>Click the element identified by ``locator``.</doc>
<msg timestamp="20220926 18:43:26.675" level="INFO">Clicking element '//label[contains(text(),'นักศึกษา')]'.</msg>
<status status="PASS" starttime="20220926 18:43:26.674" endtime="20220926 18:43:27.731"/>
</kw>
<kw name="Input Text" library="SeleniumLibrary">
<arg>${student_Username}</arg>
<arg>${username}</arg>
<doc>Types the given ``text`` into the text field identified by ``locator``.</doc>
<msg timestamp="20220926 18:43:27.732" level="INFO">Typing text 'MJU 6200000006' into text field '//input[@id='TextBoxLoginName']'.</msg>
<status status="PASS" starttime="20220926 18:43:27.731" endtime="20220926 18:43:29.345"/>
</kw>
<kw name="Input Text" library="SeleniumLibrary">
<arg>${student_Password}</arg>
<arg>${password}</arg>
<doc>Types the given ``text`` into the text field identified by ``locator``.</doc>
<msg timestamp="20220926 18:43:29.346" level="INFO">Typing text 'MJU@11022001' into text field '//input[@id='TextBoxPassword']'.</msg>
<status status="PASS" starttime="20220926 18:43:29.345" endtime="20220926 18:43:30.964"/>
</kw>
<kw name="Click Element" library="SeleniumLibrary">
<arg>${Cilck_Button}</arg>
<doc>Click the element identified by ``locator``.</doc>
<msg timestamp="20220926 18:43:30.965" level="INFO">Clicking element '//a[@id='LinkButtonLogin']'.</msg>
<status status="PASS" starttime="20220926 18:43:30.964" endtime="20220926 18:43:32.027"/>
</kw>
<status status="PASS" starttime="20220926 18:43:25.125" endtime="20220926 18:43:32.027"/>
</kw>
<kw name="Run Keyword If" library="BuiltIn">
<var>${Status_1}</var>
<var>${message_1}</var>
<arg>${i}&lt;=${excel.max_row}</arg>
<arg>Check Error page</arg>
<arg>${excel.cell(${i},4).value}</arg>
<doc>Runs the given keyword with the given arguments, if ``condition`` is true.</doc>
<kw name="Check Error page">
<arg>${excel.cell(${i},4).value}</arg>
<kw name="Log To Console" library="BuiltIn">
<arg>${testcaseData}</arg>
<doc>Logs the given message to the console.</doc>
<status status="PASS" starttime="20220926 18:43:32.031" endtime="20220926 18:43:32.041"/>
</kw>
<if>
<branch type="IF" condition="&quot;${testcaseData}&quot; == &quot;TD001&quot;">
<kw name="Check Page Login">
<var>${message1}</var>
<arg>${Home_page}</arg>
<status status="NOT RUN" starttime="20220926 18:43:32.042" endtime="20220926 18:43:32.042"/>
</kw>
<kw name="Convert To String" library="BuiltIn">
<var>${message}</var>
<arg>${message1}</arg>
<doc>Converts the given item to a Unicode string.</doc>
<status status="NOT RUN" starttime="20220926 18:43:32.043" endtime="20220926 18:43:32.043"/>
</kw>
<status status="NOT RUN" starttime="20220926 18:43:32.042" endtime="20220926 18:43:32.043"/>
</branch>
<branch type="ELSE IF" condition="&quot; ${testcaseData}&quot; == &quot;TD014&quot;">
<kw name="Check Page Login">
<var>${message1}</var>
<arg>${Home_page}</arg>
<status status="NOT RUN" starttime="20220926 18:43:32.043" endtime="20220926 18:43:32.043"/>
</kw>
<kw name="Convert To String" library="BuiltIn">
<var>${message}</var>
<arg>${message1}</arg>
<doc>Converts the given item to a Unicode string.</doc>
<status status="NOT RUN" starttime="20220926 18:43:32.043" endtime="20220926 18:43:32.043"/>
</kw>
<status status="NOT RUN" starttime="20220926 18:43:32.043" endtime="20220926 18:43:32.043"/>
</branch>
<branch type="ELSE IF" condition="&quot; ${testcaseData}&quot; == &quot;TD015&quot;">
<kw name="Check Page Login">
<var>${message1}</var>
<arg>${Home_page}</arg>
<status status="NOT RUN" starttime="20220926 18:43:32.044" endtime="20220926 18:43:32.044"/>
</kw>
<kw name="Convert To String" library="BuiltIn">
<var>${message}</var>
<arg>${message1}</arg>
<doc>Converts the given item to a Unicode string.</doc>
<status status="NOT RUN" starttime="20220926 18:43:32.044" endtime="20220926 18:43:32.044"/>
</kw>
<status status="NOT RUN" starttime="20220926 18:43:32.044" endtime="20220926 18:43:32.044"/>
</branch>
<branch type="ELSE IF" condition="&quot; ${testcaseData}&quot; == &quot;TD016&quot;">
<kw name="Check Page Login">
<var>${message1}</var>
<arg>${Home_page}</arg>
<status status="NOT RUN" starttime="20220926 18:43:32.044" endtime="20220926 18:43:32.044"/>
</kw>
<kw name="Convert To String" library="BuiltIn">
<var>${message}</var>
<arg>${message1}</arg>
<doc>Converts the given item to a Unicode string.</doc>
<status status="NOT RUN" starttime="20220926 18:43:32.045" endtime="20220926 18:43:32.045"/>
</kw>
<status status="NOT RUN" starttime="20220926 18:43:32.044" endtime="20220926 18:43:32.045"/>
</branch>
<branch type="ELSE IF" condition="&quot; ${testcaseData}&quot; == &quot;TD017&quot;">
<kw name="Check Page Login">
<var>${message1}</var>
<arg>${Home_page}</arg>
<status status="NOT RUN" starttime="20220926 18:43:32.045" endtime="20220926 18:43:32.045"/>
</kw>
<kw name="Convert To String" library="BuiltIn">
<var>${message}</var>
<arg>${message1}</arg>
<doc>Converts the given item to a Unicode string.</doc>
<status status="NOT RUN" starttime="20220926 18:43:32.045" endtime="20220926 18:43:32.045"/>
</kw>
<status status="NOT RUN" starttime="20220926 18:43:32.045" endtime="20220926 18:43:32.045"/>
</branch>
<branch type="ELSE">
<kw name="Run Keyword And Return Status" library="BuiltIn">
<var>${checkVisible}</var>
<arg>Page Should Contain Element</arg>
<arg>${text_alert}</arg>
<doc>Runs the given keyword with given arguments and returns the status as a Boolean value.</doc>
<kw name="Page Should Contain Element" library="SeleniumLibrary">
<arg>${text_alert}</arg>
<doc>Verifies that element ``locator`` is found on the current page.</doc>
<msg timestamp="20220926 18:43:32.558" level="INFO">Current page contains element '//span[@id='LabelWarning']'.</msg>
<status status="PASS" starttime="20220926 18:43:32.046" endtime="20220926 18:43:32.558"/>
</kw>
<msg timestamp="20220926 18:43:32.558" level="INFO">${checkVisible} = True</msg>
<status status="PASS" starttime="20220926 18:43:32.045" endtime="20220926 18:43:32.558"/>
</kw>
<if>
<branch type="IF" condition="'${checkVisible}' == 'True'">
<kw name="Get Text" library="SeleniumLibrary">
<var>${message}</var>
<arg>${text_alert}</arg>
<doc>Returns the text value of the element identified by ``locator``.</doc>
<msg timestamp="20220926 18:43:33.584" level="INFO">${message} = ข้อมูลตรวจสอบสิทธิของท่านไม่ถูกต้องกรุณาป้อนใหม่อีกครั้ง</msg>
<status status="PASS" starttime="20220926 18:43:32.559" endtime="20220926 18:43:33.584"/>
</kw>
<status status="PASS" starttime="20220926 18:43:32.558" endtime="20220926 18:43:33.584"/>
</branch>
<status status="PASS" starttime="20220926 18:43:32.558" endtime="20220926 18:43:33.584"/>
</if>
<status status="PASS" starttime="20220926 18:43:32.045" endtime="20220926 18:43:33.584"/>
</branch>
<status status="PASS" starttime="20220926 18:43:32.042" endtime="20220926 18:43:33.584"/>
</if>
<if>
<branch type="IF" condition="'${Actual_Result.strip()}' == '${message.strip()}'">
<kw name="Set Suite Variable" library="BuiltIn">
<arg>${Status}</arg>
<arg>True</arg>
<doc>Makes a variable available everywhere within the scope of the current suite.</doc>
<status status="NOT RUN" starttime="20220926 18:43:33.586" endtime="20220926 18:43:33.586"/>
</kw>
<status status="NOT RUN" starttime="20220926 18:43:33.586" endtime="20220926 18:43:33.586"/>
</branch>
<branch type="ELSE">
<kw name="Set Suite Variable" library="BuiltIn">
<arg>${Status}</arg>
<arg>False</arg>
<doc>Makes a variable available everywhere within the scope of the current suite.</doc>
<msg timestamp="20220926 18:43:33.587" level="INFO">${Status} = False</msg>
<status status="PASS" starttime="20220926 18:43:33.586" endtime="20220926 18:43:33.587"/>
</kw>
<status status="PASS" starttime="20220926 18:43:33.586" endtime="20220926 18:43:33.587"/>
</branch>
<status status="PASS" starttime="20220926 18:43:33.584" endtime="20220926 18:43:33.587"/>
</if>
<kw name="Log To Console" library="BuiltIn">
<arg>${Status}</arg>
<doc>Logs the given message to the console.</doc>
<status status="PASS" starttime="20220926 18:43:33.587" endtime="20220926 18:43:33.587"/>
</kw>
<status status="PASS" starttime="20220926 18:43:32.030" endtime="20220926 18:43:33.588"/>
</kw>
<msg timestamp="20220926 18:43:33.588" level="INFO">${Status_1} = False</msg>
<msg timestamp="20220926 18:43:33.588" level="INFO">${message_1} = ข้อมูลตรวจสอบสิทธิของท่านไม่ถูกต้องกรุณาป้อนใหม่อีกครั้ง</msg>
<status status="PASS" starttime="20220926 18:43:32.027" endtime="20220926 18:43:33.588"/>
</kw>
<kw name="Set Variable If" library="BuiltIn">
<var>${Status_Actual}</var>
<arg>${i}&lt;=${excel.max_row}</arg>
<arg>${Status_1}</arg>
<doc>Sets variable based on the given condition.</doc>
<msg timestamp="20220926 18:43:33.589" level="INFO">${Status_Actual} = False</msg>
<status status="PASS" starttime="20220926 18:43:33.588" endtime="20220926 18:43:33.589"/>
</kw>
<kw name="Set Variable If" library="BuiltIn">
<var>${Status}</var>
<arg>'${Status_Actual}' == 'True'</arg>
<arg>PASS</arg>
<arg>FAIL</arg>
<doc>Sets variable based on the given condition.</doc>
<msg timestamp="20220926 18:43:33.590" level="INFO">${Status} = FAIL</msg>
<status status="PASS" starttime="20220926 18:43:33.590" endtime="20220926 18:43:33.590"/>
</kw>
<kw name="Run Keyword If" library="BuiltIn">
<arg>'${Status}' == 'FAIL'</arg>
<arg>Capture Page Screenshot</arg>
<arg>${EXECDIR}/Results/TC01_Student_Login/Screenshot/${testcaseData}.png</arg>
<doc>Runs the given keyword with the given arguments, if ``condition`` is true.</doc>
<kw name="Capture Page Screenshot" library="SeleniumLibrary">
<arg>${EXECDIR}/Results/TC01_Student_Login/Screenshot/${testcaseData}.png</arg>
<doc>Takes a screenshot of the current page and embeds it into a log file.</doc>
<msg timestamp="20220926 18:43:34.268" level="INFO" html="true">&lt;/td&gt;&lt;/tr&gt;&lt;tr&gt;&lt;td colspan="3"&gt;&lt;a href="../TC01_Student_Login/Screenshot/TD005.png"&gt;&lt;img src="../TC01_Student_Login/Screenshot/TD005.png" width="800px"&gt;&lt;/a&gt;</msg>
<status status="PASS" starttime="20220926 18:43:33.590" endtime="20220926 18:43:34.268"/>
</kw>
<status status="PASS" starttime="20220926 18:43:33.590" endtime="20220926 18:43:34.268"/>
</kw>
<kw name="Set Variable If" library="BuiltIn">
<var>${get_message}</var>
<arg>${i}&lt;=${excel.max_row}</arg>
<arg>${message_1}</arg>
<doc>Sets variable based on the given condition.</doc>
<msg timestamp="20220926 18:43:34.270" level="INFO">${get_message} = ข้อมูลตรวจสอบสิทธิของท่านไม่ถูกต้องกรุณาป้อนใหม่อีกครั้ง</msg>
<status status="PASS" starttime="20220926 18:43:34.268" endtime="20220926 18:43:34.270"/>
</kw>
<kw name="Set Variable If" library="BuiltIn">
<var>${Error}</var>
<arg>'${Status}' == 'FAIL'</arg>
<arg>Error</arg>
<arg>No Error</arg>
<doc>Sets variable based on the given condition.</doc>
<msg timestamp="20220926 18:43:34.271" level="INFO">${Error} = Error</msg>
<status status="PASS" starttime="20220926 18:43:34.270" endtime="20220926 18:43:34.271"/>
</kw>
<kw name="Set Variable If" library="BuiltIn">
<var>${Suggestion}</var>
<arg>'${Status}' == 'FAIL'</arg>
<arg>ควรมีการแจ้งเตือนให้ผู้ใช้งาน "${excel.cell(${i},4).value}"</arg>
<arg>-</arg>
<doc>Sets variable based on the given condition.</doc>
<msg timestamp="20220926 18:43:34.272" level="INFO">${Suggestion} = ควรมีการแจ้งเตือนให้ผู้ใช้งาน "“กรุณากรอกชื่อผู้ใช้โดยไม่เว้นช่องว่างระหว่างตัวอักษร”"</msg>
<status status="PASS" starttime="20220926 18:43:34.271" endtime="20220926 18:43:34.272"/>
</kw>
<kw name="Write Excel Cell" library="ExcelLibrary">
<arg>${i}</arg>
<arg>5</arg>
<arg>value=${get_message}</arg>
<arg>sheet_name=Sheet1</arg>
<doc>Writes value to the cell.</doc>
<status status="PASS" starttime="20220926 18:43:34.272" endtime="20220926 18:43:34.273"/>
</kw>
<kw name="Write Excel Cell" library="ExcelLibrary">
<arg>${i}</arg>
<arg>6</arg>
<arg>value=${Status}</arg>
<arg>sheet_name=Sheet1</arg>
<doc>Writes value to the cell.</doc>
<status status="PASS" starttime="20220926 18:43:34.273" endtime="20220926 18:43:34.274"/>
</kw>
<kw name="Write Excel Cell" library="ExcelLibrary">
<arg>${i}</arg>
<arg>7</arg>
<arg>value=${Error}</arg>
<arg>sheet_name=Sheet1</arg>
<doc>Writes value to the cell.</doc>
<status status="PASS" starttime="20220926 18:43:34.274" endtime="20220926 18:43:34.274"/>
</kw>
<kw name="Write Excel Cell" library="ExcelLibrary">
<arg>${i}</arg>
<arg>8</arg>
<arg>value=${Suggestion}</arg>
<arg>sheet_name=Sheet1</arg>
<doc>Writes value to the cell.</doc>
<status status="PASS" starttime="20220926 18:43:34.274" endtime="20220926 18:43:34.279"/>
</kw>
<status status="PASS" starttime="20220926 18:43:24.371" endtime="20220926 18:43:34.279"/>
</iter>
<iter>
<var name="${i}">7</var>
<kw name="Set Variable If" library="BuiltIn">
<var>${tcid}</var>
<arg>'${excel.cell(${i},1).value}'=='None'</arg>
<arg>${Empty}</arg>
<arg>${excel.cell(${i},1).value}</arg>
<doc>Sets variable based on the given condition.</doc>
<msg timestamp="20220926 18:43:34.282" level="INFO">${tcid} = TD006</msg>
[...]
<status status="PASS" starttime="20220926 18:45:43.771" endtime="20220926 18:45:44.523"/>
</kw>
<kw name="Set Variable If" library="BuiltIn">
<var>${get_message}</var>
<arg>${i}&lt;=${excel.max_row}</arg>
<arg>${message_1}</arg>
<doc>Sets variable based on the given condition.</doc>
<msg timestamp="20220926 18:45:44.525" level="INFO">${get_message} = ข้อมูลตรวจสอบสิทธิของท่านไม่ถูกต้องกรุณาป้อนใหม่อีกครั้ง</msg>
<status status="PASS" starttime="20220926 18:45:44.523" endtime="20220926 18:45:44.525"/>
</kw>
<kw name="Set Variable If" library="BuiltIn">
<var>${Error}</var>
<arg>'${Status}' == 'FAIL'</arg>
<arg>Error</arg>
<arg>No Error</arg>
<doc>Sets variable based on the given condition.</doc>
<msg timestamp="20220926 18:45:44.526" level="INFO">${Error} = Error</msg>
<status status="PASS" starttime="20220926 18:45:44.525" endtime="20220926 18:45:44.526"/>
</kw>
<kw name="Set Variable If" library="BuiltIn">
<var>${Suggestion}</var>
<arg>'${Status}' == 'FAIL'</arg>
<arg>ควรมีการแจ้งเตือนให้ผู้ใช้งาน "${excel.cell(${i},4).value}"</arg>
<arg>-</arg>
<doc>Sets variable based on the given condition.</doc>
<msg timestamp="20220926 18:45:44.527" level="INFO">${Suggestion} = ควรมีการแจ้งเตือนให้ผู้ใช้งาน "ระบบจะแสดงข้อความ“กรุณากรอกรหัสผ่านให้มีขนาดความยาวตั้งแต่ 8-16 ตัวอักษร”"</msg>
<status status="PASS" starttime="20220926 18:45:44.526" endtime="20220926 18:45:44.527"/>
</kw>
<kw name="Write Excel Cell" library="ExcelLibrary">
<arg>${i}</arg>
<arg>5</arg>
<arg>value=${get_message}</arg>
<arg>sheet_name=Sheet1</arg>
<doc>Writes value to the cell.</doc>
<status status="PASS" starttime="20220926 18:45:44.527" endtime="20220926 18:45:44.528"/>
</kw>
<kw name="Write Excel Cell" library="ExcelLibrary">
<arg>${i}</arg>
<arg>6</arg>
<arg>value=${Status}</arg>
<arg>sheet_name=Sheet1</arg>
<doc>Writes value to the cell.</doc>
<status status="PASS" starttime="20220926 18:45:44.528" endtime="20220926 18:45:44.529"/>
</kw>
<kw name="Write Excel Cell" library="ExcelLibrary">
<arg>${i}</arg>
<arg>7</arg>
<arg>value=${Error}</arg>
<arg>sheet_name=Sheet1</arg>
<doc>Writes value to the cell.</doc>
<status status="PASS" starttime="20220926 18:45:44.529" endtime="20220926 18:45:44.530"/>
</kw>
<kw name="Write Excel Cell" library="ExcelLibrary">
<arg>${i}</arg>
<arg>8</arg>
<arg>value=${Suggestion}</arg>
<arg>sheet_name=Sheet1</arg>
<doc>Writes value to the cell.</doc>
<status status="PASS" starttime="20220926 18:45:44.530" endtime="20220926 18:45:44.531"/>
</kw>
<status status="PASS" starttime="20220926 18:45:34.417" endtime="20220926 18:45:44.531"/>
</iter>
<iter>
<var name="${i}">20</var>
<kw name="Set Variable If" library="BuiltIn">
<var>${tcid}</var>
<arg>'${excel.cell(${i},1).value}'=='None'</arg>
<arg>${Empty}</arg>
<arg>${excel.cell(${i},1).value}</arg>
<doc>Sets variable based on the given condition.</doc>
<msg timestamp="20220926 18:45:44.534" level="INFO">${tcid} = TD019</msg>
<status status="PASS" starttime="20220926 18:45:44.531" endtime="20220926 18:45:44.534"/>
</kw>
<kw name="Set Suite Variable" library="BuiltIn">
<arg>${testcaseData}</arg>
<arg>${tcid}</arg>
<doc>Makes a variable available everywhere within the scope of the current suite.</doc>
<msg timestamp="20220926 18:45:44.536" level="INFO">${testcaseData} = TD019</msg>
<status status="PASS" starttime="20220926 18:45:44.534" endtime="20220926 18:45:44.536"/>
</kw>
<kw name="Set Variable If" library="BuiltIn">
<var>${user}</var>
<arg>'${excel.cell(${i},2).value}'=='None'</arg>
<arg>${Empty}</arg>
<arg>${excel.cell(${i},2).value}</arg>
<doc>Sets variable based on the given condition.</doc>
<msg timestamp="20220926 18:45:44.538" level="INFO">${user} = mju6204106306</msg>
<status status="PASS" starttime="20220926 18:45:44.536" endtime="20220926 18:45:44.538"/>
</kw>
<kw name="Set Variable If" library="BuiltIn">
<var>${pass}</var>
<arg>'${excel.cell(${i},3).value}'=='None'</arg>
<arg>${Empty}</arg>
<arg>${excel.cell(${i},3).value}</arg>
<doc>Sets variable based on the given condition.</doc>
<msg timestamp="20220926 18:45:44.540" level="INFO">${pass} = MJU62000000125476</msg>
<status status="PASS" starttime="20220926 18:45:44.538" endtime="20220926 18:45:44.540"/>
</kw>
<if>
<branch type="IF" condition="${i} &gt;= 3">
<kw name="Go To" library="SeleniumLibrary">
<arg>${Search_URL}</arg>
<doc>Navigates the current browser window to the provided ``url``.</doc>
<msg timestamp="20220926 18:45:44.541" level="INFO">Opening url 'http://localhost:13385/MJUDormLeaveForm/'</msg>
<status status="PASS" starttime="20220926 18:45:44.541" endtime="20220926 18:45:45.383"/>
</kw>
<status status="PASS" starttime="20220926 18:45:44.540" endtime="20220926 18:45:45.383"/>
</branch>
<status status="PASS" starttime="20220926 18:45:44.540" endtime="20220926 18:45:45.383"/>
</if>
<kw name="Loging Page">
<arg>${user}</arg>
<arg>${pass}</arg>
<kw name="Click Element" library="SeleniumLibrary">
<arg>${Cilck_Login}</arg>
<doc>Click the element identified by ``locator``.</doc>
<msg timestamp="20220926 18:45:45.384" level="INFO">Clicking element '//a[contains(text(),'เข้าสู่ระบบ')]'.</msg>
<status status="PASS" starttime="20220926 18:45:45.384" endtime="20220926 18:45:47.102"/>
</kw>
<kw name="Click Element" library="SeleniumLibrary">
<arg>${student}</arg>
<doc>Click the element identified by ``locator``.</doc>
<msg timestamp="20220926 18:45:47.102" level="INFO">Clicking element '//label[contains(text(),'นักศึกษา')]'.</msg>
<status status="PASS" starttime="20220926 18:45:47.102" endtime="20220926 18:45:48.155"/>
</kw>
<kw name="Input Text" library="SeleniumLibrary">
<arg>${student_Username}</arg>
<arg>${username}</arg>
<doc>Types the given ``text`` into the text field identified by ``locator``.</doc>
<msg timestamp="20220926 18:45:48.156" level="INFO">Typing text 'mju6204106306' into text field '//input[@id='TextBoxLoginName']'.</msg>
<status status="PASS" starttime="20220926 18:45:48.155" endtime="20220926 18:45:49.782"/>
</kw>
<kw name="Input Text" library="SeleniumLibrary">
<arg>${student_Password}</arg>
<arg>${password}</arg>
<doc>Types the given ``text`` into the text field identified by ``locator``.</doc>
<msg timestamp="20220926 18:45:49.783" level="INFO">Typing text 'MJU62000000125476' into text field '//input[@id='TextBoxPassword']'.</msg>
<status status="PASS" starttime="20220926 18:45:49.782" endtime="20220926 18:45:51.392"/>
</kw>
<kw name="Click Element" library="SeleniumLibrary">
<arg>${Cilck_Button}</arg>
<doc>Click the element identified by ``locator``.</doc>
<msg timestamp="20220926 18:45:51.393" level="INFO">Clicking element '//a[@id='LinkButtonLogin']'.</msg>
<status status="PASS" starttime="20220926 18:45:51.392" endtime="20220926 18:45:52.461"/>
</kw>
<status status="PASS" starttime="20220926 18:45:45.383" endtime="20220926 18:45:52.461"/>
</kw>
<kw name="Run Keyword If" library="BuiltIn">
<var>${Status_1}</var>
<var>${message_1}</var>
<arg>${i}&lt;=${excel.max_row}</arg>
<arg>Check Error page</arg>
<arg>${excel.cell(${i},4).value}</arg>
<doc>Runs the given keyword with the given arguments, if ``condition`` is true.</doc>
<kw name="Check Error page">
<arg>${excel.cell(${i},4).value}</arg>
<kw name="Log To Console" library="BuiltIn">
<arg>${testcaseData}</arg>
<doc>Logs the given message to the console.</doc>
<status status="PASS" starttime="20220926 18:45:52.464" endtime="20220926 18:45:52.465"/>
</kw>
<if>
<branch type="IF" condition="&quot;${testcaseData}&quot; == &quot;TD001&quot;">
<kw name="Check Page Login">
<var>${message1}</var>
<arg>${Home_page}</arg>
<status status="NOT RUN" starttime="20220926 18:45:52.465" endtime="20220926 18:45:52.465"/>
</kw>
<kw name="Convert To String" library="BuiltIn">
<var>${message}</var>
<arg>${message1}</arg>
<doc>Converts the given item to a Unicode string.</doc>
<status status="NOT RUN" starttime="20220926 18:45:52.465" endtime="20220926 18:45:52.465"/>
</kw>
<status status="NOT RUN" starttime="20220926 18:45:52.465" endtime="20220926 18:45:52.465"/>
</branch>
<branch type="ELSE IF" condition="&quot; ${testcaseData}&quot; == &quot;TD014&quot;">
<kw name="Check Page Login">
<var>${message1}</var>
<arg>${Home_page}</arg>
<status status="NOT RUN" starttime="20220926 18:45:52.466" endtime="20220926 18:45:52.466"/>
</kw>
<kw name="Convert To String" library="BuiltIn">
<var>${message}</var>
<arg>${message1}</arg>
<doc>Converts the given item to a Unicode string.</doc>
<status status="NOT RUN" starttime="20220926 18:45:52.466" endtime="20220926 18:45:52.466"/>
</kw>
<status status="NOT RUN" starttime="20220926 18:45:52.466" endtime="20220926 18:45:52.466"/>
</branch>
<branch type="ELSE IF" condition="&quot; ${testcaseData}&quot; == &quot;TD015&quot;">
<kw name="Check Page Login">
<var>${message1}</var>
<arg>${Home_page}</arg>
<status status="NOT RUN" starttime="20220926 18:45:52.466" endtime="20220926 18:45:52.466"/>
</kw>
<kw name="Convert To String" library="BuiltIn">
<var>${message}</var>
<arg>${message1}</arg>
<doc>Converts the given item to a Unicode string.</doc>
<status status="NOT RUN" starttime="20220926 18:45:52.466" endtime="20220926 18:45:52.466"/>
</kw>
<status status="NOT RUN" starttime="20220926 18:45:52.466" endtime="20220926 18:45:52.467"/>
</branch>
<branch type="ELSE IF" condition="&quot; ${testcaseData}&quot; == &quot;TD016&quot;">
<kw name="Check Page Login">
<var>${message1}</var>
<arg>${Home_page}</arg>
<status status="NOT RUN" starttime="20220926 18:45:52.467" endtime="20220926 18:45:52.467"/>
</kw>
<kw name="Convert To String" library="BuiltIn">
<var>${message}</var>
<arg>${message1}</arg>
<doc>Converts the given item to a Unicode string.</doc>
<status status="NOT RUN" starttime="20220926 18:45:52.467" endtime="20220926 18:45:52.467"/>
</kw>
<status status="NOT RUN" starttime="20220926 18:45:52.467" endtime="20220926 18:45:52.467"/>
</branch>
<branch type="ELSE IF" condition="&quot; ${testcaseData}&quot; == &quot;TD017&quot;">
<kw name="Check Page Login">
<var>${message1}</var>
<arg>${Home_page}</arg>
<status status="NOT RUN" starttime="20220926 18:45:52.467" endtime="20220926 18:45:52.467"/>
</kw>
<kw name="Convert To String" library="BuiltIn">
<var>${message}</var>
<arg>${message1}</arg>
<doc>Converts the given item to a Unicode string.</doc>
<status status="NOT RUN" starttime="20220926 18:45:52.467" endtime="20220926 18:45:52.468"/>
</kw>
<status status="NOT RUN" starttime="20220926 18:45:52.467" endtime="20220926 18:45:52.468"/>
</branch>
<branch type="ELSE">
<kw name="Run Keyword And Return Status" library="BuiltIn">
<var>${checkVisible}</var>
<arg>Page Should Contain Element</arg>
<arg>${text_alert}</arg>
<doc>Runs the given keyword with given arguments and returns the status as a Boolean value.</doc>
<kw name="Page Should Contain Element" library="SeleniumLibrary">
<arg>${text_alert}</arg>
<doc>Verifies that element ``locator`` is found on the current page.</doc>
<msg timestamp="20220926 18:45:52.983" level="INFO">Current page contains element '//span[@id='LabelWarning']'.</msg>
<status status="PASS" starttime="20220926 18:45:52.468" endtime="20220926 18:45:52.983"/>
</kw>
<msg timestamp="20220926 18:45:52.983" level="INFO">${checkVisible} = True</msg>
<status status="PASS" starttime="20220926 18:45:52.468" endtime="20220926 18:45:52.983"/>
</kw>
<if>
<branch type="IF" condition="'${checkVisible}' == 'True'">
<kw name="Get Text" library="SeleniumLibrary">
<var>${message}</var>
<arg>${text_alert}</arg>
<doc>Returns the text value of the element identified by ``locator``.</doc>
<msg timestamp="20220926 18:45:54.009" level="INFO">${message} = ข้อมูลตรวจสอบสิทธิของท่านไม่ถูกต้องกรุณาป้อนใหม่อีกครั้ง</msg>
<status status="PASS" starttime="20220926 18:45:52.984" endtime="20220926 18:45:54.009"/>
</kw>
<status status="PASS" starttime="20220926 18:45:52.983" endtime="20220926 18:45:54.009"/>
</branch>
<status status="PASS" starttime="20220926 18:45:52.983" endtime="20220926 18:45:54.009"/>
</if>
<status status="PASS" starttime="20220926 18:45:52.468" endtime="20220926 18:45:54.009"/>
</branch>
<status status="PASS" starttime="20220926 18:45:52.465" endtime="20220926 18:45:54.009"/>
</if>
<if>
<branch type="IF" condition="'${Actual_Result.strip()}' == '${message.strip()}'">
<kw name="Set Suite Variable" library="BuiltIn">
<arg>${Status}</arg>
<arg>True</arg>
<doc>Makes a variable available everywhere within the scope of the current suite.</doc>
<status status="NOT RUN" starttime="20220926 18:45:54.011" endtime="20220926 18:45:54.011"/>
</kw>
<status status="NOT RUN" starttime="20220926 18:45:54.011" endtime="20220926 18:45:54.011"/>
</branch>
<branch type="ELSE">
<kw name="Set Suite Variable" library="BuiltIn">
<arg>${Status}</arg>
<arg>False</arg>
<doc>Makes a variable available everywhere within the scope of the current suite.</doc>
<msg timestamp="20220926 18:45:54.012" level="INFO">${Status} = False</msg>
<status status="PASS" starttime="20220926 18:45:54.011" endtime="20220926 18:45:54.012"/>
</kw>
<status status="PASS" starttime="20220926 18:45:54.011" endtime="20220926 18:45:54.012"/>
</branch>
<status status="PASS" starttime="20220926 18:45:54.009" endtime="20220926 18:45:54.012"/>
</if>
<kw name="Log To Console" library="BuiltIn">
<arg>${Status}</arg>
<doc>Logs the given message to the console.</doc>
<status status="PASS" starttime="20220926 18:45:54.012" endtime="20220926 18:45:54.013"/>
</kw>
<status status="PASS" starttime="20220926 18:45:52.463" endtime="20220926 18:45:54.013"/>
</kw>
<msg timestamp="20220926 18:45:54.013" level="INFO">${Status_1} = False</msg>
<msg timestamp="20220926 18:45:54.013" level="INFO">${message_1} = ข้อมูลตรวจสอบสิทธิของท่านไม่ถูกต้องกรุณาป้อนใหม่อีกครั้ง</msg>
<status status="PASS" starttime="20220926 18:45:52.461" endtime="20220926 18:45:54.013"/>
</kw>
<kw name="Set Variable If" library="BuiltIn">
<var>${Status_Actual}</var>
<arg>${i}&lt;=${excel.max_row}</arg>
<arg>${Status_1}</arg>
<doc>Sets variable based on the given condition.</doc>
<msg timestamp="20220926 18:45:54.015" level="INFO">${Status_Actual} = False</msg>
<status status="PASS" starttime="20220926 18:45:54.013" endtime="20220926 18:45:54.015"/>
</kw>
<kw name="Set Variable If" library="BuiltIn">
<var>${Status}</var>
<arg>'${Status_Actual}' == 'True'</arg>
<arg>PASS</arg>
<arg>FAIL</arg>
<doc>Sets variable based on the given condition.</doc>
<msg timestamp="20220926 18:45:54.015" level="INFO">${Status} = FAIL</msg>
<status status="PASS" starttime="20220926 18:45:54.015" endtime="20220926 18:45:54.015"/>
</kw>
<kw name="Run Keyword If" library="BuiltIn">
<arg>'${Status}' == 'FAIL'</arg>
<arg>Capture Page Screenshot</arg>
<arg>${EXECDIR}/Results/TC01_Student_Login/Screenshot/${testcaseData}.png</arg>
<doc>Runs the given keyword with the given arguments, if ``condition`` is true.</doc>
<kw name="Capture Page Screenshot" library="SeleniumLibrary">
<arg>${EXECDIR}/Results/TC01_Student_Login/Screenshot/${testcaseData}.png</arg>
<doc>Takes a screenshot of the current page and embeds it into a log file.</doc>
<msg timestamp="20220926 18:45:54.739" level="INFO" html="true">&lt;/td&gt;&lt;/tr&gt;&lt;tr&gt;&lt;td colspan="3"&gt;&lt;a href="../TC01_Student_Login/Screenshot/TD019.png"&gt;&lt;img src="../TC01_Student_Login/Screenshot/TD019.png" width="800px"&gt;&lt;/a&gt;</msg>
<status status="PASS" starttime="20220926 18:45:54.016" endtime="20220926 18:45:54.739"/>
</kw>
<status status="PASS" starttime="20220926 18:45:54.016" endtime="20220926 18:45:54.739"/>
</kw>
<kw name="Set Variable If" library="BuiltIn">
<var>${get_message}</var>
<arg>${i}&lt;=${excel.max_row}</arg>
<arg>${message_1}</arg>
<doc>Sets variable based on the given condition.</doc>
<msg timestamp="20220926 18:45:54.741" level="INFO">${get_message} = ข้อมูลตรวจสอบสิทธิของท่านไม่ถูกต้องกรุณาป้อนใหม่อีกครั้ง</msg>
<status status="PASS" starttime="20220926 18:45:54.739" endtime="20220926 18:45:54.741"/>
</kw>
<kw name="Set Variable If" library="BuiltIn">
<var>${Error}</var>
<arg>'${Status}' == 'FAIL'</arg>
<arg>Error</arg>
<arg>No Error</arg>
<doc>Sets variable based on the given condition.</doc>
<msg timestamp="20220926 18:45:54.741" level="INFO">${Error} = Error</msg>
<status status="PASS" starttime="20220926 18:45:54.741" endtime="20220926 18:45:54.741"/>
</kw>
<kw name="Set Variable If" library="BuiltIn">
<var>${Suggestion}</var>
<arg>'${Status}' == 'FAIL'</arg>
<arg>ควรมีการแจ้งเตือนให้ผู้ใช้งาน "${excel.cell(${i},4).value}"</arg>
<arg>-</arg>
<doc>Sets variable based on the given condition.</doc>
<msg timestamp="20220926 18:45:54.743" level="INFO">${Suggestion} = ควรมีการแจ้งเตือนให้ผู้ใช้งาน "ระบบจะแสดงข้อความ“กรุณากรอกรหัสผ่านให้มีขนาดความยาวไม่เกิน16 ตัวอักษร”"</msg>
<status status="PASS" starttime="20220926 18:45:54.742" endtime="20220926 18:45:54.743"/>
</kw>
<kw name="Write Excel Cell" library="ExcelLibrary">
<arg>${i}</arg>
<arg>5</arg>
<arg>value=${get_message}</arg>
<arg>sheet_name=Sheet1</arg>
<doc>Writes value to the cell.</doc>
<status status="PASS" starttime="20220926 18:45:54.743" endtime="20220926 18:45:54.744"/>
</kw>
<kw name="Write Excel Cell" library="ExcelLibrary">
<arg>${i}</arg>
<arg>6</arg>
<arg>value=${Status}</arg>
<arg>sheet_name=Sheet1</arg>
<doc>Writes value to the cell.</doc>
<status status="PASS" starttime="20220926 18:45:54.744" endtime="20220926 18:45:54.744"/>
</kw>
<kw name="Write Excel Cell" library="ExcelLibrary">
<arg>${i}</arg>
<arg>7</arg>
<arg>value=${Error}</arg>
<arg>sheet_name=Sheet1</arg>
<doc>Writes value to the cell.</doc>
<status status="PASS" starttime="20220926 18:45:54.744" endtime="20220926 18:45:54.745"/>
</kw>
<kw name="Write Excel Cell" library="ExcelLibrary">
<arg>${i}</arg>
<arg>8</arg>
<arg>value=${Suggestion}</arg>
<arg>sheet_name=Sheet1</arg>
<doc>Writes value to the cell.</doc>
<status status="PASS" starttime="20220926 18:45:54.745" endtime="20220926 18:45:54.746"/>
</kw>
<status status="PASS" starttime="20220926 18:45:44.531" endtime="20220926 18:45:54.746"/>
</iter>
<status status="PASS" starttime="20220926 18:42:45.406" endtime="20220926 18:45:54.746"/>
</for>
<kw name="Save Excel Document" library="ExcelLibrary">
<arg>Results/WriteExcel/TC01_Student_Login.xlsx</arg>
<doc>Saves the current document to disk.</doc>
<status status="PASS" starttime="20220926 18:45:54.746" endtime="20220926 18:45:54.793"/>
</kw>
<kw name="Close All Excel Documents" library="ExcelLibrary">
<doc>Closes all opened documents.</doc>
<status status="PASS" starttime="20220926 18:45:54.794" endtime="20220926 18:45:54.794"/>
</kw>
<kw name="Close Browser" library="SeleniumLibrary">
<doc>Closes the current browser.</doc>
<status status="PASS" starttime="20220926 18:45:54.795" endtime="20220926 18:45:57.415"/>
</kw>
<kw name="Stop Video Recording" library="ScreenCapLibrary">
<arg>alias=None</arg>
<doc>Stops the video recording corresponding to the given ``alias`` and generates the file in WebM format. If no
``alias`` is specified, the last opened recording will be closed. If there are more recordings with the same
alias all of them will be closed. If ``embed`` argument was set to
``True`` the video will be displayed in the log file.
Furthermore, if the ``save_to_disk`` parameter is set to ``False``, the video will be embedded and available in
the log file only.</doc>
<msg timestamp="20220926 18:45:57.542" level="INFO" html="true">&lt;a href="TC01%20Student%20Login_2.webm"&gt;&lt;video width="100px" autoplay&gt;&lt;source src="TC01%20Student%20Login_2.webm" type="video/webm"&gt;&lt;/video&gt;&lt;/a&gt;</msg>
<status status="PASS" starttime="20220926 18:45:57.416" endtime="20220926 18:45:57.542"/>
</kw>
<status status="PASS" starttime="20220926 18:42:40.428" endtime="20220926 18:45:57.543"/>
</test>
<status status="PASS" starttime="20220926 18:42:39.465" endtime="20220926 18:45:57.545"/>
</suite>
<statistics>
<total>
<stat pass="1" fail="0" skip="0">All Tests</stat>
</total>
<tag>
</tag>
<suite>
<stat pass="1" fail="0" skip="0" id="s1" name="TC01 Student Login">TC01 Student Login</stat>
</suite>
</statistics>
<errors>
</errors>
</robot>
