<?xml version="1.0" encoding="UTF-8"?>
<robot generator="Robot 5.0.1 (Python 3.10.0 on win32)" generated="20220927 14:24:48.261" rpa="false" schemaversion="3">
<suite id="s1" name="TC01 Student Login" source="D:\pycharm\test\TestCase\TC01_Student_Login.robot">
<test id="s1-t1" name="TC01_Student_Login" line="8">
<kw name="Begin Webpage">
<kw name="Open Browser" library="SeleniumLibrary">
<arg>${Search_URL}</arg>
<arg>${Browser}</arg>
<doc>Opens a new browser instance to the optional ``url``.</doc>
<msg timestamp="20220927 14:24:50.552" level="INFO">Opening browser 'chrome' to base url 'http://localhost:13385/MJUDormLeaveForm/'.</msg>
<status status="PASS" starttime="20220927 14:24:50.552" endtime="20220927 14:24:53.603"/>
</kw>
<kw name="Maximize Browser Window" library="SeleniumLibrary">
<doc>Maximizes current browser window.</doc>
<status status="PASS" starttime="20220927 14:24:53.604" endtime="20220927 14:24:53.767"/>
</kw>
<kw name="Set Selenium Speed" library="SeleniumLibrary">
<arg>0.5s</arg>
<doc>Sets the delay that is waited after each Selenium command.</doc>
<status status="PASS" starttime="20220927 14:24:53.767" endtime="20220927 14:24:53.769"/>
</kw>
<status status="PASS" starttime="20220927 14:24:50.550" endtime="20220927 14:24:53.770"/>
</kw>
<kw name="Start Video Recording" library="ScreenCapLibrary">
<arg>alias=None</arg>
<arg>name=TC01 Student Login</arg>
<arg>fps=None</arg>
<arg>size_percentage=1</arg>
<arg>embed=True</arg>
<arg>embed_width=100px</arg>
<arg>monitor=1</arg>
<doc>Starts the recording of a video in the background with the specified ``name``.
The recording can be stopped by calling the `Stop Video Recording` keyword.</doc>
<msg timestamp="20220927 14:24:56.100" level="INFO">Automatically setting a fps of 4.5</msg>
<status status="PASS" starttime="20220927 14:24:53.773" endtime="20220927 14:24:56.106"/>
</kw>
<kw name="Open Excel Document" library="ExcelLibrary">
<arg>TestData//TC01-Student Login1.xlsx</arg>
<arg>doc_id=Sheet1</arg>
<doc>Opens xlsx document file.</doc>
<status status="PASS" starttime="20220927 14:24:56.108" endtime="20220927 14:24:56.153"/>
</kw>
<kw name="Get Sheet" library="ExcelLibrary">
<var>${excel}</var>
<arg>Sheet1</arg>
<doc>Returns a page from the current document.</doc>
<msg timestamp="20220927 14:24:56.157" level="INFO">${excel} = &lt;Worksheet "Sheet1"&gt;</msg>
<status status="PASS" starttime="20220927 14:24:56.156" endtime="20220927 14:24:56.158"/>
</kw>
<for flavor="IN RANGE">
<var>${i}</var>
<value>2</value>
<value>${excel.max_row+1}</value>
<iter>
<var name="${i}">2</var>
<kw name="Set Variable If" library="BuiltIn">
<var>${tcid}</var>
<arg>'${excel.cell(${i},1).value}'=='None'</arg>
<arg>${Empty}</arg>
<arg>${excel.cell(${i},1).value}</arg>
<doc>Sets variable based on the given condition.</doc>
<msg timestamp="20220927 14:24:56.167" level="INFO">${tcid} = TD001</msg>
<status status="PASS" starttime="20220927 14:24:56.162" endtime="20220927 14:24:56.167"/>
</kw>
<kw name="Set Suite Variable" library="BuiltIn">
<arg>${testcaseData}</arg>
<arg>${tcid}</arg>
<doc>Makes a variable available everywhere within the scope of the current suite.</doc>
<msg timestamp="20220927 14:24:56.171" level="INFO">${testcaseData} = TD001</msg>
<status status="PASS" starttime="20220927 14:24:56.167" endtime="20220927 14:24:56.171"/>
</kw>
<kw name="Set Variable If" library="BuiltIn">
<var>${user}</var>
<arg>'${excel.cell(${i},2).value}'=='None'</arg>
<arg>${Empty}</arg>
<arg>${excel.cell(${i},2).value}</arg>
<doc>Sets variable based on the given condition.</doc>
<msg timestamp="20220927 14:24:56.180" level="INFO">${user} = mju6204106306</msg>
<status status="PASS" starttime="20220927 14:24:56.171" endtime="20220927 14:24:56.182"/>
</kw>
<kw name="Set Variable If" library="BuiltIn">
<var>${pass}</var>
<arg>'${excel.cell(${i},3).value}'=='None'</arg>
<arg>${Empty}</arg>
<arg>${excel.cell(${i},3).value}</arg>
<doc>Sets variable based on the given condition.</doc>
<msg timestamp="20220927 14:24:56.196" level="INFO">${pass} = MJU@11022001</msg>
<status status="PASS" starttime="20220927 14:24:56.183" endtime="20220927 14:24:56.196"/>
</kw>
<if>
<branch type="IF" condition="${i} &gt;= 3">
<kw name="Go To" library="SeleniumLibrary">
<arg>${Search_URL}</arg>
<doc>Navigates the current browser window to the provided ``url``.</doc>
<status status="NOT RUN" starttime="20220927 14:24:56.202" endtime="20220927 14:24:56.204"/>
</kw>
<status status="NOT RUN" starttime="20220927 14:24:56.200" endtime="20220927 14:24:56.205"/>
</branch>
<status status="PASS" starttime="20220927 14:24:56.197" endtime="20220927 14:24:56.205"/>
</if>
<kw name="Loging Page">
<arg>${user}</arg>
<arg>${pass}</arg>
<kw name="Click Element" library="SeleniumLibrary">
<arg>${Cilck_Login}</arg>
<doc>Click the element identified by ``locator``.</doc>
<msg timestamp="20220927 14:24:56.218" level="INFO">Clicking element '//a[contains(text(),'เข้าสู่ระบบ')]'.</msg>
<status status="PASS" starttime="20220927 14:24:56.210" endtime="20220927 14:24:58.624"/>
</kw>
<kw name="Click Element" library="SeleniumLibrary">
<arg>${student}</arg>
<doc>Click the element identified by ``locator``.</doc>
<msg timestamp="20220927 14:24:58.626" level="INFO">Clicking element '//label[contains(text(),'นักศึกษา')]'.</msg>
<status status="PASS" starttime="20220927 14:24:58.625" endtime="20220927 14:24:59.757"/>
</kw>
<kw name="Input Text" library="SeleniumLibrary">
<arg>${student_Username}</arg>
<arg>${username}</arg>
<doc>Types the given ``text`` into the text field identified by ``locator``.</doc>
<msg timestamp="20220927 14:24:59.759" level="INFO">Typing text 'mju6204106306' into text field '//input[@id='TextBoxLoginName']'.</msg>
<status status="PASS" starttime="20220927 14:24:59.757" endtime="20220927 14:25:01.772"/>
</kw>
<kw name="Input Text" library="SeleniumLibrary">
<arg>${student_Password}</arg>
<arg>${password}</arg>
<doc>Types the given ``text`` into the text field identified by ``locator``.</doc>
<msg timestamp="20220927 14:25:01.774" level="INFO">Typing text 'MJU@11022001' into text field '//input[@id='TextBoxPassword']'.</msg>
<status status="PASS" starttime="20220927 14:25:01.773" endtime="20220927 14:25:03.478"/>
</kw>
<kw name="Click Element" library="SeleniumLibrary">
<arg>${Cilck_Button}</arg>
<doc>Click the element identified by ``locator``.</doc>
<msg timestamp="20220927 14:25:03.480" level="INFO">Clicking element '//a[@id='LinkButtonLogin']'.</msg>
<status status="PASS" starttime="20220927 14:25:03.479" endtime="20220927 14:25:04.613"/>
</kw>
<status status="PASS" starttime="20220927 14:24:56.206" endtime="20220927 14:25:04.614"/>
</kw>
<kw name="Run Keyword If" library="BuiltIn">
<var>${Status_1}</var>
<var>${message_1}</var>
<arg>${i}&lt;=${excel.max_row}</arg>
<arg>Check Error page</arg>
<arg>${excel.cell(${i},4).value}</arg>
<doc>Runs the given keyword with the given arguments, if ``condition`` is true.</doc>
<kw name="Check Error page">
<arg>${excel.cell(${i},4).value}</arg>
<kw name="Log To Console" library="BuiltIn">
<arg>${testcaseData}</arg>
<doc>Logs the given message to the console.</doc>
<status status="PASS" starttime="20220927 14:25:04.628" endtime="20220927 14:25:04.635"/>
</kw>
<if>
<branch type="IF" condition="&quot;${testcaseData}&quot; == &quot;TD001&quot;">
<kw name="Check Page Login">
<var>${message1}</var>
<arg>${Home_page}</arg>
<kw name="Run Keyword And Return Status" library="BuiltIn">
<var>${Status}</var>
<arg>Wait Until Element Is Visible</arg>
<arg>${locator}</arg>
<arg>30s</arg>
<doc>Runs the given keyword with given arguments and returns the status as a Boolean value.</doc>
<kw name="Wait Until Element Is Visible" library="SeleniumLibrary">
<arg>${locator}</arg>
<arg>30s</arg>
<doc>Waits until the element ``locator`` is visible.</doc>
<status status="PASS" starttime="20220927 14:25:04.640" endtime="20220927 14:25:06.928"/>
</kw>
<msg timestamp="20220927 14:25:06.928" level="INFO">${Status} = True</msg>
<status status="PASS" starttime="20220927 14:25:04.639" endtime="20220927 14:25:06.928"/>
</kw>
<kw name="Set Variable If" library="BuiltIn">
<var>${Result}</var>
<arg>'${Status}'=='True'</arg>
<arg>เข้าสู่ระบบเรียบร้อยแล้ว</arg>
<arg>เข้าสู่ระบบไม่สำเร็จ</arg>
<doc>Sets variable based on the given condition.</doc>
<msg timestamp="20220927 14:25:06.931" level="INFO">${Result} = เข้าสู่ระบบเรียบร้อยแล้ว</msg>
<status status="PASS" starttime="20220927 14:25:06.929" endtime="20220927 14:25:06.931"/>
</kw>
<msg timestamp="20220927 14:25:06.931" level="INFO">${message1} = เข้าสู่ระบบเรียบร้อยแล้ว</msg>
<status status="PASS" starttime="20220927 14:25:04.637" endtime="20220927 14:25:06.931"/>
</kw>
<kw name="Convert To String" library="BuiltIn">
<var>${message}</var>
<arg>${message1}</arg>
<doc>Converts the given item to a Unicode string.</doc>
<msg timestamp="20220927 14:25:06.932" level="INFO">${message} = เข้าสู่ระบบเรียบร้อยแล้ว</msg>
<status status="PASS" starttime="20220927 14:25:06.931" endtime="20220927 14:25:06.932"/>
</kw>
<status status="PASS" starttime="20220927 14:25:04.636" endtime="20220927 14:25:06.932"/>
</branch>
<branch type="ELSE IF" condition="&quot; ${testcaseData}&quot; == &quot;TD014&quot;">
<kw name="Check Page Login">
<var>${message1}</var>
<arg>${Home_page}</arg>
<status status="NOT RUN" starttime="20220927 14:25:06.932" endtime="20220927 14:25:06.932"/>
</kw>
<kw name="Convert To String" library="BuiltIn">
<var>${message}</var>
<arg>${message1}</arg>
<doc>Converts the given item to a Unicode string.</doc>
<status status="NOT RUN" starttime="20220927 14:25:06.932" endtime="20220927 14:25:06.932"/>
</kw>
<status status="NOT RUN" starttime="20220927 14:25:06.932" endtime="20220927 14:25:06.932"/>
</branch>
<branch type="ELSE IF" condition="&quot; ${testcaseData}&quot; == &quot;TD015&quot;">
<kw name="Check Page Login">
<var>${message1}</var>
<arg>${Home_page}</arg>
<status status="NOT RUN" starttime="20220927 14:25:06.932" endtime="20220927 14:25:06.932"/>
</kw>
<kw name="Convert To String" library="BuiltIn">
<var>${message}</var>
<arg>${message1}</arg>
<doc>Converts the given item to a Unicode string.</doc>
<status status="NOT RUN" starttime="20220927 14:25:06.933" endtime="20220927 14:25:06.933"/>
</kw>
<status status="NOT RUN" starttime="20220927 14:25:06.932" endtime="20220927 14:25:06.933"/>
</branch>
<branch type="ELSE IF" condition="&quot; ${testcaseData}&quot; == &quot;TD016&quot;">
<kw name="Check Page Login">
<var>${message1}</var>
<arg>${Home_page}</arg>
<status status="NOT RUN" starttime="20220927 14:25:06.933" endtime="20220927 14:25:06.933"/>
</kw>
<kw name="Convert To String" library="BuiltIn">
<var>${message}</var>
<arg>${message1}</arg>
<doc>Converts the given item to a Unicode string.</doc>
<status status="NOT RUN" starttime="20220927 14:25:06.933" endtime="20220927 14:25:06.933"/>
</kw>
<status status="NOT RUN" starttime="20220927 14:25:06.933" endtime="20220927 14:25:06.933"/>
</branch>
<branch type="ELSE IF" condition="&quot; ${testcaseData}&quot; == &quot;TD017&quot;">
<kw name="Check Page Login">
<var>${message1}</var>
<arg>${Home_page}</arg>
<status status="NOT RUN" starttime="20220927 14:25:06.933" endtime="20220927 14:25:06.933"/>
</kw>
<kw name="Convert To String" library="BuiltIn">
<var>${message}</var>
<arg>${message1}</arg>
<doc>Converts the given item to a Unicode string.</doc>
<status status="NOT RUN" starttime="20220927 14:25:06.934" endtime="20220927 14:25:06.934"/>
</kw>
<status status="NOT RUN" starttime="20220927 14:25:06.933" endtime="20220927 14:25:06.934"/>
</branch>
<branch type="ELSE">
<kw name="Run Keyword And Return Status" library="BuiltIn">
<var>${checkVisible}</var>
<arg>Page Should Contain Element</arg>
<arg>${text_alert}</arg>
<doc>Runs the given keyword with given arguments and returns the status as a Boolean value.</doc>
<status status="NOT RUN" starttime="20220927 14:25:06.934" endtime="20220927 14:25:06.934"/>
</kw>
<if>
<branch type="IF" condition="'${checkVisible}' == 'True'">
<kw name="Get Text" library="SeleniumLibrary">
<var>${message}</var>
<arg>${text_alert}</arg>
<doc>Returns the text value of the element identified by ``locator``.</doc>
<status status="NOT RUN" starttime="20220927 14:25:06.934" endtime="20220927 14:25:06.934"/>
</kw>
<status status="NOT RUN" starttime="20220927 14:25:06.934" endtime="20220927 14:25:06.934"/>
</branch>
<status status="NOT RUN" starttime="20220927 14:25:06.934" endtime="20220927 14:25:06.934"/>
</if>
<status status="NOT RUN" starttime="20220927 14:25:06.934" endtime="20220927 14:25:06.934"/>
</branch>
<status status="PASS" starttime="20220927 14:25:04.635" endtime="20220927 14:25:06.934"/>
</if>
<if>
<branch type="IF" condition="'${Actual_Result.strip()}' == '${message.strip()}'">
<kw name="Set Suite Variable" library="BuiltIn">
<arg>${Status}</arg>
<arg>True</arg>
<doc>Makes a variable available everywhere within the scope of the current suite.</doc>
<status status="NOT RUN" starttime="20220927 14:25:06.936" endtime="20220927 14:25:06.936"/>
</kw>
<status status="NOT RUN" starttime="20220927 14:25:06.936" endtime="20220927 14:25:06.936"/>
</branch>
<branch type="ELSE">
<kw name="Set Suite Variable" library="BuiltIn">
<arg>${Status}</arg>
<arg>False</arg>
<doc>Makes a variable available everywhere within the scope of the current suite.</doc>
<msg timestamp="20220927 14:25:06.938" level="INFO">${Status} = False</msg>
<status status="PASS" starttime="20220927 14:25:06.936" endtime="20220927 14:25:06.938"/>
</kw>
<status status="PASS" starttime="20220927 14:25:06.936" endtime="20220927 14:25:06.938"/>
</branch>
<status status="PASS" starttime="20220927 14:25:06.934" endtime="20220927 14:25:06.938"/>
</if>
<kw name="Log To Console" library="BuiltIn">
<arg>${Status}</arg>
<doc>Logs the given message to the console.</doc>
<status status="PASS" starttime="20220927 14:25:06.938" endtime="20220927 14:25:06.939"/>
</kw>
<status status="PASS" starttime="20220927 14:25:04.621" endtime="20220927 14:25:06.939"/>
</kw>
<msg timestamp="20220927 14:25:06.940" level="INFO">${Status_1} = False</msg>
<msg timestamp="20220927 14:25:06.940" level="INFO">${message_1} = เข้าสู่ระบบเรียบร้อยแล้ว</msg>
<status status="PASS" starttime="20220927 14:25:04.614" endtime="20220927 14:25:06.940"/>
</kw>
<kw name="Set Variable If" library="BuiltIn">
<var>${Status_Actual}</var>
<arg>${i}&lt;=${excel.max_row}</arg>
<arg>${Status_1}</arg>
<doc>Sets variable based on the given condition.</doc>
<msg timestamp="20220927 14:25:06.942" level="INFO">${Status_Actual} = False</msg>
<status status="PASS" starttime="20220927 14:25:06.940" endtime="20220927 14:25:06.942"/>
</kw>
<kw name="Set Variable If" library="BuiltIn">
<var>${Status}</var>
<arg>'${Status_Actual}' == 'True'</arg>
<arg>PASS</arg>
<arg>FAIL</arg>
<doc>Sets variable based on the given condition.</doc>
<msg timestamp="20220927 14:25:06.943" level="INFO">${Status} = FAIL</msg>
<status status="PASS" starttime="20220927 14:25:06.943" endtime="20220927 14:25:06.944"/>
</kw>
<kw name="Run Keyword If" library="BuiltIn">
<arg>'${Status}' == 'FAIL'</arg>
<arg>Capture Page Screenshot</arg>
<arg>${EXECDIR}/Results/TC01_Student_Login/Screenshot/${testcaseData}.png</arg>
<doc>Runs the given keyword with the given arguments, if ``condition`` is true.</doc>
<kw name="Capture Page Screenshot" library="SeleniumLibrary">
<arg>${EXECDIR}/Results/TC01_Student_Login/Screenshot/${testcaseData}.png</arg>
<doc>Takes a screenshot of the current page and embeds it into a log file.</doc>
<msg timestamp="20220927 14:25:07.843" level="INFO" html="true">&lt;/td&gt;&lt;/tr&gt;&lt;tr&gt;&lt;td colspan="3"&gt;&lt;a href="Screenshot/TD001.png"&gt;&lt;img src="Screenshot/TD001.png" width="800px"&gt;&lt;/a&gt;</msg>
<status status="PASS" starttime="20220927 14:25:06.944" endtime="20220927 14:25:07.846"/>
</kw>
<status status="PASS" starttime="20220927 14:25:06.944" endtime="20220927 14:25:07.847"/>
</kw>
<kw name="Set Variable If" library="BuiltIn">
<var>${get_message}</var>
<arg>${i}&lt;=${excel.max_row}</arg>
<arg>${message_1}</arg>
<doc>Sets variable based on the given condition.</doc>
<msg timestamp="20220927 14:25:07.853" level="INFO">${get_message} = เข้าสู่ระบบเรียบร้อยแล้ว</msg>
<status status="PASS" starttime="20220927 14:25:07.848" endtime="20220927 14:25:07.854"/>
</kw>
<kw name="Set Variable If" library="BuiltIn">
<var>${Error}</var>
<arg>'${Status}' == 'FAIL'</arg>
<arg>Error</arg>
<arg>No Error</arg>
<doc>Sets variable based on the given condition.</doc>
<msg timestamp="20220927 14:25:07.855" level="INFO">${Error} = Error</msg>
<status status="PASS" starttime="20220927 14:25:07.854" endtime="20220927 14:25:07.855"/>
</kw>
<kw name="Set Variable If" library="BuiltIn">
<var>${Suggestion}</var>
<arg>'${Status}' == 'FAIL'</arg>
<arg>ควรมีการแจ้งเตือนให้ผู้ใช้งาน "${excel.cell(${i},4).value}"</arg>
<arg>-</arg>
<doc>Sets variable based on the given condition.</doc>
<msg timestamp="20220927 14:25:07.859" level="INFO">${Suggestion} = ควรมีการแจ้งเตือนให้ผู้ใช้งาน "ลงทะเบียนสำเร็จ"</msg>
<status status="PASS" starttime="20220927 14:25:07.856" endtime="20220927 14:25:07.859"/>
</kw>
<kw name="Write Excel Cell" library="ExcelLibrary">
<arg>${i}</arg>
<arg>5</arg>
<arg>value=${get_message}</arg>
<arg>sheet_name=Sheet1</arg>
<doc>Writes value to the cell.</doc>
<status status="PASS" starttime="20220927 14:25:07.859" endtime="20220927 14:25:07.861"/>
</kw>
<kw name="Write Excel Cell" library="ExcelLibrary">
<arg>${i}</arg>
<arg>6</arg>
<arg>value=${Status}</arg>
<arg>sheet_name=Sheet1</arg>
<doc>Writes value to the cell.</doc>
<status status="PASS" starttime="20220927 14:25:07.861" endtime="20220927 14:25:07.862"/>
</kw>
<kw name="Write Excel Cell" library="ExcelLibrary">
<arg>${i}</arg>
<arg>7</arg>
<arg>value=${Error}</arg>
<arg>sheet_name=Sheet1</arg>
<doc>Writes value to the cell.</doc>
<status status="PASS" starttime="20220927 14:25:07.863" endtime="20220927 14:25:07.864"/>
</kw>
<kw name="Write Excel Cell" library="ExcelLibrary">
<arg>${i}</arg>
<arg>8</arg>
<arg>value=${Suggestion}</arg>
<arg>sheet_name=Sheet1</arg>
<doc>Writes value to the cell.</doc>
<status status="PASS" starttime="20220927 14:25:07.864" endtime="20220927 14:25:07.866"/>
</kw>
<status status="PASS" starttime="20220927 14:24:56.161" endtime="20220927 14:25:07.866"/>
</iter>
<iter>
<var name="${i}">3</var>
<kw name="Set Variable If" library="BuiltIn">
<var>${tcid}</var>
<arg>'${excel.cell(${i},1).value}'=='None'</arg>
<arg>${Empty}</arg>
<arg>${excel.cell(${i},1).value}</arg>
<doc>Sets variable based on the given condition.</doc>
<msg timestamp="20220927 14:25:07.870" level="INFO">${tcid} = TD002</msg>
<status status="PASS" starttime="20220927 14:25:07.867" endtime="20220927 14:25:07.870"/>
</kw>
<kw name="Set Suite Variable" library="BuiltIn">
<arg>${testcaseData}</arg>
<arg>${tcid}</arg>
<doc>Makes a variable available everywhere within the scope of the current suite.</doc>
<msg timestamp="20220927 14:25:07.871" level="INFO">${testcaseData} = TD002</msg>
<status status="PASS" starttime="20220927 14:25:07.870" endtime="20220927 14:25:07.871"/>
</kw>
<kw name="Set Variable If" library="BuiltIn">
<var>${user}</var>
<arg>'${excel.cell(${i},2).value}'=='None'</arg>
<arg>${Empty}</arg>
<arg>${excel.cell(${i},2).value}</arg>
<doc>Sets variable based on the given condition.</doc>
<msg timestamp="20220927 14:25:07.893" level="INFO">${user} = หนึ่งสอง!@#$สามสี่</msg>
<status status="PASS" starttime="20220927 14:25:07.872" endtime="20220927 14:25:07.894"/>
</kw>
<kw name="Set Variable If" library="BuiltIn">
<var>${pass}</var>
<arg>'${excel.cell(${i},3).value}'=='None'</arg>
<arg>${Empty}</arg>
<arg>${excel.cell(${i},3).value}</arg>
<doc>Sets variable based on the given condition.</doc>
<msg timestamp="20220927 14:25:07.898" level="INFO">${pass} = MJU@11022001</msg>
<status status="PASS" starttime="20220927 14:25:07.894" endtime="20220927 14:25:07.898"/>
</kw>
<if>
<branch type="IF" condition="${i} &gt;= 3">
<kw name="Go To" library="SeleniumLibrary">
<arg>${Search_URL}</arg>
<doc>Navigates the current browser window to the provided ``url``.</doc>
<msg timestamp="20220927 14:25:07.900" level="INFO">Opening url 'http://localhost:13385/MJUDormLeaveForm/'</msg>
<status status="PASS" starttime="20220927 14:25:07.899" endtime="20220927 14:25:09.235"/>
</kw>
<status status="PASS" starttime="20220927 14:25:07.899" endtime="20220927 14:25:09.235"/>
</branch>
<status status="PASS" starttime="20220927 14:25:07.899" endtime="20220927 14:25:09.236"/>
</if>
<kw name="Loging Page">
<arg>${user}</arg>
<arg>${pass}</arg>
<kw name="Click Element" library="SeleniumLibrary">
<arg>${Cilck_Login}</arg>
<doc>Click the element identified by ``locator``.</doc>
<msg timestamp="20220927 14:25:09.239" level="INFO">Clicking element '//a[contains(text(),'เข้าสู่ระบบ')]'.</msg>
<status status="PASS" starttime="20220927 14:25:09.238" endtime="20220927 14:25:11.673"/>
</kw>
<kw name="Click Element" library="SeleniumLibrary">
<arg>${student}</arg>
<doc>Click the element identified by ``locator``.</doc>
<msg timestamp="20220927 14:25:11.675" level="INFO">Clicking element '//label[contains(text(),'นักศึกษา')]'.</msg>
<status status="PASS" starttime="20220927 14:25:11.674" endtime="20220927 14:25:12.819"/>
</kw>
<kw name="Input Text" library="SeleniumLibrary">
<arg>${student_Username}</arg>
<arg>${username}</arg>
<doc>Types the given ``text`` into the text field identified by ``locator``.</doc>
<msg timestamp="20220927 14:25:12.820" level="INFO">Typing text 'หนึ่งสอง!@#$สามสี่' into text field '//input[@id='TextBoxLoginName']'.</msg>
<status status="PASS" starttime="20220927 14:25:12.819" endtime="20220927 14:25:14.551"/>
</kw>
<kw name="Input Text" library="SeleniumLibrary">
<arg>${student_Password}</arg>
<arg>${password}</arg>
<doc>Types the given ``text`` into the text field identified by ``locator``.</doc>
<msg timestamp="20220927 14:25:14.552" level="INFO">Typing text 'MJU@11022001' into text field '//input[@id='TextBoxPassword']'.</msg>
<status status="PASS" starttime="20220927 14:25:14.551" endtime="20220927 14:25:16.257"/>
</kw>
<kw name="Click Element" library="SeleniumLibrary">
<arg>${Cilck_Button}</arg>
<doc>Click the element identified by ``locator``.</doc>
<msg timestamp="20220927 14:25:16.258" level="INFO">Clicking element '//a[@id='LinkButtonLogin']'.</msg>
<status status="PASS" starttime="20220927 14:25:16.257" endtime="20220927 14:25:17.370"/>
</kw>
<status status="PASS" starttime="20220927 14:25:09.236" endtime="20220927 14:25:17.370"/>
</kw>
<kw name="Run Keyword If" library="BuiltIn">
<var>${Status_1}</var>
<var>${message_1}</var>
<arg>${i}&lt;=${excel.max_row}</arg>
<arg>Check Error page</arg>
<arg>${excel.cell(${i},4).value}</arg>
<doc>Runs the given keyword with the given arguments, if ``condition`` is true.</doc>
<kw name="Check Error page">
<arg>${excel.cell(${i},4).value}</arg>
<kw name="Log To Console" library="BuiltIn">
<arg>${testcaseData}</arg>
<doc>Logs the given message to the console.</doc>
<status status="PASS" starttime="20220927 14:25:17.376" endtime="20220927 14:25:17.377"/>
</kw>
<if>
<branch type="IF" condition="&quot;${testcaseData}&quot; == &quot;TD001&quot;">
<kw name="Check Page Login">
<var>${message1}</var>
<arg>${Home_page}</arg>
<status status="NOT RUN" starttime="20220927 14:25:17.378" endtime="20220927 14:25:17.378"/>
</kw>
<kw name="Convert To String" library="BuiltIn">
<var>${message}</var>
<arg>${message1}</arg>
<doc>Converts the given item to a Unicode string.</doc>
<status status="NOT RUN" starttime="20220927 14:25:17.379" endtime="20220927 14:25:17.379"/>
</kw>
<status status="NOT RUN" starttime="20220927 14:25:17.377" endtime="20220927 14:25:17.379"/>
</branch>
<branch type="ELSE IF" condition="&quot; ${testcaseData}&quot; == &quot;TD014&quot;">
<kw name="Check Page Login">
<var>${message1}</var>
<arg>${Home_page}</arg>
<status status="NOT RUN" starttime="20220927 14:25:17.380" endtime="20220927 14:25:17.380"/>
</kw>
<kw name="Convert To String" library="BuiltIn">
<var>${message}</var>
<arg>${message1}</arg>
<doc>Converts the given item to a Unicode string.</doc>
<status status="NOT RUN" starttime="20220927 14:25:17.380" endtime="20220927 14:25:17.380"/>
</kw>
<status status="NOT RUN" starttime="20220927 14:25:17.380" endtime="20220927 14:25:17.380"/>
</branch>
<branch type="ELSE IF" condition="&quot; ${testcaseData}&quot; == &quot;TD015&quot;">
<kw name="Check Page Login">
<var>${message1}</var>
<arg>${Home_page}</arg>
<status status="NOT RUN" starttime="20220927 14:25:17.381" endtime="20220927 14:25:17.381"/>
</kw>
<kw name="Convert To String" library="BuiltIn">
<var>${message}</var>
<arg>${message1}</arg>
<doc>Converts the given item to a Unicode string.</doc>
<status status="NOT RUN" starttime="20220927 14:25:17.381" endtime="20220927 14:25:17.381"/>
</kw>
<status status="NOT RUN" starttime="20220927 14:25:17.381" endtime="20220927 14:25:17.381"/>
</branch>
<branch type="ELSE IF" condition="&quot; ${testcaseData}&quot; == &quot;TD016&quot;">
<kw name="Check Page Login">
<var>${message1}</var>
<arg>${Home_page}</arg>
<status status="NOT RUN" starttime="20220927 14:25:17.382" endtime="20220927 14:25:17.382"/>
</kw>
<kw name="Convert To String" library="BuiltIn">
<var>${message}</var>
<arg>${message1}</arg>
<doc>Converts the given item to a Unicode string.</doc>
<status status="NOT RUN" starttime="20220927 14:25:17.382" endtime="20220927 14:25:17.382"/>
</kw>
<status status="NOT RUN" starttime="20220927 14:25:17.381" endtime="20220927 14:25:17.382"/>
</branch>
<branch type="ELSE IF" condition="&quot; ${testcaseData}&quot; == &quot;TD017&quot;">
<kw name="Check Page Login">
<var>${message1}</var>
<arg>${Home_page}</arg>
<status status="NOT RUN" starttime="20220927 14:25:17.383" endtime="20220927 14:25:17.383"/>
</kw>
<kw name="Convert To String" library="BuiltIn">
<var>${message}</var>
<arg>${message1}</arg>
<doc>Converts the given item to a Unicode string.</doc>
<status status="NOT RUN" starttime="20220927 14:25:17.383" endtime="20220927 14:25:17.383"/>
</kw>
<status status="NOT RUN" starttime="20220927 14:25:17.382" endtime="20220927 14:25:17.383"/>
</branch>
<branch type="ELSE">
<kw name="Run Keyword And Return Status" library="BuiltIn">
<var>${checkVisible}</var>
<arg>Page Should Contain Element</arg>
<arg>${text_alert}</arg>
<doc>Runs the given keyword with given arguments and returns the status as a Boolean value.</doc>
<kw name="Page Should Contain Element" library="SeleniumLibrary">
<arg>${text_alert}</arg>
<doc>Verifies that element ``locator`` is found on the current page.</doc>
<msg timestamp="20220927 14:25:17.904" level="INFO">Current page contains element '//span[@id='LabelWarning']'.</msg>
<status status="PASS" starttime="20220927 14:25:17.384" endtime="20220927 14:25:17.904"/>
</kw>
<msg timestamp="20220927 14:25:17.904" level="INFO">${checkVisible} = True</msg>
<status status="PASS" starttime="20220927 14:25:17.383" endtime="20220927 14:25:17.904"/>
</kw>
<if>
<branch type="IF" condition="'${checkVisible}' == 'True'">
<kw name="Get Text" library="SeleniumLibrary">
<var>${message}</var>
<arg>${text_alert}</arg>
<doc>Returns the text value of the element identified by ``locator``.</doc>
<msg timestamp="20220927 14:25:18.939" level="INFO">${message} = ข้อมูลตรวจสอบสิทธิของท่านไม่ถูกต้องกรุณาป้อนใหม่อีกครั้ง</msg>
<status status="PASS" starttime="20220927 14:25:17.905" endtime="20220927 14:25:18.939"/>
</kw>
<status status="PASS" starttime="20220927 14:25:17.905" endtime="20220927 14:25:18.939"/>
</branch>
<status status="PASS" starttime="20220927 14:25:17.905" endtime="20220927 14:25:18.939"/>
</if>
<status status="PASS" starttime="20220927 14:25:17.383" endtime="20220927 14:25:18.939"/>
</branch>
<status status="PASS" starttime="20220927 14:25:17.377" endtime="20220927 14:25:18.939"/>
</if>
<if>
<branch type="IF" condition="'${Actual_Result.strip()}' == '${message.strip()}'">
<kw name="Set Suite Variable" library="BuiltIn">
<arg>${Status}</arg>
<arg>True</arg>
<doc>Makes a variable available everywhere within the scope of the current suite.</doc>
<status status="NOT RUN" starttime="20220927 14:25:18.946" endtime="20220927 14:25:18.947"/>
</kw>
<status status="NOT RUN" starttime="20220927 14:25:18.946" endtime="20220927 14:25:18.947"/>
</branch>
<branch type="ELSE">
<kw name="Set Suite Variable" library="BuiltIn">
<arg>${Status}</arg>
<arg>False</arg>
<doc>Makes a variable available everywhere within the scope of the current suite.</doc>
<msg timestamp="20220927 14:25:18.948" level="INFO">${Status} = False</msg>
<status status="PASS" starttime="20220927 14:25:18.947" endtime="20220927 14:25:18.948"/>
</kw>
<status status="PASS" starttime="20220927 14:25:18.947" endtime="20220927 14:25:18.949"/>
</branch>
<status status="PASS" starttime="20220927 14:25:18.939" endtime="20220927 14:25:18.949"/>
</if>
<kw name="Log To Console" library="BuiltIn">
<arg>${Status}</arg>
<doc>Logs the given message to the console.</doc>
<status status="PASS" starttime="20220927 14:25:18.949" endtime="20220927 14:25:18.951"/>
</kw>
<status status="PASS" starttime="20220927 14:25:17.373" endtime="20220927 14:25:18.952"/>
</kw>
<msg timestamp="20220927 14:25:18.953" level="INFO">${Status_1} = False</msg>
<msg timestamp="20220927 14:25:18.953" level="INFO">${message_1} = ข้อมูลตรวจสอบสิทธิของท่านไม่ถูกต้องกรุณาป้อนใหม่อีกครั้ง</msg>
<status status="PASS" starttime="20220927 14:25:17.371" endtime="20220927 14:25:18.953"/>
</kw>
<kw name="Set Variable If" library="BuiltIn">
<var>${Status_Actual}</var>
<arg>${i}&lt;=${excel.max_row}</arg>
<arg>${Status_1}</arg>
<doc>Sets variable based on the given condition.</doc>
<msg timestamp="20220927 14:25:18.958" level="INFO">${Status_Actual} = False</msg>
<status status="PASS" starttime="20220927 14:25:18.954" endtime="20220927 14:25:18.958"/>
</kw>
<kw name="Set Variable If" library="BuiltIn">
<var>${Status}</var>
<arg>'${Status_Actual}' == 'True'</arg>
<arg>PASS</arg>
<arg>FAIL</arg>
<doc>Sets variable based on the given condition.</doc>
<msg timestamp="20220927 14:25:18.960" level="INFO">${Status} = FAIL</msg>
<status status="PASS" starttime="20220927 14:25:18.959" endtime="20220927 14:25:18.960"/>
</kw>
<kw name="Run Keyword If" library="BuiltIn">
<arg>'${Status}' == 'FAIL'</arg>
<arg>Capture Page Screenshot</arg>
<arg>${EXECDIR}/Results/TC01_Student_Login/Screenshot/${testcaseData}.png</arg>
<doc>Runs the given keyword with the given arguments, if ``condition`` is true.</doc>
<kw name="Capture Page Screenshot" library="SeleniumLibrary">
<arg>${EXECDIR}/Results/TC01_Student_Login/Screenshot/${testcaseData}.png</arg>
<doc>Takes a screenshot of the current page and embeds it into a log file.</doc>
<msg timestamp="20220927 14:25:19.718" level="INFO" html="true">&lt;/td&gt;&lt;/tr&gt;&lt;tr&gt;&lt;td colspan="3"&gt;&lt;a href="Screenshot/TD002.png"&gt;&lt;img src="Screenshot/TD002.png" width="800px"&gt;&lt;/a&gt;</msg>
<status status="PASS" starttime="20220927 14:25:18.967" endtime="20220927 14:25:19.718"/>
</kw>
<status status="PASS" starttime="20220927 14:25:18.961" endtime="20220927 14:25:19.719"/>
</kw>
<kw name="Set Variable If" library="BuiltIn">
<var>${get_message}</var>
<arg>${i}&lt;=${excel.max_row}</arg>
<arg>${message_1}</arg>
<doc>Sets variable based on the given condition.</doc>
<msg timestamp="20220927 14:25:19.721" level="INFO">${get_message} = ข้อมูลตรวจสอบสิทธิของท่านไม่ถูกต้องกรุณาป้อนใหม่อีกครั้ง</msg>
<status status="PASS" starttime="20220927 14:25:19.719" endtime="20220927 14:25:19.721"/>
</kw>
<kw name="Set Variable If" library="BuiltIn">
<var>${Error}</var>
<arg>'${Status}' == 'FAIL'</arg>
<arg>Error</arg>
<arg>No Error</arg>
<doc>Sets variable based on the given condition.</doc>
<msg timestamp="20220927 14:25:19.722" level="INFO">${Error} = Error</msg>
<status status="PASS" starttime="20220927 14:25:19.721" endtime="20220927 14:25:19.722"/>
</kw>
<kw name="Set Variable If" library="BuiltIn">
<var>${Suggestion}</var>
<arg>'${Status}' == 'FAIL'</arg>
<arg>ควรมีการแจ้งเตือนให้ผู้ใช้งาน "${excel.cell(${i},4).value}"</arg>
<arg>-</arg>
<doc>Sets variable based on the given condition.</doc>
<msg timestamp="20220927 14:25:19.724" level="INFO">${Suggestion} = ควรมีการแจ้งเตือนให้ผู้ใช้งาน "“กรุณากรอกชื่อผู้ใช้เป็นตัวอักษรภาษาอังกฤษหรือตัวเลขเท่านั้น”"</msg>
<status status="PASS" starttime="20220927 14:25:19.722" endtime="20220927 14:25:19.724"/>
</kw>
<kw name="Write Excel Cell" library="ExcelLibrary">
<arg>${i}</arg>
<arg>5</arg>
<arg>value=${get_message}</arg>
<arg>sheet_name=Sheet1</arg>
<doc>Writes value to the cell.</doc>
<status status="PASS" starttime="20220927 14:25:19.724" endtime="20220927 14:25:19.725"/>
</kw>
<kw name="Write Excel Cell" library="ExcelLibrary">
<arg>${i}</arg>
<arg>6</arg>
<arg>value=${Status}</arg>
<arg>sheet_name=Sheet1</arg>
<doc>Writes value to the cell.</doc>
<status status="PASS" starttime="20220927 14:25:19.726" endtime="20220927 14:25:19.727"/>
</kw>
<kw name="Write Excel Cell" library="ExcelLibrary">
<arg>${i}</arg>
<arg>7</arg>
<arg>value=${Error}</arg>
<arg>sheet_name=Sheet1</arg>
<doc>Writes value to the cell.</doc>
<status status="PASS" starttime="20220927 14:25:19.728" endtime="20220927 14:25:19.729"/>
</kw>
<kw name="Write Excel Cell" library="ExcelLibrary">
<arg>${i}</arg>
<arg>8</arg>
<arg>value=${Suggestion}</arg>
<arg>sheet_name=Sheet1</arg>
<doc>Writes value to the cell.</doc>
<status status="PASS" starttime="20220927 14:25:19.729" endtime="20220927 14:25:19.730"/>
</kw>
<status status="PASS" starttime="20220927 14:25:07.866" endtime="20220927 14:25:19.730"/>
</iter>
<iter>
<var name="${i}">4</var>
<kw name="Set Variable If" library="BuiltIn">
<var>${tcid}</var>
<arg>'${excel.cell(${i},1).value}'=='None'</arg>
<arg>${Empty}</arg>
<arg>${excel.cell(${i},1).value}</arg>
<doc>Sets variable based on the given condition.</doc>
<msg timestamp="20220927 14:25:19.733" level="INFO">${tcid} = TD003</msg>
<status status="PASS" starttime="20220927 14:25:19.731" endtime="20220927 14:25:19.733"/>
</kw>
<kw name="Set Suite Variable" library="BuiltIn">
<arg>${testcaseData}</arg>
<arg>${tcid}</arg>
<doc>Makes a variable available everywhere within the scope of the current suite.</doc>
<msg timestamp="20220927 14:25:19.733" level="INFO">${testcaseData} = TD003</msg>
<status status="PASS" starttime="20220927 14:25:19.733" endtime="20220927 14:25:19.733"/>
</kw>
<kw name="Set Variable If" library="BuiltIn">
<var>${user}</var>
<arg>'${excel.cell(${i},2).value}'=='None'</arg>
<arg>${Empty}</arg>
<arg>${excel.cell(${i},2).value}</arg>
<doc>Sets variable based on the given condition.</doc>
<msg timestamp="20220927 14:25:19.736" level="INFO">${user} = mju620316549</msg>
<status status="PASS" starttime="20220927 14:25:19.734" endtime="20220927 14:25:19.736"/>
</kw>
<kw name="Set Variable If" library="BuiltIn">
<var>${pass}</var>
<arg>'${excel.cell(${i},3).value}'=='None'</arg>
<arg>${Empty}</arg>
<arg>${excel.cell(${i},3).value}</arg>
<doc>Sets variable based on the given condition.</doc>
<msg timestamp="20220927 14:25:19.740" level="INFO">${pass} = MJU@11022001</msg>
<status status="PASS" starttime="20220927 14:25:19.737" endtime="20220927 14:25:19.741"/>
</kw>
<if>
<branch type="IF" condition="${i} &gt;= 3">
<kw name="Go To" library="SeleniumLibrary">
<arg>${Search_URL}</arg>
<doc>Navigates the current browser window to the provided ``url``.</doc>
<msg timestamp="20220927 14:25:19.742" level="INFO">Opening url 'http://localhost:13385/MJUDormLeaveForm/'</msg>
<status status="PASS" starttime="20220927 14:25:19.741" endtime="20220927 14:25:20.669"/>
</kw>
<status status="PASS" starttime="20220927 14:25:19.741" endtime="20220927 14:25:20.669"/>
</branch>
<status status="PASS" starttime="20220927 14:25:19.741" endtime="20220927 14:25:20.669"/>
</if>
<kw name="Loging Page">
<arg>${user}</arg>
<arg>${pass}</arg>
<kw name="Click Element" library="SeleniumLibrary">
<arg>${Cilck_Login}</arg>
<doc>Click the element identified by ``locator``.</doc>
<msg timestamp="20220927 14:25:20.671" level="INFO">Clicking element '//a[contains(text(),'เข้าสู่ระบบ')]'.</msg>
<status status="PASS" starttime="20220927 14:25:20.671" endtime="20220927 14:25:22.701"/>
</kw>
<kw name="Click Element" library="SeleniumLibrary">
<arg>${student}</arg>
<doc>Click the element identified by ``locator``.</doc>
<msg timestamp="20220927 14:25:22.702" level="INFO">Clicking element '//label[contains(text(),'นักศึกษา')]'.</msg>
<status status="PASS" starttime="20220927 14:25:22.701" endtime="20220927 14:25:23.786"/>
</kw>
<kw name="Input Text" library="SeleniumLibrary">
<arg>${student_Username}</arg>
<arg>${username}</arg>
<doc>Types the given ``text`` into the text field identified by ``locator``.</doc>
<msg timestamp="20220927 14:25:23.787" level="INFO">Typing text 'mju620316549' into text field '//input[@id='TextBoxLoginName']'.</msg>
<status status="PASS" starttime="20220927 14:25:23.786" endtime="20220927 14:25:25.517"/>
</kw>
<kw name="Input Text" library="SeleniumLibrary">
<arg>${student_Password}</arg>
<arg>${password}</arg>
<doc>Types the given ``text`` into the text field identified by ``locator``.</doc>
<msg timestamp="20220927 14:25:25.518" level="INFO">Typing text 'MJU@11022001' into text field '//input[@id='TextBoxPassword']'.</msg>
<status status="PASS" starttime="20220927 14:25:25.517" endtime="20220927 14:25:27.201"/>
</kw>
<kw name="Click Element" library="SeleniumLibrary">
<arg>${Cilck_Button}</arg>
<doc>Click the element identified by ``locator``.</doc>
<msg timestamp="20220927 14:25:27.202" level="INFO">Clicking element '//a[@id='LinkButtonLogin']'.</msg>
<status status="PASS" starttime="20220927 14:25:27.201" endtime="20220927 14:25:28.305"/>
</kw>
<status status="PASS" starttime="20220927 14:25:20.670" endtime="20220927 14:25:28.306"/>
</kw>
<kw name="Run Keyword If" library="BuiltIn">
<var>${Status_1}</var>
<var>${message_1}</var>
<arg>${i}&lt;=${excel.max_row}</arg>
<arg>Check Error page</arg>
<arg>${excel.cell(${i},4).value}</arg>
<doc>Runs the given keyword with the given arguments, if ``condition`` is true.</doc>
<kw name="Check Error page">
<arg>${excel.cell(${i},4).value}</arg>
<kw name="Log To Console" library="BuiltIn">
<arg>${testcaseData}</arg>
<doc>Logs the given message to the console.</doc>
<status status="PASS" starttime="20220927 14:25:28.311" endtime="20220927 14:25:28.312"/>
</kw>
<if>
<branch type="IF" condition="&quot;${testcaseData}&quot; == &quot;TD001&quot;">
<kw name="Check Page Login">
<var>${message1}</var>
<arg>${Home_page}</arg>
<status status="NOT RUN" starttime="20220927 14:25:28.313" endtime="20220927 14:25:28.313"/>
</kw>
<kw name="Convert To String" library="BuiltIn">
<var>${message}</var>
<arg>${message1}</arg>
<doc>Converts the given item to a Unicode string.</doc>
<status status="NOT RUN" starttime="20220927 14:25:28.313" endtime="20220927 14:25:28.319"/>
</kw>
<status status="NOT RUN" starttime="20220927 14:25:28.312" endtime="20220927 14:25:28.319"/>
</branch>
<branch type="ELSE IF" condition="&quot; ${testcaseData}&quot; == &quot;TD014&quot;">
<kw name="Check Page Login">
<var>${message1}</var>
<arg>${Home_page}</arg>
<status status="NOT RUN" starttime="20220927 14:25:28.320" endtime="20220927 14:25:28.320"/>
</kw>
<kw name="Convert To String" library="BuiltIn">
<var>${message}</var>
<arg>${message1}</arg>
<doc>Converts the given item to a Unicode string.</doc>
<status status="NOT RUN" starttime="20220927 14:25:28.321" endtime="20220927 14:25:28.321"/>
</kw>
<status status="NOT RUN" starttime="20220927 14:25:28.320" endtime="20220927 14:25:28.321"/>
</branch>
<branch type="ELSE IF" condition="&quot; ${testcaseData}&quot; == &quot;TD015&quot;">
<kw name="Check Page Login">
<var>${message1}</var>
<arg>${Home_page}</arg>
<status status="NOT RUN" starttime="20220927 14:25:28.322" endtime="20220927 14:25:28.322"/>
</kw>
<kw name="Convert To String" library="BuiltIn">
<var>${message}</var>
<arg>${message1}</arg>
<doc>Converts the given item to a Unicode string.</doc>
<status status="NOT RUN" starttime="20220927 14:25:28.322" endtime="20220927 14:25:28.322"/>
</kw>
<status status="NOT RUN" starttime="20220927 14:25:28.321" endtime="20220927 14:25:28.322"/>
</branch>
<branch type="ELSE IF" condition="&quot; ${testcaseData}&quot; == &quot;TD016&quot;">
<kw name="Check Page Login">
<var>${message1}</var>
<arg>${Home_page}</arg>
<status status="NOT RUN" starttime="20220927 14:25:28.322" endtime="20220927 14:25:28.323"/>
</kw>
<kw name="Convert To String" library="BuiltIn">
<var>${message}</var>
<arg>${message1}</arg>
<doc>Converts the given item to a Unicode string.</doc>
<status status="NOT RUN" starttime="20220927 14:25:28.323" endtime="20220927 14:25:28.323"/>
</kw>
<status status="NOT RUN" starttime="20220927 14:25:28.322" endtime="20220927 14:25:28.323"/>
</branch>
<branch type="ELSE IF" condition="&quot; ${testcaseData}&quot; == &quot;TD017&quot;">
<kw name="Check Page Login">
<var>${message1}</var>
<arg>${Home_page}</arg>
<status status="NOT RUN" starttime="20220927 14:25:28.323" endtime="20220927 14:25:28.323"/>
</kw>
<kw name="Convert To String" library="BuiltIn">
<var>${message}</var>
<arg>${message1}</arg>
<doc>Converts the given item to a Unicode string.</doc>
<status status="NOT RUN" starttime="20220927 14:25:28.323" endtime="20220927 14:25:28.323"/>
</kw>
<status status="NOT RUN" starttime="20220927 14:25:28.323" endtime="20220927 14:25:28.323"/>
</branch>
<branch type="ELSE">
<kw name="Run Keyword And Return Status" library="BuiltIn">
<var>${checkVisible}</var>
<arg>Page Should Contain Element</arg>
<arg>${text_alert}</arg>
<doc>Runs the given keyword with given arguments and returns the status as a Boolean value.</doc>
<kw name="Page Should Contain Element" library="SeleniumLibrary">
<arg>${text_alert}</arg>
<doc>Verifies that element ``locator`` is found on the current page.</doc>
<msg timestamp="20220927 14:25:28.848" level="INFO">Current page contains element '//span[@id='LabelWarning']'.</msg>
<status status="PASS" starttime="20220927 14:25:28.324" endtime="20220927 14:25:28.848"/>
</kw>
<msg timestamp="20220927 14:25:28.848" level="INFO">${checkVisible} = True</msg>
<status status="PASS" starttime="20220927 14:25:28.324" endtime="20220927 14:25:28.848"/>
</kw>
<if>
<branch type="IF" condition="'${checkVisible}' == 'True'">
<kw name="Get Text" library="SeleniumLibrary">
<var>${message}</var>
<arg>${text_alert}</arg>
<doc>Returns the text value of the element identified by ``locator``.</doc>
<msg timestamp="20220927 14:25:29.888" level="INFO">${message} = ข้อมูลตรวจสอบสิทธิของท่านไม่ถูกต้องกรุณาป้อนใหม่อีกครั้ง</msg>
<status status="PASS" starttime="20220927 14:25:28.849" endtime="20220927 14:25:29.888"/>
</kw>
<status status="PASS" starttime="20220927 14:25:28.849" endtime="20220927 14:25:29.888"/>
</branch>
<status status="PASS" starttime="20220927 14:25:28.849" endtime="20220927 14:25:29.888"/>
</if>
<status status="PASS" starttime="20220927 14:25:28.323" endtime="20220927 14:25:29.889"/>
</branch>
<status status="PASS" starttime="20220927 14:25:28.312" endtime="20220927 14:25:29.889"/>
</if>
<if>
<branch type="IF" condition="'${Actual_Result.strip()}' == '${message.strip()}'">
<kw name="Set Suite Variable" library="BuiltIn">
<arg>${Status}</arg>
<arg>True</arg>
<doc>Makes a variable available everywhere within the scope of the current suite.</doc>
<status status="NOT RUN" starttime="20220927 14:25:29.892" endtime="20220927 14:25:29.892"/>
</kw>
<status status="NOT RUN" starttime="20220927 14:25:29.891" endtime="20220927 14:25:29.892"/>
</branch>
<branch type="ELSE">
<kw name="Set Suite Variable" library="BuiltIn">
<arg>${Status}</arg>
<arg>False</arg>
<doc>Makes a variable available everywhere within the scope of the current suite.</doc>
<msg timestamp="20220927 14:25:29.894" level="INFO">${Status} = False</msg>
<status status="PASS" starttime="20220927 14:25:29.893" endtime="20220927 14:25:29.894"/>
</kw>
<status status="PASS" starttime="20220927 14:25:29.892" endtime="20220927 14:25:29.894"/>
</branch>
<status status="PASS" starttime="20220927 14:25:29.889" endtime="20220927 14:25:29.894"/>
</if>
<kw name="Log To Console" library="BuiltIn">
<arg>${Status}</arg>
<doc>Logs the given message to the console.</doc>
<status status="PASS" starttime="20220927 14:25:29.894" endtime="20220927 14:25:29.896"/>
</kw>
<status status="PASS" starttime="20220927 14:25:28.309" endtime="20220927 14:25:29.898"/>
</kw>
<msg timestamp="20220927 14:25:29.898" level="INFO">${Status_1} = False</msg>
<msg timestamp="20220927 14:25:29.898" level="INFO">${message_1} = ข้อมูลตรวจสอบสิทธิของท่านไม่ถูกต้องกรุณาป้อนใหม่อีกครั้ง</msg>
<status status="PASS" starttime="20220927 14:25:28.306" endtime="20220927 14:25:29.898"/>
</kw>
<kw name="Set Variable If" library="BuiltIn">
<var>${Status_Actual}</var>
<arg>${i}&lt;=${excel.max_row}</arg>
<arg>${Status_1}</arg>
<doc>Sets variable based on the given condition.</doc>
<msg timestamp="20220927 14:25:29.901" level="INFO">${Status_Actual} = False</msg>
<status status="PASS" starttime="20220927 14:25:29.899" endtime="20220927 14:25:29.901"/>
</kw>
<kw name="Set Variable If" library="BuiltIn">
<var>${Status}</var>
<arg>'${Status_Actual}' == 'True'</arg>
<arg>PASS</arg>
<arg>FAIL</arg>
<doc>Sets variable based on the given condition.</doc>
<msg timestamp="20220927 14:25:29.902" level="INFO">${Status} = FAIL</msg>
<status status="PASS" starttime="20220927 14:25:29.901" endtime="20220927 14:25:29.902"/>
</kw>
<kw name="Run Keyword If" library="BuiltIn">
<arg>'${Status}' == 'FAIL'</arg>
<arg>Capture Page Screenshot</arg>
<arg>${EXECDIR}/Results/TC01_Student_Login/Screenshot/${testcaseData}.png</arg>
<doc>Runs the given keyword with the given arguments, if ``condition`` is true.</doc>
<kw name="Capture Page Screenshot" library="SeleniumLibrary">
<arg>${EXECDIR}/Results/TC01_Student_Login/Screenshot/${testcaseData}.png</arg>
<doc>Takes a screenshot of the current page and embeds it into a log file.</doc>
<msg timestamp="20220927 14:25:30.698" level="INFO" html="true">&lt;/td&gt;&lt;/tr&gt;&lt;tr&gt;&lt;td colspan="3"&gt;&lt;a href="Screenshot/TD003.png"&gt;&lt;img src="Screenshot/TD003.png" width="800px"&gt;&lt;/a&gt;</msg>
<status status="PASS" starttime="20220927 14:25:29.903" endtime="20220927 14:25:30.698"/>
</kw>
<status status="PASS" starttime="20220927 14:25:29.902" endtime="20220927 14:25:30.699"/>
</kw>
<kw name="Set Variable If" library="BuiltIn">
<var>${get_message}</var>
<arg>${i}&lt;=${excel.max_row}</arg>
<arg>${message_1}</arg>
<doc>Sets variable based on the given condition.</doc>
<msg timestamp="20220927 14:25:30.702" level="INFO">${get_message} = ข้อมูลตรวจสอบสิทธิของท่านไม่ถูกต้องกรุณาป้อนใหม่อีกครั้ง</msg>
<status status="PASS" starttime="20220927 14:25:30.699" endtime="20220927 14:25:30.702"/>
</kw>
<kw name="Set Variable If" library="BuiltIn">
<var>${Error}</var>
<arg>'${Status}' == 'FAIL'</arg>
<arg>Error</arg>
<arg>No Error</arg>
<doc>Sets variable based on the given condition.</doc>
<msg timestamp="20220927 14:25:30.703" level="INFO">${Error} = Error</msg>
<status status="PASS" starttime="20220927 14:25:30.702" endtime="20220927 14:25:30.703"/>
</kw>
<kw name="Set Variable If" library="BuiltIn">
<var>${Suggestion}</var>
<arg>'${Status}' == 'FAIL'</arg>
<arg>ควรมีการแจ้งเตือนให้ผู้ใช้งาน "${excel.cell(${i},4).value}"</arg>
<arg>-</arg>
<doc>Sets variable based on the given condition.</doc>
<msg timestamp="20220927 14:25:30.705" level="INFO">${Suggestion} = ควรมีการแจ้งเตือนให้ผู้ใช้งาน "“กรุณากรอกชื่อผู้ใช้ให้มีขนาดความยาว 13 ตัวอักษรตัวอักษรเท่านั้น”"</msg>
<status status="PASS" starttime="20220927 14:25:30.703" endtime="20220927 14:25:30.705"/>
</kw>
<kw name="Write Excel Cell" library="ExcelLibrary">
<arg>${i}</arg>
<arg>5</arg>
<arg>value=${get_message}</arg>
<arg>sheet_name=Sheet1</arg>
<doc>Writes value to the cell.</doc>
<status status="PASS" starttime="20220927 14:25:30.705" endtime="20220927 14:25:30.706"/>
</kw>
<kw name="Write Excel Cell" library="ExcelLibrary">
<arg>${i}</arg>
<arg>6</arg>
<arg>value=${Status}</arg>
<arg>sheet_name=Sheet1</arg>
<doc>Writes value to the cell.</doc>
<status status="PASS" starttime="20220927 14:25:30.707" endtime="20220927 14:25:30.708"/>
</kw>
<kw name="Write Excel Cell" library="ExcelLibrary">
<arg>${i}</arg>
<arg>7</arg>
<arg>value=${Error}</arg>
<arg>sheet_name=Sheet1</arg>
<doc>Writes value to the cell.</doc>
<status status="PASS" starttime="20220927 14:25:30.708" endtime="20220927 14:25:30.709"/>
</kw>
<kw name="Write Excel Cell" library="ExcelLibrary">
<arg>${i}</arg>
<arg>8</arg>
<arg>value=${Suggestion}</arg>
<arg>sheet_name=Sheet1</arg>
<doc>Writes value to the cell.</doc>
<status status="PASS" starttime="20220927 14:25:30.709" endtime="20220927 14:25:30.710"/>
</kw>
<status status="PASS" starttime="20220927 14:25:19.730" endtime="20220927 14:25:30.711"/>
</iter>
<iter>
<var name="${i}">5</var>
<kw name="Set Variable If" library="BuiltIn">
<var>${tcid}</var>
<arg>'${excel.cell(${i},1).value}'=='None'</arg>
<arg>${Empty}</arg>
<arg>${excel.cell(${i},1).value}</arg>
<doc>Sets variable based on the given condition.</doc>
<msg timestamp="20220927 14:25:30.714" level="INFO">${tcid} = TD004</msg>
<status status="PASS" starttime="20220927 14:25:30.711" endtime="20220927 14:25:30.714"/>
</kw>
<kw name="Set Suite Variable" library="BuiltIn">
<arg>${testcaseData}</arg>
<arg>${tcid}</arg>
<doc>Makes a variable available everywhere within the scope of the current suite.</doc>
<msg timestamp="20220927 14:25:30.715" level="INFO">${testcaseData} = TD004</msg>
<status status="PASS" starttime="20220927 14:25:30.714" endtime="20220927 14:25:30.715"/>
</kw>
<kw name="Set Variable If" library="BuiltIn">
<var>${user}</var>
<arg>'${excel.cell(${i},2).value}'=='None'</arg>
<arg>${Empty}</arg>
<arg>${excel.cell(${i},2).value}</arg>
<doc>Sets variable based on the given condition.</doc>
<msg timestamp="20220927 14:25:30.719" level="INFO">${user} = mju62041063066</msg>
<status status="PASS" starttime="20220927 14:25:30.715" endtime="20220927 14:25:30.719"/>
</kw>
<kw name="Set Variable If" library="BuiltIn">
<var>${pass}</var>
<arg>'${excel.cell(${i},3).value}'=='None'</arg>
<arg>${Empty}</arg>
<arg>${excel.cell(${i},3).value}</arg>
<doc>Sets variable based on the given condition.</doc>
<msg timestamp="20220927 14:25:30.722" level="INFO">${pass} = MJU@11022001</msg>
<status status="PASS" starttime="20220927 14:25:30.720" endtime="20220927 14:25:30.722"/>
</kw>
<if>
<branch type="IF" condition="${i} &gt;= 3">
<kw name="Go To" library="SeleniumLibrary">
<arg>${Search_URL}</arg>
<doc>Navigates the current browser window to the provided ``url``.</doc>
<msg timestamp="20220927 14:25:30.724" level="INFO">Opening url 'http://localhost:13385/MJUDormLeaveForm/'</msg>
<status status="PASS" starttime="20220927 14:25:30.723" endtime="20220927 14:25:31.705"/>
</kw>
<status status="PASS" starttime="20220927 14:25:30.723" endtime="20220927 14:25:31.705"/>
</branch>
<status status="PASS" starttime="20220927 14:25:30.722" endtime="20220927 14:25:31.705"/>
</if>
<kw name="Loging Page">
<arg>${user}</arg>
<arg>${pass}</arg>
<kw name="Click Element" library="SeleniumLibrary">
<arg>${Cilck_Login}</arg>
<doc>Click the element identified by ``locator``.</doc>
<msg timestamp="20220927 14:25:31.708" level="INFO">Clicking element '//a[contains(text(),'เข้าสู่ระบบ')]'.</msg>
<status status="PASS" starttime="20220927 14:25:31.707" endtime="20220927 14:25:33.680"/>
</kw>
<kw name="Click Element" library="SeleniumLibrary">
<arg>${student}</arg>
<doc>Click the element identified by ``locator``.</doc>
<msg timestamp="20220927 14:25:33.682" level="INFO">Clicking element '//label[contains(text(),'นักศึกษา')]'.</msg>
<status status="PASS" starttime="20220927 14:25:33.681" endtime="20220927 14:25:34.773"/>
</kw>
<kw name="Input Text" library="SeleniumLibrary">
<arg>${student_Username}</arg>
<arg>${username}</arg>
<doc>Types the given ``text`` into the text field identified by ``locator``.</doc>
<msg timestamp="20220927 14:25:34.774" level="INFO">Typing text 'mju62041063066' into text field '//input[@id='TextBoxLoginName']'.</msg>
<status status="PASS" starttime="20220927 14:25:34.773" endtime="20220927 14:25:36.473"/>
</kw>
<kw name="Input Text" library="SeleniumLibrary">
<arg>${student_Password}</arg>
<arg>${password}</arg>
<doc>Types the given ``text`` into the text field identified by ``locator``.</doc>
<msg timestamp="20220927 14:25:36.474" level="INFO">Typing text 'MJU@11022001' into text field '//input[@id='TextBoxPassword']'.</msg>
<status status="PASS" starttime="20220927 14:25:36.473" endtime="20220927 14:25:38.150"/>
</kw>
<kw name="Click Element" library="SeleniumLibrary">
<arg>${Cilck_Button}</arg>
<doc>Click the element identified by ``locator``.</doc>
<msg timestamp="20220927 14:25:38.151" level="INFO">Clicking element '//a[@id='LinkButtonLogin']'.</msg>
<status status="PASS" starttime="20220927 14:25:38.150" endtime="20220927 14:25:39.249"/>
</kw>
<status status="PASS" starttime="20220927 14:25:31.706" endtime="20220927 14:25:39.249"/>
</kw>
<kw name="Run Keyword If" library="BuiltIn">
<var>${Status_1}</var>
<var>${message_1}</var>
<arg>${i}&lt;=${excel.max_row}</arg>
<arg>Check Error page</arg>
<arg>${excel.cell(${i},4).value}</arg>
<doc>Runs the given keyword with the given arguments, if ``condition`` is true.</doc>
<kw name="Check Error page">
<arg>${excel.cell(${i},4).value}</arg>
<kw name="Log To Console" library="BuiltIn">
<arg>${testcaseData}</arg>
<doc>Logs the given message to the console.</doc>
<status status="PASS" starttime="20220927 14:25:39.253" endtime="20220927 14:25:39.254"/>
</kw>
<if>
<branch type="IF" condition="&quot;${testcaseData}&quot; == &quot;TD001&quot;">
<kw name="Check Page Login">
<var>${message1}</var>
<arg>${Home_page}</arg>
<status status="NOT RUN" starttime="20220927 14:25:39.255" endtime="20220927 14:25:39.255"/>
</kw>
<kw name="Convert To String" library="BuiltIn">
<var>${message}</var>
<arg>${message1}</arg>
<doc>Converts the given item to a Unicode string.</doc>
<status status="NOT RUN" starttime="20220927 14:25:39.255" endtime="20220927 14:25:39.255"/>
</kw>
<status status="NOT RUN" starttime="20220927 14:25:39.255" endtime="20220927 14:25:39.256"/>
</branch>
<branch type="ELSE IF" condition="&quot; ${testcaseData}&quot; == &quot;TD014&quot;">
<kw name="Check Page Login">
<var>${message1}</var>
<arg>${Home_page}</arg>
<status status="NOT RUN" starttime="20220927 14:25:39.256" endtime="20220927 14:25:39.256"/>
</kw>
<kw name="Convert To String" library="BuiltIn">
<var>${message}</var>
<arg>${message1}</arg>
<doc>Converts the given item to a Unicode string.</doc>
<status status="NOT RUN" starttime="20220927 14:25:39.256" endtime="20220927 14:25:39.256"/>
</kw>
<status status="NOT RUN" starttime="20220927 14:25:39.256" endtime="20220927 14:25:39.256"/>
</branch>
<branch type="ELSE IF" condition="&quot; ${testcaseData}&quot; == &quot;TD015&quot;">
<kw name="Check Page Login">
<var>${message1}</var>
<arg>${Home_page}</arg>
<status status="NOT RUN" starttime="20220927 14:25:39.257" endtime="20220927 14:25:39.257"/>
</kw>
<kw name="Convert To String" library="BuiltIn">
<var>${message}</var>
<arg>${message1}</arg>
<doc>Converts the given item to a Unicode string.</doc>
<status status="NOT RUN" starttime="20220927 14:25:39.257" endtime="20220927 14:25:39.257"/>
</kw>
<status status="NOT RUN" starttime="20220927 14:25:39.257" endtime="20220927 14:25:39.257"/>
</branch>
<branch type="ELSE IF" condition="&quot; ${testcaseData}&quot; == &quot;TD016&quot;">
<kw name="Check Page Login">
<var>${message1}</var>
<arg>${Home_page}</arg>
<status status="NOT RUN" starttime="20220927 14:25:39.258" endtime="20220927 14:25:39.258"/>
</kw>
<kw name="Convert To String" library="BuiltIn">
<var>${message}</var>
<arg>${message1}</arg>
<doc>Converts the given item to a Unicode string.</doc>
<status status="NOT RUN" starttime="20220927 14:25:39.258" endtime="20220927 14:25:39.258"/>
</kw>
<status status="NOT RUN" starttime="20220927 14:25:39.258" endtime="20220927 14:25:39.258"/>
</branch>
<branch type="ELSE IF" condition="&quot; ${testcaseData}&quot; == &quot;TD017&quot;">
<kw name="Check Page Login">
<var>${message1}</var>
<arg>${Home_page}</arg>
<status status="NOT RUN" starttime="20220927 14:25:39.259" endtime="20220927 14:25:39.259"/>
</kw>
<kw name="Convert To String" library="BuiltIn">
<var>${message}</var>
<arg>${message1}</arg>
<doc>Converts the given item to a Unicode string.</doc>
<status status="NOT RUN" starttime="20220927 14:25:39.259" endtime="20220927 14:25:39.259"/>
</kw>
<status status="NOT RUN" starttime="20220927 14:25:39.259" endtime="20220927 14:25:39.259"/>
</branch>
<branch type="ELSE">
<kw name="Run Keyword And Return Status" library="BuiltIn">
<var>${checkVisible}</var>
<arg>Page Should Contain Element</arg>
<arg>${text_alert}</arg>
<doc>Runs the given keyword with given arguments and returns the status as a Boolean value.</doc>
<kw name="Page Should Contain Element" library="SeleniumLibrary">
<arg>${text_alert}</arg>
<doc>Verifies that element ``locator`` is found on the current page.</doc>
<msg timestamp="20220927 14:25:39.777" level="INFO">Current page contains element '//span[@id='LabelWarning']'.</msg>
<status status="PASS" starttime="20220927 14:25:39.260" endtime="20220927 14:25:39.777"/>
</kw>
<msg timestamp="20220927 14:25:39.777" level="INFO">${checkVisible} = True</msg>
<status status="PASS" starttime="20220927 14:25:39.259" endtime="20220927 14:25:39.777"/>
</kw>
<if>
<branch type="IF" condition="'${checkVisible}' == 'True'">
<kw name="Get Text" library="SeleniumLibrary">
<var>${message}</var>
<arg>${text_alert}</arg>
<doc>Returns the text value of the element identified by ``locator``.</doc>
<msg timestamp="20220927 14:25:40.809" level="INFO">${message} = ข้อมูลตรวจสอบสิทธิของท่านไม่ถูกต้องกรุณาป้อนใหม่อีกครั้ง</msg>
<status status="PASS" starttime="20220927 14:25:39.778" endtime="20220927 14:25:40.809"/>
</kw>
<status status="PASS" starttime="20220927 14:25:39.778" endtime="20220927 14:25:40.809"/>
</branch>
<status status="PASS" starttime="20220927 14:25:39.777" endtime="20220927 14:25:40.809"/>
</if>
<status status="PASS" starttime="20220927 14:25:39.259" endtime="20220927 14:25:40.809"/>
</branch>
<status status="PASS" starttime="20220927 14:25:39.254" endtime="20220927 14:25:40.809"/>
</if>
<if>
<branch type="IF" condition="'${Actual_Result.strip()}' == '${message.strip()}'">
<kw name="Set Suite Variable" library="BuiltIn">
<arg>${Status}</arg>
<arg>True</arg>
<doc>Makes a variable available everywhere within the scope of the current suite.</doc>
<status status="NOT RUN" starttime="20220927 14:25:40.812" endtime="20220927 14:25:40.812"/>
</kw>
<status status="NOT RUN" starttime="20220927 14:25:40.812" endtime="20220927 14:25:40.812"/>
</branch>
<branch type="ELSE">
<kw name="Set Suite Variable" library="BuiltIn">
<arg>${Status}</arg>
<arg>False</arg>
<doc>Makes a variable available everywhere within the scope of the current suite.</doc>
<msg timestamp="20220927 14:25:40.813" level="INFO">${Status} = False</msg>
<status status="PASS" starttime="20220927 14:25:40.813" endtime="20220927 14:25:40.813"/>
</kw>
<status status="PASS" starttime="20220927 14:25:40.812" endtime="20220927 14:25:40.813"/>
</branch>
<status status="PASS" starttime="20220927 14:25:40.810" endtime="20220927 14:25:40.813"/>
</if>
<kw name="Log To Console" library="BuiltIn">
<arg>${Status}</arg>
<doc>Logs the given message to the console.</doc>
<status status="PASS" starttime="20220927 14:25:40.814" endtime="20220927 14:25:40.815"/>
</kw>
<status status="PASS" starttime="20220927 14:25:39.251" endtime="20220927 14:25:40.815"/>
</kw>
<msg timestamp="20220927 14:25:40.816" level="INFO">${Status_1} = False</msg>
<msg timestamp="20220927 14:25:40.816" level="INFO">${message_1} = ข้อมูลตรวจสอบสิทธิของท่านไม่ถูกต้องกรุณาป้อนใหม่อีกครั้ง</msg>
<status status="PASS" starttime="20220927 14:25:39.250" endtime="20220927 14:25:40.816"/>
</kw>
<kw name="Set Variable If" library="BuiltIn">
<var>${Status_Actual}</var>
<arg>${i}&lt;=${excel.max_row}</arg>
<arg>${Status_1}</arg>
<doc>Sets variable based on the given condition.</doc>
<msg timestamp="20220927 14:25:40.819" level="INFO">${Status_Actual} = False</msg>
<status status="PASS" starttime="20220927 14:25:40.816" endtime="20220927 14:25:40.819"/>
</kw>
<kw name="Set Variable If" library="BuiltIn">
<var>${Status}</var>
<arg>'${Status_Actual}' == 'True'</arg>
<arg>PASS</arg>
<arg>FAIL</arg>
<doc>Sets variable based on the given condition.</doc>
<msg timestamp="20220927 14:25:40.820" level="INFO">${Status} = FAIL</msg>
<status status="PASS" starttime="20220927 14:25:40.819" endtime="20220927 14:25:40.820"/>
</kw>
<kw name="Run Keyword If" library="BuiltIn">
<arg>'${Status}' == 'FAIL'</arg>
<arg>Capture Page Screenshot</arg>
<arg>${EXECDIR}/Results/TC01_Student_Login/Screenshot/${testcaseData}.png</arg>
<doc>Runs the given keyword with the given arguments, if ``condition`` is true.</doc>
<kw name="Capture Page Screenshot" library="SeleniumLibrary">
<arg>${EXECDIR}/Results/TC01_Student_Login/Screenshot/${testcaseData}.png</arg>
<doc>Takes a screenshot of the current page and embeds it into a log file.</doc>
<msg timestamp="20220927 14:25:41.571" level="INFO" html="true">&lt;/td&gt;&lt;/tr&gt;&lt;tr&gt;&lt;td colspan="3"&gt;&lt;a href="Screenshot/TD004.png"&gt;&lt;img src="Screenshot/TD004.png" width="800px"&gt;&lt;/a&gt;</msg>
<status status="PASS" starttime="20220927 14:25:40.822" endtime="20220927 14:25:41.572"/>
</kw>
<status status="PASS" starttime="20220927 14:25:40.821" endtime="20220927 14:25:41.572"/>
</kw>
<kw name="Set Variable If" library="BuiltIn">
<var>${get_message}</var>
<arg>${i}&lt;=${excel.max_row}</arg>
<arg>${message_1}</arg>
<doc>Sets variable based on the given condition.</doc>
<msg timestamp="20220927 14:25:41.575" level="INFO">${get_message} = ข้อมูลตรวจสอบสิทธิของท่านไม่ถูกต้องกรุณาป้อนใหม่อีกครั้ง</msg>
<status status="PASS" starttime="20220927 14:25:41.573" endtime="20220927 14:25:41.575"/>
</kw>
<kw name="Set Variable If" library="BuiltIn">
<var>${Error}</var>
<arg>'${Status}' == 'FAIL'</arg>
<arg>Error</arg>
<arg>No Error</arg>
<doc>Sets variable based on the given condition.</doc>
<msg timestamp="20220927 14:25:41.576" level="INFO">${Error} = Error</msg>
<status status="PASS" starttime="20220927 14:25:41.576" endtime="20220927 14:25:41.576"/>
</kw>
<kw name="Set Variable If" library="BuiltIn">
<var>${Suggestion}</var>
<arg>'${Status}' == 'FAIL'</arg>
<arg>ควรมีการแจ้งเตือนให้ผู้ใช้งาน "${excel.cell(${i},4).value}"</arg>
<arg>-</arg>
<doc>Sets variable based on the given condition.</doc>
<msg timestamp="20220927 14:25:41.578" level="INFO">${Suggestion} = ควรมีการแจ้งเตือนให้ผู้ใช้งาน "“กรุณากรอกชื่อผู้ใช้ให้มีขนาดความยาว 13 ตัวอักษรตัวอักษรเท่านั้น”"</msg>
<status status="PASS" starttime="20220927 14:25:41.576" endtime="20220927 14:25:41.578"/>
</kw>
<kw name="Write Excel Cell" library="ExcelLibrary">
<arg>${i}</arg>
<arg>5</arg>
<arg>value=${get_message}</arg>
<arg>sheet_name=Sheet1</arg>
<doc>Writes value to the cell.</doc>
<status status="PASS" starttime="20220927 14:25:41.578" endtime="20220927 14:25:41.579"/>
</kw>
<kw name="Write Excel Cell" library="ExcelLibrary">
<arg>${i}</arg>
<arg>6</arg>
<arg>value=${Status}</arg>
<arg>sheet_name=Sheet1</arg>
<doc>Writes value to the cell.</doc>
<status status="PASS" starttime="20220927 14:25:41.579" endtime="20220927 14:25:41.580"/>
</kw>
<kw name="Write Excel Cell" library="ExcelLibrary">
<arg>${i}</arg>
<arg>7</arg>
<arg>value=${Error}</arg>
<arg>sheet_name=Sheet1</arg>
<doc>Writes value to the cell.</doc>
<status status="PASS" starttime="20220927 14:25:41.580" endtime="20220927 14:25:41.581"/>
</kw>
<kw name="Write Excel Cell" library="ExcelLibrary">
<arg>${i}</arg>
<arg>8</arg>
<arg>value=${Suggestion}</arg>
<arg>sheet_name=Sheet1</arg>
<doc>Writes value to the cell.</doc>
<status status="PASS" starttime="20220927 14:25:41.581" endtime="20220927 14:25:41.581"/>
</kw>
<status status="PASS" starttime="20220927 14:25:30.711" endtime="20220927 14:25:41.581"/>
</iter>
<iter>
<var name="${i}">6</var>
<kw name="Set Variable If" library="BuiltIn">
<var>${tcid}</var>
<arg>'${excel.cell(${i},1).value}'=='None'</arg>
<arg>${Empty}</arg>
<arg>${excel.cell(${i},1).value}</arg>
<doc>Sets variable based on the given condition.</doc>
<msg timestamp="20220927 14:25:41.585" level="INFO">${tcid} = TD005</msg>
<status status="PASS" starttime="20220927 14:25:41.582" endtime="20220927 14:25:41.585"/>
</kw>
<kw name="Set Suite Variable" library="BuiltIn">
<arg>${testcaseData}</arg>
<arg>${tcid}</arg>
<doc>Makes a variable available everywhere within the scope of the current suite.</doc>
<msg timestamp="20220927 14:25:41.585" level="INFO">${testcaseData} = TD005</msg>
<status status="PASS" starttime="20220927 14:25:41.585" endtime="20220927 14:25:41.586"/>
</kw>
<kw name="Set Variable If" library="BuiltIn">
<var>${user}</var>
<arg>'${excel.cell(${i},2).value}'=='None'</arg>
<arg>${Empty}</arg>
<arg>${excel.cell(${i},2).value}</arg>
<doc>Sets variable based on the given condition.</doc>
<msg timestamp="20220927 14:25:41.588" level="INFO">${user} = MJU 6200000006</msg>
<status status="PASS" starttime="20220927 14:25:41.586" endtime="20220927 14:25:41.588"/>
</kw>
<kw name="Set Variable If" library="BuiltIn">
<var>${pass}</var>
<arg>'${excel.cell(${i},3).value}'=='None'</arg>
<arg>${Empty}</arg>
<arg>${excel.cell(${i},3).value}</arg>
<doc>Sets variable based on the given condition.</doc>
<msg timestamp="20220927 14:25:41.591" level="INFO">${pass} = MJU@11022001</msg>
<status status="PASS" starttime="20220927 14:25:41.588" endtime="20220927 14:25:41.591"/>
</kw>
<if>
<branch type="IF" condition="${i} &gt;= 3">
<kw name="Go To" library="SeleniumLibrary">
<arg>${Search_URL}</arg>
<doc>Navigates the current browser window to the provided ``url``.</doc>
<msg timestamp="20220927 14:25:41.592" level="INFO">Opening url 'http://localhost:13385/MJUDormLeaveForm/'</msg>
<status status="PASS" starttime="20220927 14:25:41.591" endtime="20220927 14:25:42.565"/>
</kw>
<status status="PASS" starttime="20220927 14:25:41.591" endtime="20220927 14:25:42.565"/>
</branch>
<status status="PASS" starttime="20220927 14:25:41.591" endtime="20220927 14:25:42.565"/>
</if>
<kw name="Loging Page">
<arg>${user}</arg>
<arg>${pass}</arg>
<kw name="Click Element" library="SeleniumLibrary">
<arg>${Cilck_Login}</arg>
<doc>Click the element identified by ``locator``.</doc>
<msg timestamp="20220927 14:25:42.568" level="INFO">Clicking element '//a[contains(text(),'เข้าสู่ระบบ')]'.</msg>
<status status="PASS" starttime="20220927 14:25:42.567" endtime="20220927 14:25:44.615"/>
</kw>
<kw name="Click Element" library="SeleniumLibrary">
<arg>${student}</arg>
<doc>Click the element identified by ``locator``.</doc>
<msg timestamp="20220927 14:25:44.616" level="INFO">Clicking element '//label[contains(text(),'นักศึกษา')]'.</msg>
<status status="PASS" starttime="20220927 14:25:44.616" endtime="20220927 14:25:45.696"/>
</kw>
<kw name="Input Text" library="SeleniumLibrary">
<arg>${student_Username}</arg>
<arg>${username}</arg>
<doc>Types the given ``text`` into the text field identified by ``locator``.</doc>
<msg timestamp="20220927 14:25:45.698" level="INFO">Typing text 'MJU 6200000006' into text field '//input[@id='TextBoxLoginName']'.</msg>
<status status="PASS" starttime="20220927 14:25:45.696" endtime="20220927 14:25:47.404"/>
</kw>
<kw name="Input Text" library="SeleniumLibrary">
<arg>${student_Password}</arg>
<arg>${password}</arg>
<doc>Types the given ``text`` into the text field identified by ``locator``.</doc>
<msg timestamp="20220927 14:25:47.405" level="INFO">Typing text 'MJU@11022001' into text field '//input[@id='TextBoxPassword']'.</msg>
<status status="PASS" starttime="20220927 14:25:47.404" endtime="20220927 14:25:49.072"/>
</kw>
<kw name="Click Element" library="SeleniumLibrary">
<arg>${Cilck_Button}</arg>
<doc>Click the element identified by ``locator``.</doc>
<msg timestamp="20220927 14:25:49.073" level="INFO">Clicking element '//a[@id='LinkButtonLogin']'.</msg>
<status status="PASS" starttime="20220927 14:25:49.072" endtime="20220927 14:25:50.177"/>
</kw>
<status status="PASS" starttime="20220927 14:25:42.566" endtime="20220927 14:25:50.177"/>
</kw>
<kw name="Run Keyword If" library="BuiltIn">
<var>${Status_1}</var>
<var>${message_1}</var>
<arg>${i}&lt;=${excel.max_row}</arg>
<arg>Check Error page</arg>
<arg>${excel.cell(${i},4).value}</arg>
<doc>Runs the given keyword with the given arguments, if ``condition`` is true.</doc>
<kw name="Check Error page">
<arg>${excel.cell(${i},4).value}</arg>
<kw name="Log To Console" library="BuiltIn">
<arg>${testcaseData}</arg>
<doc>Logs the given message to the console.</doc>
<status status="PASS" starttime="20220927 14:25:50.183" endtime="20220927 14:25:50.184"/>
</kw>
<if>
<branch type="IF" condition="&quot;${testcaseData}&quot; == &quot;TD001&quot;">
<kw name="Check Page Login">
<var>${message1}</var>
<arg>${Home_page}</arg>
<status status="NOT RUN" starttime="20220927 14:25:50.185" endtime="20220927 14:25:50.185"/>
</kw>
<kw name="Convert To String" library="BuiltIn">
<var>${message}</var>
<arg>${message1}</arg>
<doc>Converts the given item to a Unicode string.</doc>
<status status="NOT RUN" starttime="20220927 14:25:50.186" endtime="20220927 14:25:50.186"/>
</kw>
<status status="NOT RUN" starttime="20220927 14:25:50.185" endtime="20220927 14:25:50.186"/>
</branch>
<branch type="ELSE IF" condition="&quot; ${testcaseData}&quot; == &quot;TD014&quot;">
<kw name="Check Page Login">
<var>${message1}</var>
<arg>${Home_page}</arg>
<status status="NOT RUN" starttime="20220927 14:25:50.187" endtime="20220927 14:25:50.187"/>
</kw>
<kw name="Convert To String" library="BuiltIn">
<var>${message}</var>
<arg>${message1}</arg>
<doc>Converts the given item to a Unicode string.</doc>
<status status="NOT RUN" starttime="20220927 14:25:50.187" endtime="20220927 14:25:50.187"/>
</kw>
<status status="NOT RUN" starttime="20220927 14:25:50.186" endtime="20220927 14:25:50.187"/>
</branch>
<branch type="ELSE IF" condition="&quot; ${testcaseData}&quot; == &quot;TD015&quot;">
<kw name="Check Page Login">
<var>${message1}</var>
<arg>${Home_page}</arg>
<status status="NOT RUN" starttime="20220927 14:25:50.188" endtime="20220927 14:25:50.188"/>
</kw>
<kw name="Convert To String" library="BuiltIn">
<var>${message}</var>
<arg>${message1}</arg>
<doc>Converts the given item to a Unicode string.</doc>
<status status="NOT RUN" starttime="20220927 14:25:50.188" endtime="20220927 14:25:50.188"/>
</kw>
<status status="NOT RUN" starttime="20220927 14:25:50.188" endtime="20220927 14:25:50.188"/>
</branch>
<branch type="ELSE IF" condition="&quot; ${testcaseData}&quot; == &quot;TD016&quot;">
<kw name="Check Page Login">
<var>${message1}</var>
<arg>${Home_page}</arg>
<status status="NOT RUN" starttime="20220927 14:25:50.189" endtime="20220927 14:25:50.189"/>
</kw>
<kw name="Convert To String" library="BuiltIn">
<var>${message}</var>
<arg>${message1}</arg>
<doc>Converts the given item to a Unicode string.</doc>
<status status="NOT RUN" starttime="20220927 14:25:50.189" endtime="20220927 14:25:50.189"/>
</kw>
<status status="NOT RUN" starttime="20220927 14:25:50.189" endtime="20220927 14:25:50.189"/>
</branch>
<branch type="ELSE IF" condition="&quot; ${testcaseData}&quot; == &quot;TD017&quot;">
<kw name="Check Page Login">
<var>${message1}</var>
<arg>${Home_page}</arg>
<status status="NOT RUN" starttime="20220927 14:25:50.190" endtime="20220927 14:25:50.190"/>
</kw>
<kw name="Convert To String" library="BuiltIn">
<var>${message}</var>
<arg>${message1}</arg>
<doc>Converts the given item to a Unicode string.</doc>
<status status="NOT RUN" starttime="20220927 14:25:50.190" endtime="20220927 14:25:50.190"/>
</kw>
<status status="NOT RUN" starttime="20220927 14:25:50.190" endtime="20220927 14:25:50.190"/>
</branch>
<branch type="ELSE">
<kw name="Run Keyword And Return Status" library="BuiltIn">
<var>${checkVisible}</var>
<arg>Page Should Contain Element</arg>
<arg>${text_alert}</arg>
<doc>Runs the given keyword with given arguments and returns the status as a Boolean value.</doc>
<kw name="Page Should Contain Element" library="SeleniumLibrary">
<arg>${text_alert}</arg>
<doc>Verifies that element ``locator`` is found on the current page.</doc>
<msg timestamp="20220927 14:25:50.717" level="INFO">Current page contains element '//span[@id='LabelWarning']'.</msg>
<status status="PASS" starttime="20220927 14:25:50.191" endtime="20220927 14:25:50.717"/>
</kw>
<msg timestamp="20220927 14:25:50.717" level="INFO">${checkVisible} = True</msg>
<status status="PASS" starttime="20220927 14:25:50.191" endtime="20220927 14:25:50.717"/>
</kw>
<if>
<branch type="IF" condition="'${checkVisible}' == 'True'">
<kw name="Get Text" library="SeleniumLibrary">
<var>${message}</var>
<arg>${text_alert}</arg>
<doc>Returns the text value of the element identified by ``locator``.</doc>
<msg timestamp="20220927 14:25:51.747" level="INFO">${message} = ข้อมูลตรวจสอบสิทธิของท่านไม่ถูกต้องกรุณาป้อนใหม่อีกครั้ง</msg>
<status status="PASS" starttime="20220927 14:25:50.718" endtime="20220927 14:25:51.747"/>
</kw>
<status status="PASS" starttime="20220927 14:25:50.718" endtime="20220927 14:25:51.747"/>
</branch>
<status status="PASS" starttime="20220927 14:25:50.717" endtime="20220927 14:25:51.747"/>
</if>
<status status="PASS" starttime="20220927 14:25:50.191" endtime="20220927 14:25:51.747"/>
</branch>
<status status="PASS" starttime="20220927 14:25:50.184" endtime="20220927 14:25:51.747"/>
</if>
<if>
<branch type="IF" condition="'${Actual_Result.strip()}' == '${message.strip()}'">
<kw name="Set Suite Variable" library="BuiltIn">
<arg>${Status}</arg>
<arg>True</arg>
<doc>Makes a variable available everywhere within the scope of the current suite.</doc>
<status status="NOT RUN" starttime="20220927 14:25:51.750" endtime="20220927 14:25:51.750"/>
</kw>
<status status="NOT RUN" starttime="20220927 14:25:51.749" endtime="20220927 14:25:51.750"/>
</branch>
<branch type="ELSE">
<kw name="Set Suite Variable" library="BuiltIn">
<arg>${Status}</arg>
<arg>False</arg>
<doc>Makes a variable available everywhere within the scope of the current suite.</doc>
<msg timestamp="20220927 14:25:51.751" level="INFO">${Status} = False</msg>
<status status="PASS" starttime="20220927 14:25:51.750" endtime="20220927 14:25:51.751"/>
</kw>
<status status="PASS" starttime="20220927 14:25:51.750" endtime="20220927 14:25:51.751"/>
</branch>
<status status="PASS" starttime="20220927 14:25:51.748" endtime="20220927 14:25:51.751"/>
</if>
<kw name="Log To Console" library="BuiltIn">
<arg>${Status}</arg>
<doc>Logs the given message to the console.</doc>
<status status="PASS" starttime="20220927 14:25:51.751" endtime="20220927 14:25:51.752"/>
</kw>
<status status="PASS" starttime="20220927 14:25:50.181" endtime="20220927 14:25:51.752"/>
</kw>
<msg timestamp="20220927 14:25:51.752" level="INFO">${Status_1} = False</msg>
<msg timestamp="20220927 14:25:51.752" level="INFO">${message_1} = ข้อมูลตรวจสอบสิทธิของท่านไม่ถูกต้องกรุณาป้อนใหม่อีกครั้ง</msg>
<status status="PASS" starttime="20220927 14:25:50.178" endtime="20220927 14:25:51.752"/>
</kw>
<kw name="Set Variable If" library="BuiltIn">
<var>${Status_Actual}</var>
<arg>${i}&lt;=${excel.max_row}</arg>
<arg>${Status_1}</arg>
<doc>Sets variable based on the given condition.</doc>
<msg timestamp="20220927 14:25:51.754" level="INFO">${Status_Actual} = False</msg>
<status status="PASS" starttime="20220927 14:25:51.753" endtime="20220927 14:25:51.754"/>
</kw>
<kw name="Set Variable If" library="BuiltIn">
<var>${Status}</var>
<arg>'${Status_Actual}' == 'True'</arg>
<arg>PASS</arg>
<arg>FAIL</arg>
<doc>Sets variable based on the given condition.</doc>
<msg timestamp="20220927 14:25:51.755" level="INFO">${Status} = FAIL</msg>
<status status="PASS" starttime="20220927 14:25:51.754" endtime="20220927 14:25:51.755"/>
</kw>
<kw name="Run Keyword If" library="BuiltIn">
<arg>'${Status}' == 'FAIL'</arg>
<arg>Capture Page Screenshot</arg>
<arg>${EXECDIR}/Results/TC01_Student_Login/Screenshot/${testcaseData}.png</arg>
<doc>Runs the given keyword with the given arguments, if ``condition`` is true.</doc>
<kw name="Capture Page Screenshot" library="SeleniumLibrary">
<arg>${EXECDIR}/Results/TC01_Student_Login/Screenshot/${testcaseData}.png</arg>
<doc>Takes a screenshot of the current page and embeds it into a log file.</doc>
<msg timestamp="20220927 14:25:52.511" level="INFO" html="true">&lt;/td&gt;&lt;/tr&gt;&lt;tr&gt;&lt;td colspan="3"&gt;&lt;a href="Screenshot/TD005.png"&gt;&lt;img src="Screenshot/TD005.png" width="800px"&gt;&lt;/a&gt;</msg>
<status status="PASS" starttime="20220927 14:25:51.755" endtime="20220927 14:25:52.511"/>
</kw>
<status status="PASS" starttime="20220927 14:25:51.755" endtime="20220927 14:25:52.511"/>
</kw>
<kw name="Set Variable If" library="BuiltIn">
<var>${get_message}</var>
<arg>${i}&lt;=${excel.max_row}</arg>
<arg>${message_1}</arg>
<doc>Sets variable based on the given condition.</doc>
<msg timestamp="20220927 14:25:52.514" level="INFO">${get_message} = ข้อมูลตรวจสอบสิทธิของท่านไม่ถูกต้องกรุณาป้อนใหม่อีกครั้ง</msg>
<status status="PASS" starttime="20220927 14:25:52.512" endtime="20220927 14:25:52.515"/>
</kw>
<kw name="Set Variable If" library="BuiltIn">
<var>${Error}</var>
<arg>'${Status}' == 'FAIL'</arg>
<arg>Error</arg>
<arg>No Error</arg>
<doc>Sets variable based on the given condition.</doc>
<msg timestamp="20220927 14:25:52.516" level="INFO">${Error} = Error</msg>
<status status="PASS" starttime="20220927 14:25:52.515" endtime="20220927 14:25:52.516"/>
</kw>
<kw name="Set Variable If" library="BuiltIn">
<var>${Suggestion}</var>
<arg>'${Status}' == 'FAIL'</arg>
<arg>ควรมีการแจ้งเตือนให้ผู้ใช้งาน "${excel.cell(${i},4).value}"</arg>
<arg>-</arg>
<doc>Sets variable based on the given condition.</doc>
<msg timestamp="20220927 14:25:52.519" level="INFO">${Suggestion} = ควรมีการแจ้งเตือนให้ผู้ใช้งาน "“กรุณากรอกชื่อผู้ใช้โดยไม่เว้นช่องว่างระหว่างตัวอักษร”"</msg>
<status status="PASS" starttime="20220927 14:25:52.516" endtime="20220927 14:25:52.519"/>
</kw>
<kw name="Write Excel Cell" library="ExcelLibrary">
<arg>${i}</arg>
<arg>5</arg>
<arg>value=${get_message}</arg>
<arg>sheet_name=Sheet1</arg>
<doc>Writes value to the cell.</doc>
<status status="PASS" starttime="20220927 14:25:52.519" endtime="20220927 14:25:52.521"/>
</kw>
<kw name="Write Excel Cell" library="ExcelLibrary">
<arg>${i}</arg>
<arg>6</arg>
<arg>value=${Status}</arg>
<arg>sheet_name=Sheet1</arg>
<doc>Writes value to the cell.</doc>
<status status="PASS" starttime="20220927 14:25:52.521" endtime="20220927 14:25:52.523"/>
</kw>
<kw name="Write Excel Cell" library="ExcelLibrary">
<arg>${i}</arg>
<arg>7</arg>
<arg>value=${Error}</arg>
<arg>sheet_name=Sheet1</arg>
<doc>Writes value to the cell.</doc>
<status status="PASS" starttime="20220927 14:25:52.523" endtime="20220927 14:25:52.524"/>
</kw>
<kw name="Write Excel Cell" library="ExcelLibrary">
<arg>${i}</arg>
<arg>8</arg>
<arg>value=${Suggestion}</arg>
<arg>sheet_name=Sheet1</arg>
<doc>Writes value to the cell.</doc>
<status status="PASS" starttime="20220927 14:25:52.524" endtime="20220927 14:25:52.525"/>
</kw>
<status status="PASS" starttime="20220927 14:25:41.582" endtime="20220927 14:25:52.525"/>
</iter>
<iter>
<var name="${i}">7</var>
<kw name="Set Variable If" library="BuiltIn">
<var>${tcid}</var>
<arg>'${excel.cell(${i},1).value}'=='None'</arg>
<arg>${Empty}</arg>
<arg>${excel.cell(${i},1).value}</arg>
<doc>Sets variable based on the given condition.</doc>
<msg timestamp="20220927 14:25:52.530" level="INFO">${tcid} = TD006</msg>
<status status="PASS" starttime="20220927 14:25:52.526" endtime="20220927 14:25:52.530"/>
</kw>
<kw name="Set Suite Variable" library="BuiltIn">
<arg>${testcaseData}</arg>
<arg>${tcid}</arg>
[...]
</kw>
<status status="PASS" starttime="20220927 14:28:12.600" endtime="20220927 14:28:13.379"/>
</kw>
<kw name="Set Variable If" library="BuiltIn">
<var>${get_message}</var>
<arg>${i}&lt;=${excel.max_row}</arg>
<arg>${message_1}</arg>
<doc>Sets variable based on the given condition.</doc>
<msg timestamp="20220927 14:28:13.381" level="INFO">${get_message} = ข้อมูลตรวจสอบสิทธิของท่านไม่ถูกต้องกรุณาป้อนใหม่อีกครั้ง</msg>
<status status="PASS" starttime="20220927 14:28:13.379" endtime="20220927 14:28:13.381"/>
</kw>
<kw name="Set Variable If" library="BuiltIn">
<var>${Error}</var>
<arg>'${Status}' == 'FAIL'</arg>
<arg>Error</arg>
<arg>No Error</arg>
<doc>Sets variable based on the given condition.</doc>
<msg timestamp="20220927 14:28:13.381" level="INFO">${Error} = Error</msg>
<status status="PASS" starttime="20220927 14:28:13.381" endtime="20220927 14:28:13.381"/>
</kw>
<kw name="Set Variable If" library="BuiltIn">
<var>${Suggestion}</var>
<arg>'${Status}' == 'FAIL'</arg>
<arg>ควรมีการแจ้งเตือนให้ผู้ใช้งาน "${excel.cell(${i},4).value}"</arg>
<arg>-</arg>
<doc>Sets variable based on the given condition.</doc>
<msg timestamp="20220927 14:28:13.383" level="INFO">${Suggestion} = ควรมีการแจ้งเตือนให้ผู้ใช้งาน "ระบบจะแสดงข้อความ“กรุณากรอกรหัสผ่านให้มีขนาดความยาวตั้งแต่ 8-16 ตัวอักษร”"</msg>
<status status="PASS" starttime="20220927 14:28:13.381" endtime="20220927 14:28:13.383"/>
</kw>
<kw name="Write Excel Cell" library="ExcelLibrary">
<arg>${i}</arg>
<arg>5</arg>
<arg>value=${get_message}</arg>
<arg>sheet_name=Sheet1</arg>
<doc>Writes value to the cell.</doc>
<status status="PASS" starttime="20220927 14:28:13.383" endtime="20220927 14:28:13.384"/>
</kw>
<kw name="Write Excel Cell" library="ExcelLibrary">
<arg>${i}</arg>
<arg>6</arg>
<arg>value=${Status}</arg>
<arg>sheet_name=Sheet1</arg>
<doc>Writes value to the cell.</doc>
<status status="PASS" starttime="20220927 14:28:13.384" endtime="20220927 14:28:13.384"/>
</kw>
<kw name="Write Excel Cell" library="ExcelLibrary">
<arg>${i}</arg>
<arg>7</arg>
<arg>value=${Error}</arg>
<arg>sheet_name=Sheet1</arg>
<doc>Writes value to the cell.</doc>
<status status="PASS" starttime="20220927 14:28:13.384" endtime="20220927 14:28:13.385"/>
</kw>
<kw name="Write Excel Cell" library="ExcelLibrary">
<arg>${i}</arg>
<arg>8</arg>
<arg>value=${Suggestion}</arg>
<arg>sheet_name=Sheet1</arg>
<doc>Writes value to the cell.</doc>
<status status="PASS" starttime="20220927 14:28:13.385" endtime="20220927 14:28:13.386"/>
</kw>
<status status="PASS" starttime="20220927 14:28:02.542" endtime="20220927 14:28:13.386"/>
</iter>
<iter>
<var name="${i}">20</var>
<kw name="Set Variable If" library="BuiltIn">
<var>${tcid}</var>
<arg>'${excel.cell(${i},1).value}'=='None'</arg>
<arg>${Empty}</arg>
<arg>${excel.cell(${i},1).value}</arg>
<doc>Sets variable based on the given condition.</doc>
<msg timestamp="20220927 14:28:13.388" level="INFO">${tcid} = TD019</msg>
<status status="PASS" starttime="20220927 14:28:13.386" endtime="20220927 14:28:13.388"/>
</kw>
<kw name="Set Suite Variable" library="BuiltIn">
<arg>${testcaseData}</arg>
<arg>${tcid}</arg>
<doc>Makes a variable available everywhere within the scope of the current suite.</doc>
<msg timestamp="20220927 14:28:13.389" level="INFO">${testcaseData} = TD019</msg>
<status status="PASS" starttime="20220927 14:28:13.389" endtime="20220927 14:28:13.389"/>
</kw>
<kw name="Set Variable If" library="BuiltIn">
<var>${user}</var>
<arg>'${excel.cell(${i},2).value}'=='None'</arg>
<arg>${Empty}</arg>
<arg>${excel.cell(${i},2).value}</arg>
<doc>Sets variable based on the given condition.</doc>
<msg timestamp="20220927 14:28:13.392" level="INFO">${user} = mju6204106306</msg>
<status status="PASS" starttime="20220927 14:28:13.389" endtime="20220927 14:28:13.392"/>
</kw>
<kw name="Set Variable If" library="BuiltIn">
<var>${pass}</var>
<arg>'${excel.cell(${i},3).value}'=='None'</arg>
<arg>${Empty}</arg>
<arg>${excel.cell(${i},3).value}</arg>
<doc>Sets variable based on the given condition.</doc>
<msg timestamp="20220927 14:28:13.394" level="INFO">${pass} = MJU62000000125476</msg>
<status status="PASS" starttime="20220927 14:28:13.392" endtime="20220927 14:28:13.394"/>
</kw>
<if>
<branch type="IF" condition="${i} &gt;= 3">
<kw name="Go To" library="SeleniumLibrary">
<arg>${Search_URL}</arg>
<doc>Navigates the current browser window to the provided ``url``.</doc>
<msg timestamp="20220927 14:28:13.395" level="INFO">Opening url 'http://localhost:13385/MJUDormLeaveForm/'</msg>
<status status="PASS" starttime="20220927 14:28:13.394" endtime="20220927 14:28:14.283"/>
</kw>
<status status="PASS" starttime="20220927 14:28:13.394" endtime="20220927 14:28:14.283"/>
</branch>
<status status="PASS" starttime="20220927 14:28:13.394" endtime="20220927 14:28:14.283"/>
</if>
<kw name="Loging Page">
<arg>${user}</arg>
<arg>${pass}</arg>
<kw name="Click Element" library="SeleniumLibrary">
<arg>${Cilck_Login}</arg>
<doc>Click the element identified by ``locator``.</doc>
<msg timestamp="20220927 14:28:14.286" level="INFO">Clicking element '//a[contains(text(),'เข้าสู่ระบบ')]'.</msg>
<status status="PASS" starttime="20220927 14:28:14.285" endtime="20220927 14:28:16.208"/>
</kw>
<kw name="Click Element" library="SeleniumLibrary">
<arg>${student}</arg>
<doc>Click the element identified by ``locator``.</doc>
<msg timestamp="20220927 14:28:16.210" level="INFO">Clicking element '//label[contains(text(),'นักศึกษา')]'.</msg>
<status status="PASS" starttime="20220927 14:28:16.209" endtime="20220927 14:28:17.304"/>
</kw>
<kw name="Input Text" library="SeleniumLibrary">
<arg>${student_Username}</arg>
<arg>${username}</arg>
<doc>Types the given ``text`` into the text field identified by ``locator``.</doc>
<msg timestamp="20220927 14:28:17.306" level="INFO">Typing text 'mju6204106306' into text field '//input[@id='TextBoxLoginName']'.</msg>
<status status="PASS" starttime="20220927 14:28:17.304" endtime="20220927 14:28:19.015"/>
</kw>
<kw name="Input Text" library="SeleniumLibrary">
<arg>${student_Password}</arg>
<arg>${password}</arg>
<doc>Types the given ``text`` into the text field identified by ``locator``.</doc>
<msg timestamp="20220927 14:28:19.016" level="INFO">Typing text 'MJU62000000125476' into text field '//input[@id='TextBoxPassword']'.</msg>
<status status="PASS" starttime="20220927 14:28:19.015" endtime="20220927 14:28:20.797"/>
</kw>
<kw name="Click Element" library="SeleniumLibrary">
<arg>${Cilck_Button}</arg>
<doc>Click the element identified by ``locator``.</doc>
<msg timestamp="20220927 14:28:20.798" level="INFO">Clicking element '//a[@id='LinkButtonLogin']'.</msg>
<status status="PASS" starttime="20220927 14:28:20.797" endtime="20220927 14:28:21.897"/>
</kw>
<status status="PASS" starttime="20220927 14:28:14.284" endtime="20220927 14:28:21.897"/>
</kw>
<kw name="Run Keyword If" library="BuiltIn">
<var>${Status_1}</var>
<var>${message_1}</var>
<arg>${i}&lt;=${excel.max_row}</arg>
<arg>Check Error page</arg>
<arg>${excel.cell(${i},4).value}</arg>
<doc>Runs the given keyword with the given arguments, if ``condition`` is true.</doc>
<kw name="Check Error page">
<arg>${excel.cell(${i},4).value}</arg>
<kw name="Log To Console" library="BuiltIn">
<arg>${testcaseData}</arg>
<doc>Logs the given message to the console.</doc>
<status status="PASS" starttime="20220927 14:28:21.901" endtime="20220927 14:28:21.902"/>
</kw>
<if>
<branch type="IF" condition="&quot;${testcaseData}&quot; == &quot;TD001&quot;">
<kw name="Check Page Login">
<var>${message1}</var>
<arg>${Home_page}</arg>
<status status="NOT RUN" starttime="20220927 14:28:21.903" endtime="20220927 14:28:21.903"/>
</kw>
<kw name="Convert To String" library="BuiltIn">
<var>${message}</var>
<arg>${message1}</arg>
<doc>Converts the given item to a Unicode string.</doc>
<status status="NOT RUN" starttime="20220927 14:28:21.903" endtime="20220927 14:28:21.903"/>
</kw>
<status status="NOT RUN" starttime="20220927 14:28:21.902" endtime="20220927 14:28:21.903"/>
</branch>
<branch type="ELSE IF" condition="&quot; ${testcaseData}&quot; == &quot;TD014&quot;">
<kw name="Check Page Login">
<var>${message1}</var>
<arg>${Home_page}</arg>
<status status="NOT RUN" starttime="20220927 14:28:21.904" endtime="20220927 14:28:21.904"/>
</kw>
<kw name="Convert To String" library="BuiltIn">
<var>${message}</var>
<arg>${message1}</arg>
<doc>Converts the given item to a Unicode string.</doc>
<status status="NOT RUN" starttime="20220927 14:28:21.904" endtime="20220927 14:28:21.905"/>
</kw>
<status status="NOT RUN" starttime="20220927 14:28:21.904" endtime="20220927 14:28:21.905"/>
</branch>
<branch type="ELSE IF" condition="&quot; ${testcaseData}&quot; == &quot;TD015&quot;">
<kw name="Check Page Login">
<var>${message1}</var>
<arg>${Home_page}</arg>
<status status="NOT RUN" starttime="20220927 14:28:21.905" endtime="20220927 14:28:21.905"/>
</kw>
<kw name="Convert To String" library="BuiltIn">
<var>${message}</var>
<arg>${message1}</arg>
<doc>Converts the given item to a Unicode string.</doc>
<status status="NOT RUN" starttime="20220927 14:28:21.906" endtime="20220927 14:28:21.906"/>
</kw>
<status status="NOT RUN" starttime="20220927 14:28:21.905" endtime="20220927 14:28:21.906"/>
</branch>
<branch type="ELSE IF" condition="&quot; ${testcaseData}&quot; == &quot;TD016&quot;">
<kw name="Check Page Login">
<var>${message1}</var>
<arg>${Home_page}</arg>
<status status="NOT RUN" starttime="20220927 14:28:21.906" endtime="20220927 14:28:21.906"/>
</kw>
<kw name="Convert To String" library="BuiltIn">
<var>${message}</var>
<arg>${message1}</arg>
<doc>Converts the given item to a Unicode string.</doc>
<status status="NOT RUN" starttime="20220927 14:28:21.907" endtime="20220927 14:28:21.907"/>
</kw>
<status status="NOT RUN" starttime="20220927 14:28:21.906" endtime="20220927 14:28:21.907"/>
</branch>
<branch type="ELSE IF" condition="&quot; ${testcaseData}&quot; == &quot;TD017&quot;">
<kw name="Check Page Login">
<var>${message1}</var>
<arg>${Home_page}</arg>
<status status="NOT RUN" starttime="20220927 14:28:21.907" endtime="20220927 14:28:21.907"/>
</kw>
<kw name="Convert To String" library="BuiltIn">
<var>${message}</var>
<arg>${message1}</arg>
<doc>Converts the given item to a Unicode string.</doc>
<status status="NOT RUN" starttime="20220927 14:28:21.908" endtime="20220927 14:28:21.908"/>
</kw>
<status status="NOT RUN" starttime="20220927 14:28:21.907" endtime="20220927 14:28:21.908"/>
</branch>
<branch type="ELSE">
<kw name="Run Keyword And Return Status" library="BuiltIn">
<var>${checkVisible}</var>
<arg>Page Should Contain Element</arg>
<arg>${text_alert}</arg>
<doc>Runs the given keyword with given arguments and returns the status as a Boolean value.</doc>
<kw name="Page Should Contain Element" library="SeleniumLibrary">
<arg>${text_alert}</arg>
<doc>Verifies that element ``locator`` is found on the current page.</doc>
<msg timestamp="20220927 14:28:22.441" level="INFO">Current page contains element '//span[@id='LabelWarning']'.</msg>
<status status="PASS" starttime="20220927 14:28:21.909" endtime="20220927 14:28:22.441"/>
</kw>
<msg timestamp="20220927 14:28:22.441" level="INFO">${checkVisible} = True</msg>
<status status="PASS" starttime="20220927 14:28:21.909" endtime="20220927 14:28:22.441"/>
</kw>
<if>
<branch type="IF" condition="'${checkVisible}' == 'True'">
<kw name="Get Text" library="SeleniumLibrary">
<var>${message}</var>
<arg>${text_alert}</arg>
<doc>Returns the text value of the element identified by ``locator``.</doc>
<msg timestamp="20220927 14:28:23.483" level="INFO">${message} = ข้อมูลตรวจสอบสิทธิของท่านไม่ถูกต้องกรุณาป้อนใหม่อีกครั้ง</msg>
<status status="PASS" starttime="20220927 14:28:22.443" endtime="20220927 14:28:23.483"/>
</kw>
<status status="PASS" starttime="20220927 14:28:22.442" endtime="20220927 14:28:23.483"/>
</branch>
<status status="PASS" starttime="20220927 14:28:22.442" endtime="20220927 14:28:23.483"/>
</if>
<status status="PASS" starttime="20220927 14:28:21.908" endtime="20220927 14:28:23.483"/>
</branch>
<status status="PASS" starttime="20220927 14:28:21.902" endtime="20220927 14:28:23.483"/>
</if>
<if>
<branch type="IF" condition="'${Actual_Result.strip()}' == '${message.strip()}'">
<kw name="Set Suite Variable" library="BuiltIn">
<arg>${Status}</arg>
<arg>True</arg>
<doc>Makes a variable available everywhere within the scope of the current suite.</doc>
<status status="NOT RUN" starttime="20220927 14:28:23.486" endtime="20220927 14:28:23.486"/>
</kw>
<status status="NOT RUN" starttime="20220927 14:28:23.485" endtime="20220927 14:28:23.486"/>
</branch>
<branch type="ELSE">
<kw name="Set Suite Variable" library="BuiltIn">
<arg>${Status}</arg>
<arg>False</arg>
<doc>Makes a variable available everywhere within the scope of the current suite.</doc>
<msg timestamp="20220927 14:28:23.487" level="INFO">${Status} = False</msg>
<status status="PASS" starttime="20220927 14:28:23.486" endtime="20220927 14:28:23.487"/>
</kw>
<status status="PASS" starttime="20220927 14:28:23.486" endtime="20220927 14:28:23.487"/>
</branch>
<status status="PASS" starttime="20220927 14:28:23.483" endtime="20220927 14:28:23.487"/>
</if>
<kw name="Log To Console" library="BuiltIn">
<arg>${Status}</arg>
<doc>Logs the given message to the console.</doc>
<status status="PASS" starttime="20220927 14:28:23.487" endtime="20220927 14:28:23.488"/>
</kw>
<status status="PASS" starttime="20220927 14:28:21.899" endtime="20220927 14:28:23.489"/>
</kw>
<msg timestamp="20220927 14:28:23.489" level="INFO">${Status_1} = False</msg>
<msg timestamp="20220927 14:28:23.489" level="INFO">${message_1} = ข้อมูลตรวจสอบสิทธิของท่านไม่ถูกต้องกรุณาป้อนใหม่อีกครั้ง</msg>
<status status="PASS" starttime="20220927 14:28:21.898" endtime="20220927 14:28:23.489"/>
</kw>
<kw name="Set Variable If" library="BuiltIn">
<var>${Status_Actual}</var>
<arg>${i}&lt;=${excel.max_row}</arg>
<arg>${Status_1}</arg>
<doc>Sets variable based on the given condition.</doc>
<msg timestamp="20220927 14:28:23.493" level="INFO">${Status_Actual} = False</msg>
<status status="PASS" starttime="20220927 14:28:23.490" endtime="20220927 14:28:23.493"/>
</kw>
<kw name="Set Variable If" library="BuiltIn">
<var>${Status}</var>
<arg>'${Status_Actual}' == 'True'</arg>
<arg>PASS</arg>
<arg>FAIL</arg>
<doc>Sets variable based on the given condition.</doc>
<msg timestamp="20220927 14:28:23.495" level="INFO">${Status} = FAIL</msg>
<status status="PASS" starttime="20220927 14:28:23.494" endtime="20220927 14:28:23.495"/>
</kw>
<kw name="Run Keyword If" library="BuiltIn">
<arg>'${Status}' == 'FAIL'</arg>
<arg>Capture Page Screenshot</arg>
<arg>${EXECDIR}/Results/TC01_Student_Login/Screenshot/${testcaseData}.png</arg>
<doc>Runs the given keyword with the given arguments, if ``condition`` is true.</doc>
<kw name="Capture Page Screenshot" library="SeleniumLibrary">
<arg>${EXECDIR}/Results/TC01_Student_Login/Screenshot/${testcaseData}.png</arg>
<doc>Takes a screenshot of the current page and embeds it into a log file.</doc>
<msg timestamp="20220927 14:28:24.268" level="INFO" html="true">&lt;/td&gt;&lt;/tr&gt;&lt;tr&gt;&lt;td colspan="3"&gt;&lt;a href="Screenshot/TD019.png"&gt;&lt;img src="Screenshot/TD019.png" width="800px"&gt;&lt;/a&gt;</msg>
<status status="PASS" starttime="20220927 14:28:23.496" endtime="20220927 14:28:24.269"/>
</kw>
<status status="PASS" starttime="20220927 14:28:23.495" endtime="20220927 14:28:24.269"/>
</kw>
<kw name="Set Variable If" library="BuiltIn">
<var>${get_message}</var>
<arg>${i}&lt;=${excel.max_row}</arg>
<arg>${message_1}</arg>
<doc>Sets variable based on the given condition.</doc>
<msg timestamp="20220927 14:28:24.273" level="INFO">${get_message} = ข้อมูลตรวจสอบสิทธิของท่านไม่ถูกต้องกรุณาป้อนใหม่อีกครั้ง</msg>
<status status="PASS" starttime="20220927 14:28:24.270" endtime="20220927 14:28:24.273"/>
</kw>
<kw name="Set Variable If" library="BuiltIn">
<var>${Error}</var>
<arg>'${Status}' == 'FAIL'</arg>
<arg>Error</arg>
<arg>No Error</arg>
<doc>Sets variable based on the given condition.</doc>
<msg timestamp="20220927 14:28:24.275" level="INFO">${Error} = Error</msg>
<status status="PASS" starttime="20220927 14:28:24.274" endtime="20220927 14:28:24.275"/>
</kw>
<kw name="Set Variable If" library="BuiltIn">
<var>${Suggestion}</var>
<arg>'${Status}' == 'FAIL'</arg>
<arg>ควรมีการแจ้งเตือนให้ผู้ใช้งาน "${excel.cell(${i},4).value}"</arg>
<arg>-</arg>
<doc>Sets variable based on the given condition.</doc>
<msg timestamp="20220927 14:28:24.279" level="INFO">${Suggestion} = ควรมีการแจ้งเตือนให้ผู้ใช้งาน "ระบบจะแสดงข้อความ“กรุณากรอกรหัสผ่านให้มีขนาดความยาวไม่เกิน16 ตัวอักษร”"</msg>
<status status="PASS" starttime="20220927 14:28:24.276" endtime="20220927 14:28:24.279"/>
</kw>
<kw name="Write Excel Cell" library="ExcelLibrary">
<arg>${i}</arg>
<arg>5</arg>
<arg>value=${get_message}</arg>
<arg>sheet_name=Sheet1</arg>
<doc>Writes value to the cell.</doc>
<status status="PASS" starttime="20220927 14:28:24.279" endtime="20220927 14:28:24.281"/>
</kw>
<kw name="Write Excel Cell" library="ExcelLibrary">
<arg>${i}</arg>
<arg>6</arg>
<arg>value=${Status}</arg>
<arg>sheet_name=Sheet1</arg>
<doc>Writes value to the cell.</doc>
<status status="PASS" starttime="20220927 14:28:24.282" endtime="20220927 14:28:24.283"/>
</kw>
<kw name="Write Excel Cell" library="ExcelLibrary">
<arg>${i}</arg>
<arg>7</arg>
<arg>value=${Error}</arg>
<arg>sheet_name=Sheet1</arg>
<doc>Writes value to the cell.</doc>
<status status="PASS" starttime="20220927 14:28:24.284" endtime="20220927 14:28:24.285"/>
</kw>
<kw name="Write Excel Cell" library="ExcelLibrary">
<arg>${i}</arg>
<arg>8</arg>
<arg>value=${Suggestion}</arg>
<arg>sheet_name=Sheet1</arg>
<doc>Writes value to the cell.</doc>
<status status="PASS" starttime="20220927 14:28:24.285" endtime="20220927 14:28:24.287"/>
</kw>
<status status="PASS" starttime="20220927 14:28:13.386" endtime="20220927 14:28:24.287"/>
</iter>
<status status="PASS" starttime="20220927 14:24:56.159" endtime="20220927 14:28:24.287"/>
</for>
<kw name="Save Excel Document" library="ExcelLibrary">
<arg>Results/WriteExcel/TC01_Student_Login.xlsx</arg>
<doc>Saves the current document to disk.</doc>
<status status="PASS" starttime="20220927 14:28:24.294" endtime="20220927 14:28:24.422"/>
</kw>
<kw name="Close All Excel Documents" library="ExcelLibrary">
<doc>Closes all opened documents.</doc>
<status status="PASS" starttime="20220927 14:28:24.423" endtime="20220927 14:28:24.424"/>
</kw>
<kw name="Close Browser" library="SeleniumLibrary">
<doc>Closes the current browser.</doc>
<status status="PASS" starttime="20220927 14:28:24.424" endtime="20220927 14:28:27.158"/>
</kw>
<kw name="Stop Video Recording" library="ScreenCapLibrary">
<arg>alias=None</arg>
<doc>Stops the video recording corresponding to the given ``alias`` and generates the file in WebM format. If no
``alias`` is specified, the last opened recording will be closed. If there are more recordings with the same
alias all of them will be closed. If ``embed`` argument was set to
``True`` the video will be displayed in the log file.
Furthermore, if the ``save_to_disk`` parameter is set to ``False``, the video will be embedded and available in
the log file only.</doc>
<msg timestamp="20220927 14:28:27.230" level="INFO" html="true">&lt;a href="TC01%20Student%20Login_1.webm"&gt;&lt;video width="100px" autoplay&gt;&lt;source src="TC01%20Student%20Login_1.webm" type="video/webm"&gt;&lt;/video&gt;&lt;/a&gt;</msg>
<status status="PASS" starttime="20220927 14:28:27.159" endtime="20220927 14:28:27.230"/>
</kw>
<status status="PASS" starttime="20220927 14:24:50.546" endtime="20220927 14:28:27.231"/>
</test>
<status status="PASS" starttime="20220927 14:24:48.266" endtime="20220927 14:28:27.234"/>
</suite>
<statistics>
<total>
<stat pass="1" fail="0" skip="0">All Tests</stat>
</total>
<tag>
</tag>
<suite>
<stat pass="1" fail="0" skip="0" id="s1" name="TC01 Student Login">TC01 Student Login</stat>
</suite>
</statistics>
<errors>
</errors>
</robot>
